#
# There is insufficient memory for the Java Runtime Environment to continue.
# Native memory allocation (malloc) failed to allocate 1458416 bytes. Error detail: Chunk::new
# Possible reasons:
#   The system is out of physical RAM or swap space
#   This process is running with CompressedOops enabled, and the Java Heap may be blocking the growth of the native heap
# Possible solutions:
#   Reduce memory load on the system
#   Increase physical memory or swap space
#   Check if swap backing store is full
#   Decrease Java heap size (-Xmx/-Xms)
#   Decrease number of Java threads
#   Decrease Java thread stack sizes (-Xss)
#   Set larger code cache with -XX:ReservedCodeCacheSize=
#   JVM is running with Unscaled Compressed Oops mode in which the Java heap is
#     placed in the first 4GB address space. The Java Heap base address is the
#     maximum limit for the native heap growth. Please use -XX:HeapBaseMinAddress
#     to set the Java Heap base and to place the Java Heap above 4GB virtual address.
# This output file may be truncated or incomplete.
#
#  Out of Memory Error (arena.cpp:168), pid=23488, tid=2912
#
# JRE version: OpenJDK Runtime Environment Temurin-21.0.8+9 (21.0.8+9) (build 21.0.8+9-LTS)
# Java VM: OpenJDK 64-Bit Server VM Temurin-21.0.8+9 (21.0.8+9-LTS, mixed mode, sharing, tiered, compressed oops, compressed class ptrs, parallel gc, windows-amd64)
# No core dump will be written. Minidumps are not enabled by default on client versions of Windows
#

---------------  S U M M A R Y ------------

Command Line: --add-modules=ALL-SYSTEM --add-opens=java.base/java.util=ALL-UNNAMED --add-opens=java.base/java.lang=ALL-UNNAMED --add-opens=java.base/sun.nio.fs=ALL-UNNAMED -Declipse.application=org.eclipse.jdt.ls.core.id1 -Dosgi.bundles.defaultStartLevel=4 -Declipse.product=org.eclipse.jdt.ls.core.product -Djava.import.generatesMetadataFilesAtProjectRoot=false -DDetectVMInstallationsJob.disabled=true -Dfile.encoding=utf8 -XX:+UseParallelGC -XX:GCTimeRatio=4 -XX:AdaptiveSizePolicyWeight=90 -Dsun.zip.disableMemoryMapping=true -Xmx2G -Xms100m -Xlog:disable -javaagent:c:\Users\l1816\.cursor\extensions\redhat.java-1.46.0-win32-x64\lombok\lombok-1.18.39-4050.jar -XX:+HeapDumpOnOutOfMemoryError -XX:HeapDumpPath=c:\Users\l1816\AppData\Roaming\Cursor\User\workspaceStorage\9a9c6f2e96041c0e531f48a2dc2e720c\redhat.java -Daether.dependencyCollector.impl=bf c:\Users\l1816\.cursor\extensions\redhat.java-1.46.0-win32-x64\server\plugins\org.eclipse.equinox.launcher_1.7.0.v20250519-0528.jar -configuration c:\Users\l1816\AppData\Roaming\Cursor\User\globalStorage\redhat.java\1.46.0\config_win -data c:\Users\l1816\AppData\Roaming\Cursor\User\workspaceStorage\9a9c6f2e96041c0e531f48a2dc2e720c\redhat.java\jdt_ws --pipe=\\.\pipe\lsp-3a4c780b2690c0d4b15f3d01239acda3-sock

Host: 12th Gen Intel(R) Core(TM) i7-12700H, 20 cores, 15G,  Windows 11 , 64 bit Build 26100 (10.0.26100.7019)
Time: Thu Dec 25 10:27:57 2025 elapsed time: 68.026923 seconds (0d 0h 1m 8s)

---------------  T H R E A D  ---------------

Current thread (0x00000281dc84dbc0):  JavaThread "C2 CompilerThread0" daemon [_thread_in_native, id=2912, stack(0x000000a494a00000,0x000000a494b00000) (1024K)]


Current CompileTask:
C2:68027 4519       4       org.lombokweb.asm.ClassReader::readMethod (1070 bytes)

Stack: [0x000000a494a00000,0x000000a494b00000]
Native frames: (J=compiled Java code, j=interpreted, Vv=VM code, C=native code)
V  [jvm.dll+0x6d2449]
V  [jvm.dll+0x8ae341]
V  [jvm.dll+0x8b08be]
V  [jvm.dll+0x8b0fa3]
V  [jvm.dll+0x280c96]
V  [jvm.dll+0xc581d]
V  [jvm.dll+0xc5d53]
V  [jvm.dll+0x3b9162]
V  [jvm.dll+0x385315]
V  [jvm.dll+0x38477a]
V  [jvm.dll+0x248ed0]
V  [jvm.dll+0x2484af]
V  [jvm.dll+0x1c89ee]
V  [jvm.dll+0x257d4d]
V  [jvm.dll+0x2562ea]
V  [jvm.dll+0x3f2d16]
V  [jvm.dll+0x857e6b]
V  [jvm.dll+0x6d0b0d]
C  [ucrtbase.dll+0x37b0]
C  [KERNEL32.DLL+0x2e8d7]
C  [ntdll.dll+0x8c53c]


---------------  P R O C E S S  ---------------

Threads class SMR info:
_java_thread_list=0x00000281e5766480, length=24, elements={
0x0000028183aacc80, 0x0000028183a40940, 0x00000281dc839cb0, 0x00000281dc83d9c0,
0x00000281dc8407a0, 0x00000281dc8411f0, 0x00000281dc845f70, 0x00000281dc84dbc0,
0x00000281dc84fab0, 0x00000281dc93ef50, 0x00000281de766a20, 0x00000281deed1fc0,
0x00000281e33e7c00, 0x00000281dee8dcf0, 0x00000281dee8e350, 0x00000281e3b2dcc0,
0x00000281e3529500, 0x00000281dee656c0, 0x00000281dee67e20, 0x00000281dee684b0,
0x00000281dee68b40, 0x00000281e48d7050, 0x00000281debe1f60, 0x00000281dee65d50
}

Java Threads: ( => current thread )
  0x0000028183aacc80 JavaThread "main"                              [_thread_blocked, id=3192, stack(0x000000a494000000,0x000000a494100000) (1024K)]
  0x0000028183a40940 JavaThread "Reference Handler"          daemon [_thread_blocked, id=13284, stack(0x000000a494400000,0x000000a494500000) (1024K)]
  0x00000281dc839cb0 JavaThread "Finalizer"                  daemon [_thread_blocked, id=1976, stack(0x000000a494500000,0x000000a494600000) (1024K)]
  0x00000281dc83d9c0 JavaThread "Signal Dispatcher"          daemon [_thread_blocked, id=3152, stack(0x000000a494600000,0x000000a494700000) (1024K)]
  0x00000281dc8407a0 JavaThread "Attach Listener"            daemon [_thread_blocked, id=8876, stack(0x000000a494700000,0x000000a494800000) (1024K)]
  0x00000281dc8411f0 JavaThread "Service Thread"             daemon [_thread_blocked, id=2488, stack(0x000000a494800000,0x000000a494900000) (1024K)]
  0x00000281dc845f70 JavaThread "Monitor Deflation Thread"   daemon [_thread_blocked, id=20284, stack(0x000000a494900000,0x000000a494a00000) (1024K)]
=>0x00000281dc84dbc0 JavaThread "C2 CompilerThread0"         daemon [_thread_in_native, id=2912, stack(0x000000a494a00000,0x000000a494b00000) (1024K)]
  0x00000281dc84fab0 JavaThread "C1 CompilerThread0"         daemon [_thread_blocked, id=11836, stack(0x000000a494b00000,0x000000a494c00000) (1024K)]
  0x00000281dc93ef50 JavaThread "Common-Cleaner"             daemon [_thread_blocked, id=15396, stack(0x000000a494c00000,0x000000a494d00000) (1024K)]
  0x00000281de766a20 JavaThread "Notification Thread"        daemon [_thread_blocked, id=13832, stack(0x000000a495100000,0x000000a495200000) (1024K)]
  0x00000281deed1fc0 JavaThread "Active Thread: Equinox Container: 2d25098f-bf99-43f0-b782-5b07efea97a4"        [_thread_blocked, id=19284, stack(0x000000a494f00000,0x000000a495000000) (1024K)]
  0x00000281e33e7c00 JavaThread "Refresh Thread: Equinox Container: 2d25098f-bf99-43f0-b782-5b07efea97a4" daemon [_thread_blocked, id=21976, stack(0x000000a494d00000,0x000000a494e00000) (1024K)]
  0x00000281dee8dcf0 JavaThread "Framework Event Dispatcher: Equinox Container: 2d25098f-bf99-43f0-b782-5b07efea97a4" daemon [_thread_blocked, id=26744, stack(0x000000a494e00000,0x000000a494f00000) (1024K)]
  0x00000281dee8e350 JavaThread "Start Level: Equinox Container: 2d25098f-bf99-43f0-b782-5b07efea97a4" daemon [_thread_in_native, id=27088, stack(0x000000a495000000,0x000000a495100000) (1024K)]
  0x00000281e3b2dcc0 JavaThread "Bundle File Closer"         daemon [_thread_blocked, id=1924, stack(0x000000a495e00000,0x000000a495f00000) (1024K)]
  0x00000281e3529500 JavaThread "SCR Component Actor"        daemon [_thread_blocked, id=28052, stack(0x000000a493d00000,0x000000a493e00000) (1024K)]
  0x00000281dee656c0 JavaThread "Worker-JM"                         [_thread_blocked, id=23264, stack(0x000000a493f00000,0x000000a494000000) (1024K)]
  0x00000281dee67e20 JavaThread "JNA Cleaner"                daemon [_thread_blocked, id=22928, stack(0x000000a496200000,0x000000a496300000) (1024K)]
  0x00000281dee684b0 JavaThread "Worker-0: Repository registry initialization"        [_thread_in_native, id=5504, stack(0x000000a496300000,0x000000a496400000) (1024K)]
  0x00000281dee68b40 JavaThread "Worker-1"                          [_thread_blocked, id=24120, stack(0x000000a496400000,0x000000a496500000) (1024K)]
  0x00000281e48d7050 JavaThread "C2 CompilerThread1"         daemon [_thread_in_native, id=17936, stack(0x000000a496500000,0x000000a496600000) (1024K)]
  0x00000281debe1f60 JavaThread "C2 CompilerThread2"         daemon [_thread_blocked, id=17816, stack(0x000000a496700000,0x000000a496800000) (1024K)]
  0x00000281dee65d50 JavaThread "Worker-2"                          [_thread_blocked, id=28956, stack(0x000000a496800000,0x000000a496900000) (1024K)]
Total: 24

Other Threads:
  0x0000028183a34970 VMThread "VM Thread"                           [id=12856, stack(0x000000a494300000,0x000000a494400000) (1024K)]
  0x000002818392ba00 WatcherThread "VM Periodic Task Thread"        [id=18292, stack(0x000000a494200000,0x000000a494300000) (1024K)]
  0x0000028183acb260 WorkerThread "GC Thread#0"                     [id=27932, stack(0x000000a494100000,0x000000a494200000) (1024K)]
  0x00000281e3163440 WorkerThread "GC Thread#1"                     [id=14172, stack(0x000000a495300000,0x000000a495400000) (1024K)]
  0x00000281ded3a2c0 WorkerThread "GC Thread#2"                     [id=22048, stack(0x000000a495400000,0x000000a495500000) (1024K)]
  0x00000281ded3a660 WorkerThread "GC Thread#3"                     [id=17032, stack(0x000000a495500000,0x000000a495600000) (1024K)]
  0x00000281ded3aa00 WorkerThread "GC Thread#4"                     [id=2356, stack(0x000000a495600000,0x000000a495700000) (1024K)]
  0x00000281e339ae90 WorkerThread "GC Thread#5"                     [id=23104, stack(0x000000a495700000,0x000000a495800000) (1024K)]
  0x00000281e339b230 WorkerThread "GC Thread#6"                     [id=11740, stack(0x000000a495800000,0x000000a495900000) (1024K)]
  0x00000281e3530970 WorkerThread "GC Thread#7"                     [id=22648, stack(0x000000a495200000,0x000000a495300000) (1024K)]
  0x00000281e352fe90 WorkerThread "GC Thread#8"                     [id=20392, stack(0x000000a495900000,0x000000a495a00000) (1024K)]
  0x00000281e3530230 WorkerThread "GC Thread#9"                     [id=3964, stack(0x000000a495a00000,0x000000a495b00000) (1024K)]
  0x00000281e352f010 WorkerThread "GC Thread#10"                    [id=2940, stack(0x000000a495b00000,0x000000a495c00000) (1024K)]
  0x00000281e352f3b0 WorkerThread "GC Thread#11"                    [id=5392, stack(0x000000a495c00000,0x000000a495d00000) (1024K)]
  0x00000281e352f750 WorkerThread "GC Thread#12"                    [id=22940, stack(0x000000a495d00000,0x000000a495e00000) (1024K)]
  0x00000281e352faf0 WorkerThread "GC Thread#13"                    [id=29344, stack(0x000000a493e00000,0x000000a493f00000) (1024K)]
  0x00000281e35a38c0 WorkerThread "GC Thread#14"                    [id=20084, stack(0x000000a496000000,0x000000a496100000) (1024K)]
Total: 17

Threads with active compile tasks:
C2 CompilerThread0  71241 4519       4       org.lombokweb.asm.ClassReader::readMethod (1070 bytes)
C2 CompilerThread1  71241 4578   !   4       org.eclipse.osgi.internal.loader.classpath.ClasspathManager::findClassImpl (343 bytes)
Total: 2

VM state: not at safepoint (normal execution)

VM Mutex/Monitor currently owned by a thread: None

Heap address: 0x0000000080000000, size: 2048 MB, Compressed Oops mode: 32-bit

CDS archive(s) mapped at: [0x000002819b000000-0x000002819bba0000-0x000002819bba0000), size 12189696, SharedBaseAddress: 0x000002819b000000, ArchiveRelocationMode: 1.
Compressed class space mapped at: 0x000002819c000000-0x00000281dc000000, reserved size: 1073741824
Narrow klass base: 0x000002819b000000, Narrow klass shift: 0, Narrow klass range: 0x100000000

GC Precious Log:
 CardTable entry size: 512
 CPUs: 20 total, 20 available
 Memory: 16081M
 Large Page Support: Disabled
 NUMA Support: Disabled
 Compressed Oops: Enabled (32-bit)
 Alignments: Space 512K, Generation 512K, Heap 2M
 Heap Min Capacity: 100M
 Heap Initial Capacity: 100M
 Heap Max Capacity: 2G
 Pre-touch: Disabled
 Parallel Workers: 15

Heap:
 PSYoungGen      total 25088K, used 7411K [0x00000000d5580000, 0x00000000d7380000, 0x0000000100000000)
  eden space 23040K, 24% used [0x00000000d5580000,0x00000000d5afdfa8,0x00000000d6c00000)
  from space 2048K, 87% used [0x00000000d7180000,0x00000000d733eda0,0x00000000d7380000)
  to   space 2560K, 0% used [0x00000000d6e80000,0x00000000d6e80000,0x00000000d7100000)
 ParOldGen       total 68608K, used 15104K [0x0000000080000000, 0x0000000084300000, 0x00000000d5580000)
  object space 68608K, 22% used [0x0000000080000000,0x0000000080ec0028,0x0000000084300000)
 Metaspace       used 28571K, committed 29504K, reserved 1114112K
  class space    used 2840K, committed 3200K, reserved 1048576K

Card table byte_map: [0x0000028183440000,0x0000028183850000] _byte_map_base: 0x0000028183040000

Marking Bits: (ParMarkBitMap*) 0x00007ff84a95a340
 Begin Bits: [0x0000028195f40000, 0x0000028197f40000)
 End Bits:   [0x0000028197f40000, 0x0000028199f40000)

Polling page: 0x00000281831a0000

Metaspace:

Usage:
  Non-class:     25.13 MB used.
      Class:      2.77 MB used.
       Both:     27.91 MB used.

Virtual space:
  Non-class space:       64.00 MB reserved,      25.69 MB ( 40%) committed,  1 nodes.
      Class space:        1.00 GB reserved,       3.12 MB ( <1%) committed,  1 nodes.
             Both:        1.06 GB reserved,      28.81 MB (  3%) committed. 

Chunk freelists:
   Non-Class:  6.28 MB
       Class:  12.80 MB
        Both:  19.08 MB

MaxMetaspaceSize: unlimited
CompressedClassSpaceSize: 1.00 GB
Initial GC threshold: 21.00 MB
Current GC threshold: 35.00 MB
CDS: on
 - commit_granule_bytes: 65536.
 - commit_granule_words: 8192.
 - virtual_space_node_default_size: 8388608.
 - enlarge_chunks_in_place: 1.
 - use_allocation_guard: 0.


Internal statistics:

num_allocs_failed_limit: 3.
num_arena_births: 832.
num_arena_deaths: 14.
num_vsnodes_births: 2.
num_vsnodes_deaths: 0.
num_space_committed: 462.
num_space_uncommitted: 0.
num_chunks_returned_to_freelist: 17.
num_chunks_taken_from_freelist: 2046.
num_chunk_merges: 5.
num_chunk_splits: 1278.
num_chunks_enlarged: 735.
num_inconsistent_stats: 0.

CodeHeap 'non-profiled nmethods': size=119168Kb used=2191Kb max_used=2191Kb free=116976Kb
 bounds [0x000002818e830000, 0x000002818eaa0000, 0x0000028195c90000]
CodeHeap 'profiled nmethods': size=119104Kb used=10145Kb max_used=10145Kb free=108958Kb
 bounds [0x0000028186c90000, 0x0000028187680000, 0x000002818e0e0000]
CodeHeap 'non-nmethods': size=7488Kb used=1338Kb max_used=2938Kb free=6150Kb
 bounds [0x000002818e0e0000, 0x000002818e3c0000, 0x000002818e830000]
CodeCache: size=245760Kb, used=13674Kb, max_used=15274Kb, free=232084Kb
 total_blobs=5292, nmethods=4665, adapters=533, full_count=0
Compilation: enabled, stopped_count=0, restarted_count=0

Compilation events (20 events):
Event: 64.860 Thread 0x00000281dc84fab0 4639       3       java.lang.invoke.VarHandleReferences$FieldInstanceReadWrite::set (35 bytes)
Event: 64.861 Thread 0x00000281dc84fab0 nmethod 4639 0x0000028187661010 code [0x0000028187661240, 0x00000281876619c8]
Event: 64.862 Thread 0x00000281dee6c6a0 nmethod 4637 0x0000028187661c90 code [0x0000028187662080, 0x0000028187663cd0]
Event: 64.865 Thread 0x00000281debe1f60 nmethod 4635 0x000002818ea48890 code [0x000002818ea48b40, 0x000002818ea49d20]
Event: 64.865 Thread 0x00000281debe1f60 4603       4       org.codehaus.plexus.util.xml.pull.MXParser::more (106 bytes)
Event: 64.868 Thread 0x00000281debe1f60 nmethod 4603 0x000002818ea4aa90 code [0x000002818ea4ac20, 0x000002818ea4ad78]
Event: 64.868 Thread 0x00000281debe1f60 4595       4       java.lang.Character::isHighSurrogate (18 bytes)
Event: 64.869 Thread 0x00000281debe1f60 nmethod 4595 0x000002818ea4ae90 code [0x000002818ea4b020, 0x000002818ea4b0a8]
Event: 64.869 Thread 0x00000281debe1f60 4630       4       java.util.Arrays::equals (43 bytes)
Event: 64.870 Thread 0x00000281dc84fab0 4642   !   3       org.eclipse.osgi.internal.loader.BundleLoader::findClass0 (491 bytes)
Event: 64.872 Thread 0x00000281debe1f60 nmethod 4630 0x000002818ea4b190 code [0x000002818ea4b320, 0x000002818ea4b538]
Event: 64.872 Thread 0x00000281debe1f60 4632       4       java.util.Arrays::hashCode (59 bytes)
Event: 64.873 Thread 0x00000281debe1f60 nmethod 4632 0x000002818ea4b710 code [0x000002818ea4b8c0, 0x000002818ea4bb48]
Event: 64.873 Thread 0x00000281debe1f60 4629       4       java.lang.StringLatin1::toChars (16 bytes)
Event: 64.874 Thread 0x00000281dc84fab0 nmethod 4642 0x0000028187664690 code [0x0000028187664f00, 0x0000028187669430]
Event: 64.874 Thread 0x00000281debe1f60 nmethod 4629 0x000002818ea4bc10 code [0x000002818ea4bda0, 0x000002818ea4bf70]
Event: 64.876 Thread 0x00000281debe1f60 4643       4       org.eclipse.osgi.internal.loader.classpath.ClasspathEntry::findEntry (56 bytes)
Event: 66.223 Thread 0x00000281dee6c6a0 4645       3       java.lang.invoke.VarHandleGuards::guard_LII_Z (86 bytes)
Event: 66.223 Thread 0x00000281e3250710 4646       3       java.lang.invoke.VarHandleInts$FieldInstanceReadWrite::compareAndSet (32 bytes)
Event: 66.223 Thread 0x00000281dc84fab0 4647       3       java.util.concurrent.ThreadPoolExecutor::runStateAtLeast (11 bytes)

GC Heap History (20 events):
Event: 3.348 GC heap before
{Heap before GC invocations=2 (full 0):
 PSYoungGen      total 29696K, used 29331K [0x00000000d5580000, 0x00000000d7680000, 0x0000000100000000)
  eden space 25600K, 100% used [0x00000000d5580000,0x00000000d6e80000,0x00000000d6e80000)
  from space 4096K, 91% used [0x00000000d6e80000,0x00000000d7224d90,0x00000000d7280000)
  to   space 4096K, 0% used [0x00000000d7280000,0x00000000d7280000,0x00000000d7680000)
 ParOldGen       total 68608K, used 16K [0x0000000080000000, 0x0000000084300000, 0x00000000d5580000)
  object space 68608K, 0% used [0x0000000080000000,0x0000000080004000,0x0000000084300000)
 Metaspace       used 7857K, committed 8192K, reserved 1114112K
  class space    used 815K, committed 960K, reserved 1048576K
}
Event: 3.359 GC heap after
{Heap after GC invocations=2 (full 0):
 PSYoungGen      total 29696K, used 4077K [0x00000000d5580000, 0x00000000d7680000, 0x0000000100000000)
  eden space 25600K, 0% used [0x00000000d5580000,0x00000000d5580000,0x00000000d6e80000)
  from space 4096K, 99% used [0x00000000d7280000,0x00000000d767b7a0,0x00000000d7680000)
  to   space 4096K, 0% used [0x00000000d6e80000,0x00000000d6e80000,0x00000000d7280000)
 ParOldGen       total 68608K, used 1785K [0x0000000080000000, 0x0000000084300000, 0x00000000d5580000)
  object space 68608K, 2% used [0x0000000080000000,0x00000000801be6c8,0x0000000084300000)
 Metaspace       used 7857K, committed 8192K, reserved 1114112K
  class space    used 815K, committed 960K, reserved 1048576K
}
Event: 35.323 GC heap before
{Heap before GC invocations=3 (full 0):
 PSYoungGen      total 29696K, used 29677K [0x00000000d5580000, 0x00000000d7680000, 0x0000000100000000)
  eden space 25600K, 100% used [0x00000000d5580000,0x00000000d6e80000,0x00000000d6e80000)
  from space 4096K, 99% used [0x00000000d7280000,0x00000000d767b7a0,0x00000000d7680000)
  to   space 4096K, 0% used [0x00000000d6e80000,0x00000000d6e80000,0x00000000d7280000)
 ParOldGen       total 68608K, used 1785K [0x0000000080000000, 0x0000000084300000, 0x00000000d5580000)
  object space 68608K, 2% used [0x0000000080000000,0x00000000801be6c8,0x0000000084300000)
 Metaspace       used 9773K, committed 10112K, reserved 1114112K
  class space    used 1025K, committed 1152K, reserved 1048576K
}
Event: 35.329 GC heap after
{Heap after GC invocations=3 (full 0):
 PSYoungGen      total 29696K, used 4073K [0x00000000d5580000, 0x00000000d7680000, 0x0000000100000000)
  eden space 25600K, 0% used [0x00000000d5580000,0x00000000d5580000,0x00000000d6e80000)
  from space 4096K, 99% used [0x00000000d6e80000,0x00000000d727a440,0x00000000d7280000)
  to   space 4096K, 0% used [0x00000000d7280000,0x00000000d7280000,0x00000000d7680000)
 ParOldGen       total 68608K, used 4296K [0x0000000080000000, 0x0000000084300000, 0x00000000d5580000)
  object space 68608K, 6% used [0x0000000080000000,0x0000000080432190,0x0000000084300000)
 Metaspace       used 9773K, committed 10112K, reserved 1114112K
  class space    used 1025K, committed 1152K, reserved 1048576K
}
Event: 60.847 GC heap before
{Heap before GC invocations=4 (full 0):
 PSYoungGen      total 29696K, used 29673K [0x00000000d5580000, 0x00000000d7680000, 0x0000000100000000)
  eden space 25600K, 100% used [0x00000000d5580000,0x00000000d6e80000,0x00000000d6e80000)
  from space 4096K, 99% used [0x00000000d6e80000,0x00000000d727a440,0x00000000d7280000)
  to   space 4096K, 0% used [0x00000000d7280000,0x00000000d7280000,0x00000000d7680000)
 ParOldGen       total 68608K, used 4296K [0x0000000080000000, 0x0000000084300000, 0x00000000d5580000)
  object space 68608K, 6% used [0x0000000080000000,0x0000000080432190,0x0000000084300000)
 Metaspace       used 11719K, committed 12160K, reserved 1114112K
  class space    used 1220K, committed 1408K, reserved 1048576K
}
Event: 60.853 GC heap after
{Heap after GC invocations=4 (full 0):
 PSYoungGen      total 29696K, used 4091K [0x00000000d5580000, 0x00000000d7680000, 0x0000000100000000)
  eden space 25600K, 0% used [0x00000000d5580000,0x00000000d5580000,0x00000000d6e80000)
  from space 4096K, 99% used [0x00000000d7280000,0x00000000d767ecb8,0x00000000d7680000)
  to   space 4096K, 0% used [0x00000000d6e80000,0x00000000d6e80000,0x00000000d7280000)
 ParOldGen       total 68608K, used 6635K [0x0000000080000000, 0x0000000084300000, 0x00000000d5580000)
  object space 68608K, 9% used [0x0000000080000000,0x000000008067ae18,0x0000000084300000)
 Metaspace       used 11719K, committed 12160K, reserved 1114112K
  class space    used 1220K, committed 1408K, reserved 1048576K
}
Event: 61.902 GC heap before
{Heap before GC invocations=5 (full 0):
 PSYoungGen      total 29696K, used 29691K [0x00000000d5580000, 0x00000000d7680000, 0x0000000100000000)
  eden space 25600K, 100% used [0x00000000d5580000,0x00000000d6e80000,0x00000000d6e80000)
  from space 4096K, 99% used [0x00000000d7280000,0x00000000d767ecb8,0x00000000d7680000)
  to   space 4096K, 0% used [0x00000000d6e80000,0x00000000d6e80000,0x00000000d7280000)
 ParOldGen       total 68608K, used 6635K [0x0000000080000000, 0x0000000084300000, 0x00000000d5580000)
  object space 68608K, 9% used [0x0000000080000000,0x000000008067ae18,0x0000000084300000)
 Metaspace       used 15651K, committed 16256K, reserved 1114112K
  class space    used 1601K, committed 1856K, reserved 1048576K
}
Event: 61.907 GC heap after
{Heap after GC invocations=5 (full 0):
 PSYoungGen      total 29184K, used 4065K [0x00000000d5580000, 0x00000000d7a00000, 0x0000000100000000)
  eden space 25088K, 0% used [0x00000000d5580000,0x00000000d5580000,0x00000000d6e00000)
  from space 4096K, 99% used [0x00000000d6e80000,0x00000000d7278498,0x00000000d7280000)
  to   space 6144K, 0% used [0x00000000d7400000,0x00000000d7400000,0x00000000d7a00000)
 ParOldGen       total 68608K, used 8169K [0x0000000080000000, 0x0000000084300000, 0x00000000d5580000)
  object space 68608K, 11% used [0x0000000080000000,0x00000000807fa590,0x0000000084300000)
 Metaspace       used 15651K, committed 16256K, reserved 1114112K
  class space    used 1601K, committed 1856K, reserved 1048576K
}
Event: 63.006 GC heap before
{Heap before GC invocations=6 (full 0):
 PSYoungGen      total 29184K, used 29153K [0x00000000d5580000, 0x00000000d7a00000, 0x0000000100000000)
  eden space 25088K, 100% used [0x00000000d5580000,0x00000000d6e00000,0x00000000d6e00000)
  from space 4096K, 99% used [0x00000000d6e80000,0x00000000d7278498,0x00000000d7280000)
  to   space 6144K, 0% used [0x00000000d7400000,0x00000000d7400000,0x00000000d7a00000)
 ParOldGen       total 68608K, used 8169K [0x0000000080000000, 0x0000000084300000, 0x00000000d5580000)
  object space 68608K, 11% used [0x0000000080000000,0x00000000807fa590,0x0000000084300000)
 Metaspace       used 18895K, committed 19648K, reserved 1114112K
  class space    used 1963K, committed 2304K, reserved 1048576K
}
Event: 63.009 GC heap after
{Heap after GC invocations=6 (full 0):
 PSYoungGen      total 29696K, used 5051K [0x00000000d5580000, 0x00000000d7900000, 0x0000000100000000)
  eden space 24576K, 0% used [0x00000000d5580000,0x00000000d5580000,0x00000000d6d80000)
  from space 5120K, 98% used [0x00000000d7400000,0x00000000d78eed98,0x00000000d7900000)
  to   space 5632K, 0% used [0x00000000d6e00000,0x00000000d6e00000,0x00000000d7380000)
 ParOldGen       total 68608K, used 8177K [0x0000000080000000, 0x0000000084300000, 0x00000000d5580000)
  object space 68608K, 11% used [0x0000000080000000,0x00000000807fc590,0x0000000084300000)
 Metaspace       used 18895K, committed 19648K, reserved 1114112K
  class space    used 1963K, committed 2304K, reserved 1048576K
}
Event: 63.476 GC heap before
{Heap before GC invocations=7 (full 0):
 PSYoungGen      total 29696K, used 23373K [0x00000000d5580000, 0x00000000d7900000, 0x0000000100000000)
  eden space 24576K, 74% used [0x00000000d5580000,0x00000000d6764968,0x00000000d6d80000)
  from space 5120K, 98% used [0x00000000d7400000,0x00000000d78eed98,0x00000000d7900000)
  to   space 5632K, 0% used [0x00000000d6e00000,0x00000000d6e00000,0x00000000d7380000)
 ParOldGen       total 68608K, used 8177K [0x0000000080000000, 0x0000000084300000, 0x00000000d5580000)
  object space 68608K, 11% used [0x0000000080000000,0x00000000807fc590,0x0000000084300000)
 Metaspace       used 20761K, committed 21504K, reserved 1114112K
  class space    used 2178K, committed 2496K, reserved 1048576K
}
Event: 63.481 GC heap after
{Heap after GC invocations=7 (full 0):
 PSYoungGen      total 29184K, used 4383K [0x00000000d5580000, 0x00000000d7780000, 0x0000000100000000)
  eden space 24576K, 0% used [0x00000000d5580000,0x00000000d5580000,0x00000000d6d80000)
  from space 4608K, 95% used [0x00000000d6e00000,0x00000000d7247ff8,0x00000000d7280000)
  to   space 5120K, 0% used [0x00000000d7280000,0x00000000d7280000,0x00000000d7780000)
 ParOldGen       total 68608K, used 9557K [0x0000000080000000, 0x0000000084300000, 0x00000000d5580000)
  object space 68608K, 13% used [0x0000000080000000,0x00000000809555a8,0x0000000084300000)
 Metaspace       used 20761K, committed 21504K, reserved 1114112K
  class space    used 2178K, committed 2496K, reserved 1048576K
}
Event: 63.481 GC heap before
{Heap before GC invocations=8 (full 1):
 PSYoungGen      total 29184K, used 4383K [0x00000000d5580000, 0x00000000d7780000, 0x0000000100000000)
  eden space 24576K, 0% used [0x00000000d5580000,0x00000000d5580000,0x00000000d6d80000)
  from space 4608K, 95% used [0x00000000d6e00000,0x00000000d7247ff8,0x00000000d7280000)
  to   space 5120K, 0% used [0x00000000d7280000,0x00000000d7280000,0x00000000d7780000)
 ParOldGen       total 68608K, used 9557K [0x0000000080000000, 0x0000000084300000, 0x00000000d5580000)
  object space 68608K, 13% used [0x0000000080000000,0x00000000809555a8,0x0000000084300000)
 Metaspace       used 20761K, committed 21504K, reserved 1114112K
  class space    used 2178K, committed 2496K, reserved 1048576K
}
Event: 63.517 GC heap after
{Heap after GC invocations=8 (full 1):
 PSYoungGen      total 29184K, used 0K [0x00000000d5580000, 0x00000000d7780000, 0x0000000100000000)
  eden space 24576K, 0% used [0x00000000d5580000,0x00000000d5580000,0x00000000d6d80000)
  from space 4608K, 0% used [0x00000000d6e00000,0x00000000d6e00000,0x00000000d7280000)
  to   space 5120K, 0% used [0x00000000d7280000,0x00000000d7280000,0x00000000d7780000)
 ParOldGen       total 68608K, used 13164K [0x0000000080000000, 0x0000000084300000, 0x00000000d5580000)
  object space 68608K, 19% used [0x0000000080000000,0x0000000080cdb028,0x0000000084300000)
 Metaspace       used 20748K, committed 21504K, reserved 1114112K
  class space    used 2174K, committed 2496K, reserved 1048576K
}
Event: 64.059 GC heap before
{Heap before GC invocations=9 (full 1):
 PSYoungGen      total 29184K, used 24576K [0x00000000d5580000, 0x00000000d7780000, 0x0000000100000000)
  eden space 24576K, 100% used [0x00000000d5580000,0x00000000d6d80000,0x00000000d6d80000)
  from space 4608K, 0% used [0x00000000d6e00000,0x00000000d6e00000,0x00000000d7280000)
  to   space 5120K, 0% used [0x00000000d7280000,0x00000000d7280000,0x00000000d7780000)
 ParOldGen       total 68608K, used 13164K [0x0000000080000000, 0x0000000084300000, 0x00000000d5580000)
  object space 68608K, 19% used [0x0000000080000000,0x0000000080cdb028,0x0000000084300000)
 Metaspace       used 22859K, committed 23808K, reserved 1114112K
  class space    used 2377K, committed 2752K, reserved 1048576K
}
Event: 64.061 GC heap after
{Heap after GC invocations=9 (full 1):
 PSYoungGen      total 27648K, used 3333K [0x00000000d5580000, 0x00000000d7600000, 0x0000000100000000)
  eden space 24064K, 0% used [0x00000000d5580000,0x00000000d5580000,0x00000000d6d00000)
  from space 3584K, 93% used [0x00000000d7280000,0x00000000d75c15c0,0x00000000d7600000)
  to   space 4096K, 0% used [0x00000000d6e00000,0x00000000d6e00000,0x00000000d7200000)
 ParOldGen       total 68608K, used 13172K [0x0000000080000000, 0x0000000084300000, 0x00000000d5580000)
  object space 68608K, 19% used [0x0000000080000000,0x0000000080cdd028,0x0000000084300000)
 Metaspace       used 22859K, committed 23808K, reserved 1114112K
  class space    used 2377K, committed 2752K, reserved 1048576K
}
Event: 64.483 GC heap before
{Heap before GC invocations=10 (full 1):
 PSYoungGen      total 27648K, used 27397K [0x00000000d5580000, 0x00000000d7600000, 0x0000000100000000)
  eden space 24064K, 100% used [0x00000000d5580000,0x00000000d6d00000,0x00000000d6d00000)
  from space 3584K, 93% used [0x00000000d7280000,0x00000000d75c15c0,0x00000000d7600000)
  to   space 4096K, 0% used [0x00000000d6e00000,0x00000000d6e00000,0x00000000d7200000)
 ParOldGen       total 68608K, used 13172K [0x0000000080000000, 0x0000000084300000, 0x00000000d5580000)
  object space 68608K, 19% used [0x0000000080000000,0x0000000080cdd028,0x0000000084300000)
 Metaspace       used 26222K, committed 27136K, reserved 1114112K
  class space    used 2625K, committed 3008K, reserved 1048576K
}
Event: 64.486 GC heap after
{Heap after GC invocations=10 (full 1):
 PSYoungGen      total 27136K, used 3159K [0x00000000d5580000, 0x00000000d7380000, 0x0000000100000000)
  eden space 23552K, 0% used [0x00000000d5580000,0x00000000d5580000,0x00000000d6c80000)
  from space 3584K, 88% used [0x00000000d6e00000,0x00000000d7115d08,0x00000000d7180000)
  to   space 2048K, 0% used [0x00000000d7180000,0x00000000d7180000,0x00000000d7380000)
 ParOldGen       total 68608K, used 13180K [0x0000000080000000, 0x0000000084300000, 0x00000000d5580000)
  object space 68608K, 19% used [0x0000000080000000,0x0000000080cdf028,0x0000000084300000)
 Metaspace       used 26222K, committed 27136K, reserved 1114112K
  class space    used 2625K, committed 3008K, reserved 1048576K
}
Event: 64.903 GC heap before
{Heap before GC invocations=11 (full 1):
 PSYoungGen      total 27136K, used 26711K [0x00000000d5580000, 0x00000000d7380000, 0x0000000100000000)
  eden space 23552K, 99% used [0x00000000d5580000,0x00000000d6c7ffe8,0x00000000d6c80000)
  from space 3584K, 88% used [0x00000000d6e00000,0x00000000d7115d08,0x00000000d7180000)
  to   space 2048K, 0% used [0x00000000d7180000,0x00000000d7180000,0x00000000d7380000)
 ParOldGen       total 68608K, used 13180K [0x0000000080000000, 0x0000000084300000, 0x00000000d5580000)
  object space 68608K, 19% used [0x0000000080000000,0x0000000080cdf028,0x0000000084300000)
 Metaspace       used 28020K, committed 28992K, reserved 1114112K
  class space    used 2760K, committed 3136K, reserved 1048576K
}
Event: 64.905 GC heap after
{Heap after GC invocations=11 (full 1):
 PSYoungGen      total 25088K, used 1787K [0x00000000d5580000, 0x00000000d7380000, 0x0000000100000000)
  eden space 23040K, 0% used [0x00000000d5580000,0x00000000d5580000,0x00000000d6c00000)
  from space 2048K, 87% used [0x00000000d7180000,0x00000000d733eda0,0x00000000d7380000)
  to   space 2560K, 0% used [0x00000000d6e80000,0x00000000d6e80000,0x00000000d7100000)
 ParOldGen       total 68608K, used 15104K [0x0000000080000000, 0x0000000084300000, 0x00000000d5580000)
  object space 68608K, 22% used [0x0000000080000000,0x0000000080ec0028,0x0000000084300000)
 Metaspace       used 28020K, committed 28992K, reserved 1114112K
  class space    used 2760K, committed 3136K, reserved 1048576K
}

Dll operation events (10 events):
Event: 0.020 Loaded shared library c:\Users\l1816\.cursor\extensions\redhat.java-1.46.0-win32-x64\jre\21.0.8-win32-x86_64\bin\java.dll
Event: 0.056 Loaded shared library c:\Users\l1816\.cursor\extensions\redhat.java-1.46.0-win32-x64\jre\21.0.8-win32-x86_64\bin\zip.dll
Event: 0.121 Loaded shared library C:\Users\l1816\.cursor\extensions\redhat.java-1.46.0-win32-x64\jre\21.0.8-win32-x86_64\bin\instrument.dll
Event: 0.126 Loaded shared library C:\Users\l1816\.cursor\extensions\redhat.java-1.46.0-win32-x64\jre\21.0.8-win32-x86_64\bin\net.dll
Event: 0.130 Loaded shared library C:\Users\l1816\.cursor\extensions\redhat.java-1.46.0-win32-x64\jre\21.0.8-win32-x86_64\bin\nio.dll
Event: 0.137 Loaded shared library C:\Users\l1816\.cursor\extensions\redhat.java-1.46.0-win32-x64\jre\21.0.8-win32-x86_64\bin\zip.dll
Event: 0.157 Loaded shared library C:\Users\l1816\.cursor\extensions\redhat.java-1.46.0-win32-x64\jre\21.0.8-win32-x86_64\bin\jimage.dll
Event: 0.256 Loaded shared library c:\Users\l1816\.cursor\extensions\redhat.java-1.46.0-win32-x64\jre\21.0.8-win32-x86_64\bin\verify.dll
Event: 14.344 Loaded shared library C:\Users\l1816\AppData\Roaming\Cursor\User\globalStorage\redhat.java\1.46.0\config_win\org.eclipse.equinox.launcher\org.eclipse.equinox.launcher.win32.win32.x86_64_1.2.1400.v20250801-0854\eclipse_11916.dll
Event: 62.492 Loaded shared library C:\Users\l1816\AppData\Local\Temp\jna-101255416\jna13614715326351760174.dll

Deoptimization events (20 events):
Event: 64.745 Thread 0x00000281dee684b0 DEOPT PACKING pc=0x000002818ea189c4 sp=0x000000a4963feab0
Event: 64.745 Thread 0x00000281dee684b0 DEOPT UNPACKING pc=0x000002818e133aa2 sp=0x000000a4963fea38 mode 2
Event: 64.745 Thread 0x00000281dee684b0 Uncommon trap: trap_request=0xffffffde fr.pc=0x000002818ea189c4 relative=0x0000000000000104
Event: 64.745 Thread 0x00000281dee684b0 Uncommon trap: reason=class_check action=maybe_recompile pc=0x000002818ea189c4 method=java.lang.Character.codePointAt(Ljava/lang/CharSequence;I)I @ 2 c2
Event: 64.745 Thread 0x00000281dee684b0 DEOPT PACKING pc=0x000002818ea189c4 sp=0x000000a4963feab0
Event: 64.745 Thread 0x00000281dee684b0 DEOPT UNPACKING pc=0x000002818e133aa2 sp=0x000000a4963fea38 mode 2
Event: 64.746 Thread 0x00000281dee684b0 Uncommon trap: trap_request=0xffffff76 fr.pc=0x000002818e9df15c relative=0x000000000000037c
Event: 64.746 Thread 0x00000281dee684b0 Uncommon trap: reason=predicate action=maybe_recompile pc=0x000002818e9df15c method=java.util.regex.Pattern$BmpCharPropertyGreedy.match(Ljava/util/regex/Matcher;ILjava/lang/CharSequence;)Z @ 12 c2
Event: 64.746 Thread 0x00000281dee684b0 DEOPT PACKING pc=0x000002818e9df15c sp=0x000000a4963fe9e0
Event: 64.746 Thread 0x00000281dee684b0 DEOPT UNPACKING pc=0x000002818e133aa2 sp=0x000000a4963fe998 mode 2
Event: 64.747 Thread 0x00000281dee8e350 DEOPT PACKING pc=0x00000281873611be sp=0x000000a4950f9850
Event: 64.748 Thread 0x00000281dee8e350 DEOPT UNPACKING pc=0x000002818e134242 sp=0x000000a4950f8d90 mode 0
Event: 64.759 Thread 0x00000281dee8e350 DEOPT PACKING pc=0x00000281873611be sp=0x000000a4950f9810
Event: 64.759 Thread 0x00000281dee8e350 DEOPT UNPACKING pc=0x000002818e134242 sp=0x000000a4950f8d50 mode 0
Event: 64.793 Thread 0x00000281dee684b0 Uncommon trap: trap_request=0xffffffde fr.pc=0x000002818ea44698 relative=0x0000000000000bd8
Event: 64.793 Thread 0x00000281dee684b0 Uncommon trap: reason=class_check action=maybe_recompile pc=0x000002818ea44698 method=java.io.BufferedInputStream.implRead([BII)I @ 100 c2
Event: 64.793 Thread 0x00000281dee684b0 DEOPT PACKING pc=0x000002818ea44698 sp=0x000000a4963fe740
Event: 64.793 Thread 0x00000281dee684b0 DEOPT UNPACKING pc=0x000002818e133aa2 sp=0x000000a4963fe6a8 mode 2
Event: 64.832 Thread 0x00000281dee8e350 DEOPT PACKING pc=0x00000281873611be sp=0x000000a4950f9530
Event: 64.832 Thread 0x00000281dee8e350 DEOPT UNPACKING pc=0x000002818e134242 sp=0x000000a4950f8a70 mode 0

Classes loaded (20 events):
Event: 63.902 Loading class java/net/ProtocolException
Event: 63.902 Loading class java/net/ProtocolException done
Event: 63.943 Loading class java/lang/ThreadLocal$SuppliedThreadLocal
Event: 63.943 Loading class java/lang/ThreadLocal$SuppliedThreadLocal done
Event: 63.955 Loading class java/util/concurrent/locks/ReentrantReadWriteLock$Sync$HoldCounter
Event: 63.955 Loading class java/util/concurrent/locks/ReentrantReadWriteLock$Sync$HoldCounter done
Event: 64.091 Loading class java/io/FileWriter
Event: 64.091 Loading class java/io/FileWriter done
Event: 64.104 Loading class java/lang/NegativeArraySizeException
Event: 64.104 Loading class java/lang/NegativeArraySizeException done
Event: 64.741 Loading class org/w3c/dom/DOMException
Event: 64.741 Loading class org/w3c/dom/DOMException done
Event: 64.745 Loading class java/io/FileReader
Event: 64.745 Loading class java/io/FileReader done
Event: 64.885 Loading class java/util/concurrent/atomic/AtomicReferenceFieldUpdater
Event: 64.886 Loading class java/util/concurrent/atomic/AtomicReferenceFieldUpdater done
Event: 64.886 Loading class java/util/concurrent/atomic/AtomicReferenceFieldUpdater$AtomicReferenceFieldUpdaterImpl
Event: 64.887 Loading class java/util/concurrent/atomic/AtomicReferenceFieldUpdater$AtomicReferenceFieldUpdaterImpl done
Event: 64.887 Loading class java/util/concurrent/atomic/AtomicReferenceFieldUpdater$AtomicReferenceFieldUpdaterImpl$1
Event: 64.887 Loading class java/util/concurrent/atomic/AtomicReferenceFieldUpdater$AtomicReferenceFieldUpdaterImpl$1 done

Classes unloaded (7 events):
Event: 63.488 Thread 0x0000028183a34970 Unloading class 0x000002819c1a4400 'java/lang/invoke/LambdaForm$MH+0x000002819c1a4400'
Event: 63.488 Thread 0x0000028183a34970 Unloading class 0x000002819c1a4000 'java/lang/invoke/LambdaForm$MH+0x000002819c1a4000'
Event: 63.488 Thread 0x0000028183a34970 Unloading class 0x000002819c1a3c00 'java/lang/invoke/LambdaForm$MH+0x000002819c1a3c00'
Event: 63.488 Thread 0x0000028183a34970 Unloading class 0x000002819c1a3800 'java/lang/invoke/LambdaForm$MH+0x000002819c1a3800'
Event: 63.488 Thread 0x0000028183a34970 Unloading class 0x000002819c1a3400 'java/lang/invoke/LambdaForm$BMH+0x000002819c1a3400'
Event: 63.488 Thread 0x0000028183a34970 Unloading class 0x000002819c1a3000 'java/lang/invoke/LambdaForm$DMH+0x000002819c1a3000'
Event: 63.488 Thread 0x0000028183a34970 Unloading class 0x000002819c1a2000 'java/lang/invoke/LambdaForm$DMH+0x000002819c1a2000'

Classes redefined (0 events):
No events

Internal exceptions (20 events):
Event: 63.535 Thread 0x00000281dee8e350 Exception <a 'java/lang/NoSuchMethodError'{0x00000000d56363e0}: 'int java.lang.invoke.DirectMethodHandle$Holder.invokeStaticInit(java.lang.Object, int, int)'> (0x00000000d56363e0) 
thrown [s\src\hotspot\share\interpreter\linkResolver.cpp, line 773]
Event: 63.536 Thread 0x00000281dee8e350 Exception <a 'java/lang/NoSuchMethodError'{0x00000000d563e768}: 'int java.lang.invoke.DirectMethodHandle$Holder.invokeStaticInit(java.lang.Object, long, long)'> (0x00000000d563e768) 
thrown [s\src\hotspot\share\interpreter\linkResolver.cpp, line 773]
Event: 63.536 Thread 0x00000281dee8e350 Exception <a 'java/lang/NoSuchMethodError'{0x00000000d5646120}: 'int java.lang.invoke.DirectMethodHandle$Holder.invokeStaticInit(java.lang.Object, float, float)'> (0x00000000d5646120) 
thrown [s\src\hotspot\share\interpreter\linkResolver.cpp, line 773]
Event: 63.537 Thread 0x00000281dee8e350 Exception <a 'java/lang/NoSuchMethodError'{0x00000000d564dad0}: 'int java.lang.invoke.DirectMethodHandle$Holder.invokeStaticInit(java.lang.Object, double, double)'> (0x00000000d564dad0) 
thrown [s\src\hotspot\share\interpreter\linkResolver.cpp, line 773]
Event: 63.537 Thread 0x00000281dee8e350 Exception <a 'java/lang/NoSuchMethodError'{0x00000000d5652ee8}: 'int java.lang.invoke.DirectMethodHandle$Holder.invokeStatic(java.lang.Object, long)'> (0x00000000d5652ee8) 
thrown [s\src\hotspot\share\interpreter\linkResolver.cpp, line 773]
Event: 63.539 Thread 0x00000281dee8e350 Exception <a 'java/lang/NoSuchMethodError'{0x00000000d5676908}: 'int java.lang.invoke.Invokers$Holder.linkToTargetMethod(java.lang.Object, java.lang.Object)'> (0x00000000d5676908) 
thrown [s\src\hotspot\share\interpreter\linkResolver.cpp, line 773]
Event: 63.578 Thread 0x00000281dee8e350 Exception <a 'java/lang/NoSuchMethodError'{0x00000000d574ef28}: 'java.lang.Object java.lang.invoke.Invokers$Holder.invoke_MT(java.lang.Object, java.lang.Object, java.lang.Object, java.lang.Object, java.lang.Object, java.lang.Object, java.lang.Object, java.lang.Object, java.lang.Object, java.lang.Object, java.lang.Object)'> (0x00000000d574ef28) 
thrown [s\src\hotspot\share\interpreter\linkResolver.cpp, line 773]
Event: 63.582 Thread 0x00000281dee8e350 Implicit null exception at 0x000002818e9f233d to 0x000002818e9f23b2
Event: 63.592 Thread 0x00000281dee8e350 Exception <a 'java/lang/NoSuchMethodError'{0x00000000d57dc350}: 'java.lang.Object java.lang.invoke.Invokers$Holder.invoke_MT(java.lang.Object, java.lang.Object, java.lang.Object, java.lang.Object, java.lang.Object, java.lang.Object, java.lang.Object, java.lang.Object, java.lang.Object, java.lang.Object)'> (0x00000000d57dc350) 
thrown [s\src\hotspot\share\interpreter\linkResolver.cpp, line 773]
Event: 63.605 Thread 0x00000281dee8e350 Exception <a 'java/lang/NoSuchMethodError'{0x00000000d587a2c8}: 'java.lang.Object java.lang.invoke.DirectMethodHandle$Holder.newInvokeSpecial(java.lang.Object, java.lang.Object, java.lang.Object, java.lang.Object, java.lang.Object, java.lang.Object, java.lang.Object)'> (0x00000000d587a2c8) 
thrown [s\src\hotspot\share\interpreter\linkResolver.cpp, line 773]
Event: 63.614 Thread 0x00000281dee8e350 Exception <a 'java/lang/NoSuchMethodError'{0x00000000d58f2068}: 'java.lang.Object java.lang.invoke.Invokers$Holder.invoker(java.lang.Object, java.lang.Object, java.lang.Object, java.lang.Object, java.lang.Object, java.lang.Object, java.lang.Object, java.lang.Object, java.lang.Object, java.lang.Object, java.lang.Object, java.lang.Object, java.lang.Object)'> (0x00000000d58f2068) 
thrown [s\src\hotspot\share\interpreter\linkResolver.cpp, line 773]
Event: 63.616 Thread 0x00000281dee8e350 Exception <a 'java/lang/NoSuchMethodError'{0x00000000d58fc740}: 'java.lang.Object java.lang.invoke.DelegatingMethodHandle$Holder.delegate(java.lang.Object, java.lang.Object, java.lang.Object, java.lang.Object, java.lang.Object, java.lang.Object, java.lang.Object, java.lang.Object, java.lang.Object, java.lang.Object, java.lang.Object, java.lang.Object, java.lang.Object)'> (0x00000000d58fc740) 
thrown [s\src\hotspot\share\interpreter\linkResolver.cpp, line 773]
Event: 63.624 Thread 0x00000281dee8e350 Exception <a 'java/lang/NoSuchMethodError'{0x00000000d5962f80}: static Lorg/eclipse/m2e/core/internal/lifecyclemapping/model/PluginExecutionMetadata;.<clinit>()V> (0x00000000d5962f80) 
thrown [s\src\hotspot\share\prims\jni.cpp, line 1111]
Event: 63.636 Thread 0x00000281dee8e350 Exception <a 'java/lang/NoSuchMethodError'{0x00000000d59c0458}: static Lorg/eclipse/m2e/core/internal/lifecyclemapping/model/PluginExecutionFilter;.<clinit>()V> (0x00000000d59c0458) 
thrown [s\src\hotspot\share\prims\jni.cpp, line 1111]
Event: 63.641 Thread 0x00000281dee8e350 Exception <a 'java/lang/NoSuchMethodError'{0x00000000d59f6a30}: static Lorg/eclipse/m2e/core/internal/project/registry/MavenProjectFacade$MavenProjectConfiguration;.<clinit>()V> (0x00000000d59f6a30) 
thrown [s\src\hotspot\share\prims\jni.cpp, line 1111]
Event: 63.819 Thread 0x00000281dee8e350 Exception <a 'java/lang/NoSuchMethodError'{0x00000000d5f5a8c8}: 'double java.lang.invoke.DirectMethodHandle$Holder.invokeStatic(java.lang.Object, java.lang.Object)'> (0x00000000d5f5a8c8) 
thrown [s\src\hotspot\share\interpreter\linkResolver.cpp, line 773]
Event: 63.819 Thread 0x00000281dee8e350 Exception <a 'java/lang/NoSuchMethodError'{0x00000000d5f5df88}: 'double java.lang.invoke.DirectMethodHandle$Holder.invokeStaticInit(java.lang.Object, java.lang.Object)'> (0x00000000d5f5df88) 
thrown [s\src\hotspot\share\interpreter\linkResolver.cpp, line 773]
Event: 64.441 Thread 0x00000281dee8e350 Implicit null exception at 0x000002818ea2fff5 to 0x000002818ea300d0
Event: 64.678 Thread 0x00000281dee8e350 Exception <a 'java/lang/NoSuchMethodError'{0x00000000d66ed060}: 'java.lang.Object java.lang.invoke.DirectMethodHandle$Holder.newInvokeSpecial(java.lang.Object, int, java.lang.Object, java.lang.Object)'> (0x00000000d66ed060) 
thrown [s\src\hotspot\share\interpreter\linkResolver.cpp, line 773]
Event: 64.823 Thread 0x00000281dee684b0 Exception <a 'java/lang/NoSuchMethodError'{0x00000000d6aaa5d0}: 'java.lang.Object java.lang.invoke.DirectMethodHandle$Holder.invokeSpecialIFC(java.lang.Object, java.lang.Object, java.lang.Object, java.lang.Object)'> (0x00000000d6aaa5d0) 
thrown [s\src\hotspot\share\interpreter\linkResolver.cpp, line 773]

ZGC Phase Switch (0 events):
No events

VM Operations (20 events):
Event: 62.922 Executing VM operation: HandshakeAllThreads (Deoptimize)
Event: 62.922 Executing VM operation: HandshakeAllThreads (Deoptimize) done
Event: 63.006 Executing VM operation: ParallelGCFailedAllocation (Allocation Failure)
Event: 63.009 Executing VM operation: ParallelGCFailedAllocation (Allocation Failure) done
Event: 63.385 Executing VM operation: HandshakeAllThreads (Deoptimize)
Event: 63.386 Executing VM operation: HandshakeAllThreads (Deoptimize) done
Event: 63.475 Executing VM operation: HandshakeAllThreads (Deoptimize)
Event: 63.475 Executing VM operation: HandshakeAllThreads (Deoptimize) done
Event: 63.476 Executing VM operation: CollectForMetadataAllocation (Metadata GC Threshold)
Event: 63.517 Executing VM operation: CollectForMetadataAllocation (Metadata GC Threshold) done
Event: 64.059 Executing VM operation: ParallelGCFailedAllocation (Allocation Failure)
Event: 64.061 Executing VM operation: ParallelGCFailedAllocation (Allocation Failure) done
Event: 64.483 Executing VM operation: ParallelGCFailedAllocation (Allocation Failure)
Event: 64.486 Executing VM operation: ParallelGCFailedAllocation (Allocation Failure) done
Event: 64.720 Executing VM operation: HandshakeAllThreads (Deoptimize)
Event: 64.720 Executing VM operation: HandshakeAllThreads (Deoptimize) done
Event: 64.902 Executing VM operation: ParallelGCFailedAllocation (Allocation Failure)
Event: 64.905 Executing VM operation: ParallelGCFailedAllocation (Allocation Failure) done
Event: 65.914 Executing VM operation: Cleanup
Event: 65.915 Executing VM operation: Cleanup done

Memory protections (0 events):
No events

Nmethod flushes (0 events):
No events

Events (20 events):
Event: 33.336 Thread 0x00000281dc84fab0 Thread added: 0x00000281dc96e210
Event: 33.336 Thread 0x00000281dc84fab0 Thread added: 0x00000281e3703010
Event: 33.629 Thread 0x00000281e3703010 Thread exited: 0x00000281e3703010
Event: 33.675 Thread 0x00000281dc96e210 Thread exited: 0x00000281dc96e210
Event: 35.259 Thread 0x00000281debfc400 Thread exited: 0x00000281debfc400
Event: 36.087 Thread 0x00000281dee8e350 Thread added: 0x00000281e3b2dcc0
Event: 60.842 Thread 0x00000281dee8e350 Thread added: 0x00000281e3529500
Event: 61.054 Thread 0x00000281dc84dbc0 Thread added: 0x00000281e3a46c20
Event: 61.054 Thread 0x00000281dc84dbc0 Thread added: 0x00000281e3a472c0
Event: 61.287 Thread 0x00000281e3a472c0 Thread exited: 0x00000281e3a472c0
Event: 61.311 Thread 0x00000281dc84fab0 Thread added: 0x00000281e3250710
Event: 61.495 Thread 0x00000281e3a46c20 Thread exited: 0x00000281e3a46c20
Event: 61.508 Thread 0x00000281dee8e350 Thread added: 0x00000281dee656c0
Event: 62.574 Thread 0x00000281dee8e350 Thread added: 0x00000281dee67e20
Event: 62.705 Thread 0x00000281dee8e350 Thread added: 0x00000281dee684b0
Event: 62.732 Thread 0x00000281dee8e350 Thread added: 0x00000281dee68b40
Event: 62.829 Thread 0x00000281dc84fab0 Thread added: 0x00000281e48d7050
Event: 63.290 Thread 0x00000281e3250710 Thread added: 0x00000281dee6c6a0
Event: 64.038 Thread 0x00000281e3250710 Thread added: 0x00000281debe1f60
Event: 64.859 Thread 0x00000281dee68b40 Thread added: 0x00000281dee65d50


Dynamic libraries:
0x00007ff7567a0000 - 0x00007ff7567ae000 	c:\Users\l1816\.cursor\extensions\redhat.java-1.46.0-win32-x64\jre\21.0.8-win32-x86_64\bin\java.exe
0x00007ff8fcd40000 - 0x00007ff8fcfa8000 	C:\WINDOWS\SYSTEM32\ntdll.dll
0x00007ff8fb9a0000 - 0x00007ff8fba69000 	C:\WINDOWS\System32\KERNEL32.DLL
0x00007ff8fa430000 - 0x00007ff8fa828000 	C:\WINDOWS\System32\KERNELBASE.dll
0x00007ff8f5f10000 - 0x00007ff8f5faf000 	C:\WINDOWS\SYSTEM32\apphelp.dll
0x00007ff8fa830000 - 0x00007ff8fa97b000 	C:\WINDOWS\System32\ucrtbase.dll
0x00007ff8f48f0000 - 0x00007ff8f4908000 	c:\Users\l1816\.cursor\extensions\redhat.java-1.46.0-win32-x64\jre\21.0.8-win32-x86_64\bin\jli.dll
0x00007ff8f47f0000 - 0x00007ff8f480e000 	c:\Users\l1816\.cursor\extensions\redhat.java-1.46.0-win32-x64\jre\21.0.8-win32-x86_64\bin\VCRUNTIME140.dll
0x00007ff8fb350000 - 0x00007ff8fb517000 	C:\WINDOWS\System32\USER32.dll
0x00007ff8f9e90000 - 0x00007ff8f9eb7000 	C:\WINDOWS\System32\win32u.dll
0x00007ff8d8ab0000 - 0x00007ff8d8d44000 	C:\WINDOWS\WinSxS\amd64_microsoft.windows.common-controls_6595b64144ccf1df_6.0.26100.7019_none_3e06ffa0e335b8a8\COMCTL32.dll
0x00007ff8fbe00000 - 0x00007ff8fbea9000 	C:\WINDOWS\System32\msvcrt.dll
0x00007ff8fb290000 - 0x00007ff8fb2bb000 	C:\WINDOWS\System32\GDI32.dll
0x00007ff8fa240000 - 0x00007ff8fa36c000 	C:\WINDOWS\System32\gdi32full.dll
0x00007ff8fa980000 - 0x00007ff8faa23000 	C:\WINDOWS\System32\msvcp_win.dll
0x00007ff8fbb20000 - 0x00007ff8fbb51000 	C:\WINDOWS\System32\IMM32.DLL
0x00007ff8e83f0000 - 0x00007ff8e83fc000 	c:\Users\l1816\.cursor\extensions\redhat.java-1.46.0-win32-x64\jre\21.0.8-win32-x86_64\bin\vcruntime140_1.dll
0x00007ff8e8360000 - 0x00007ff8e83ed000 	c:\Users\l1816\.cursor\extensions\redhat.java-1.46.0-win32-x64\jre\21.0.8-win32-x86_64\bin\msvcp140.dll
0x00007ff849ca0000 - 0x00007ff84aa37000 	c:\Users\l1816\.cursor\extensions\redhat.java-1.46.0-win32-x64\jre\21.0.8-win32-x86_64\bin\server\jvm.dll
0x00007ff8fadb0000 - 0x00007ff8fae64000 	C:\WINDOWS\System32\ADVAPI32.dll
0x00007ff8fba70000 - 0x00007ff8fbb16000 	C:\WINDOWS\System32\sechost.dll
0x00007ff8fb170000 - 0x00007ff8fb288000 	C:\WINDOWS\System32\RPCRT4.dll
0x00007ff8fbd80000 - 0x00007ff8fbdf4000 	C:\WINDOWS\System32\WS2_32.dll
0x00007ff8f9cf0000 - 0x00007ff8f9d4e000 	C:\WINDOWS\SYSTEM32\POWRPROF.dll
0x00007ff8f3720000 - 0x00007ff8f3755000 	C:\WINDOWS\SYSTEM32\WINMM.dll
0x00007ff8ea360000 - 0x00007ff8ea36b000 	C:\WINDOWS\SYSTEM32\VERSION.dll
0x00007ff8f9cd0000 - 0x00007ff8f9ce4000 	C:\WINDOWS\SYSTEM32\UMPDC.dll
0x00007ff8f8c50000 - 0x00007ff8f8c6b000 	C:\WINDOWS\SYSTEM32\kernel.appcore.dll
0x00007ff8e8350000 - 0x00007ff8e835a000 	c:\Users\l1816\.cursor\extensions\redhat.java-1.46.0-win32-x64\jre\21.0.8-win32-x86_64\bin\jimage.dll
0x00007ff8f7200000 - 0x00007ff8f7442000 	C:\WINDOWS\SYSTEM32\DBGHELP.DLL
0x00007ff8fb520000 - 0x00007ff8fb8ab000 	C:\WINDOWS\System32\combase.dll
0x00007ff8fb8b0000 - 0x00007ff8fb987000 	C:\WINDOWS\System32\OLEAUT32.dll
0x00007ff8d8240000 - 0x00007ff8d827c000 	C:\WINDOWS\SYSTEM32\dbgcore.DLL
0x00007ff8faa30000 - 0x00007ff8faad5000 	C:\WINDOWS\System32\bcryptPrimitives.dll
0x00007ff8e8340000 - 0x00007ff8e834f000 	c:\Users\l1816\.cursor\extensions\redhat.java-1.46.0-win32-x64\jre\21.0.8-win32-x86_64\bin\instrument.dll
0x00007ff8e8320000 - 0x00007ff8e833f000 	c:\Users\l1816\.cursor\extensions\redhat.java-1.46.0-win32-x64\jre\21.0.8-win32-x86_64\bin\java.dll
0x00007ff8fc090000 - 0x00007ff8fc7df000 	C:\WINDOWS\System32\SHELL32.dll
0x00007ff8f9f50000 - 0x00007ff8fa0bb000 	C:\WINDOWS\System32\wintypes.dll
0x00007ff8f7a80000 - 0x00007ff8f82dd000 	C:\WINDOWS\SYSTEM32\windows.storage.dll
0x00007ff8fae90000 - 0x00007ff8faf82000 	C:\WINDOWS\System32\SHCORE.dll
0x00007ff8faae0000 - 0x00007ff8fab47000 	C:\WINDOWS\System32\shlwapi.dll
0x00007ff8f9db0000 - 0x00007ff8f9dd9000 	C:\WINDOWS\SYSTEM32\profapi.dll
0x00007ff8e8300000 - 0x00007ff8e8318000 	c:\Users\l1816\.cursor\extensions\redhat.java-1.46.0-win32-x64\jre\21.0.8-win32-x86_64\bin\zip.dll
0x00007ff8e82f0000 - 0x00007ff8e8300000 	C:\Users\l1816\.cursor\extensions\redhat.java-1.46.0-win32-x64\jre\21.0.8-win32-x86_64\bin\net.dll
0x00007ff8eb300000 - 0x00007ff8eb428000 	C:\WINDOWS\SYSTEM32\WINHTTP.dll
0x00007ff8f91c0000 - 0x00007ff8f922b000 	C:\WINDOWS\system32\mswsock.dll
0x00007ff8e82d0000 - 0x00007ff8e82e6000 	C:\Users\l1816\.cursor\extensions\redhat.java-1.46.0-win32-x64\jre\21.0.8-win32-x86_64\bin\nio.dll
0x00007ff8e82c0000 - 0x00007ff8e82d0000 	c:\Users\l1816\.cursor\extensions\redhat.java-1.46.0-win32-x64\jre\21.0.8-win32-x86_64\bin\verify.dll
0x00007ff8dc360000 - 0x00007ff8dc3a4000 	C:\Users\l1816\AppData\Roaming\Cursor\User\globalStorage\redhat.java\1.46.0\config_win\org.eclipse.equinox.launcher\org.eclipse.equinox.launcher.win32.win32.x86_64_1.2.1400.v20250801-0854\eclipse_11916.dll
0x00007ff8fab50000 - 0x00007ff8face7000 	C:\WINDOWS\System32\ole32.dll
0x00007ff8f9480000 - 0x00007ff8f949b000 	C:\WINDOWS\SYSTEM32\CRYPTSP.dll
0x00007ff8f8bb0000 - 0x00007ff8f8bea000 	C:\WINDOWS\system32\rsaenh.dll
0x00007ff8f9270000 - 0x00007ff8f929b000 	C:\WINDOWS\SYSTEM32\USERENV.dll
0x00007ff8f9d80000 - 0x00007ff8f9daa000 	C:\WINDOWS\SYSTEM32\bcrypt.dll
0x00007ff8f94a0000 - 0x00007ff8f94ac000 	C:\WINDOWS\SYSTEM32\CRYPTBASE.dll
0x00007ff8f8770000 - 0x00007ff8f87a4000 	C:\WINDOWS\SYSTEM32\IPHLPAPI.DLL
0x00007ff8fb990000 - 0x00007ff8fb99a000 	C:\WINDOWS\System32\NSI.dll
0x00007ff8de0b0000 - 0x00007ff8de0f9000 	C:\Users\l1816\AppData\Local\Temp\jna-101255416\jna13614715326351760174.dll
0x00007ff8fbb60000 - 0x00007ff8fbb68000 	C:\WINDOWS\System32\PSAPI.DLL

JVMTI agents:
c:\Users\l1816\.cursor\extensions\redhat.java-1.46.0-win32-x64\lombok\lombok-1.18.39-4050.jar path:c:\Users\l1816\.cursor\extensions\redhat.java-1.46.0-win32-x64\jre\21.0.8-win32-x86_64\bin\instrument.dll, loaded, initialized, instrumentlib options:none

dbghelp: loaded successfully - version: 4.0.5 - missing functions: none
symbol engine: initialized successfully - sym options: 0x614 - pdb path: .;c:\Users\l1816\.cursor\extensions\redhat.java-1.46.0-win32-x64\jre\21.0.8-win32-x86_64\bin;C:\WINDOWS\SYSTEM32;C:\WINDOWS\WinSxS\amd64_microsoft.windows.common-controls_6595b64144ccf1df_6.0.26100.7019_none_3e06ffa0e335b8a8;c:\Users\l1816\.cursor\extensions\redhat.java-1.46.0-win32-x64\jre\21.0.8-win32-x86_64\bin\server;C:\Users\l1816\AppData\Roaming\Cursor\User\globalStorage\redhat.java\1.46.0\config_win\org.eclipse.equinox.launcher\org.eclipse.equinox.launcher.win32.win32.x86_64_1.2.1400.v20250801-0854;C:\Users\l1816\AppData\Local\Temp\jna-101255416

VM Arguments:
jvm_args: --add-modules=ALL-SYSTEM --add-opens=java.base/java.util=ALL-UNNAMED --add-opens=java.base/java.lang=ALL-UNNAMED --add-opens=java.base/sun.nio.fs=ALL-UNNAMED -Declipse.application=org.eclipse.jdt.ls.core.id1 -Dosgi.bundles.defaultStartLevel=4 -Declipse.product=org.eclipse.jdt.ls.core.product -Djava.import.generatesMetadataFilesAtProjectRoot=false -DDetectVMInstallationsJob.disabled=true -Dfile.encoding=utf8 -XX:+UseParallelGC -XX:GCTimeRatio=4 -XX:AdaptiveSizePolicyWeight=90 -Dsun.zip.disableMemoryMapping=true -Xmx2G -Xms100m -Xlog:disable -javaagent:c:\Users\l1816\.cursor\extensions\redhat.java-1.46.0-win32-x64\lombok\lombok-1.18.39-4050.jar -XX:+HeapDumpOnOutOfMemoryError -XX:HeapDumpPath=c:\Users\l1816\AppData\Roaming\Cursor\User\workspaceStorage\9a9c6f2e96041c0e531f48a2dc2e720c\redhat.java -Daether.dependencyCollector.impl=bf 
java_command: c:\Users\l1816\.cursor\extensions\redhat.java-1.46.0-win32-x64\server\plugins\org.eclipse.equinox.launcher_1.7.0.v20250519-0528.jar -configuration c:\Users\l1816\AppData\Roaming\Cursor\User\globalStorage\redhat.java\1.46.0\config_win -data c:\Users\l1816\AppData\Roaming\Cursor\User\workspaceStorage\9a9c6f2e96041c0e531f48a2dc2e720c\redhat.java\jdt_ws --pipe=\\.\pipe\lsp-3a4c780b2690c0d4b15f3d01239acda3-sock
java_class_path (initial): c:\Users\l1816\.cursor\extensions\redhat.java-1.46.0-win32-x64\server\plugins\org.eclipse.equinox.launcher_1.7.0.v20250519-0528.jar
Launcher Type: SUN_STANDARD

[Global flags]
    uintx AdaptiveSizePolicyWeight                 = 90                                        {product} {command line}
     intx CICompilerCount                          = 12                                        {product} {ergonomic}
    uintx GCTimeRatio                              = 4                                         {product} {command line}
     bool HeapDumpOnOutOfMemoryError               = true                                   {manageable} {command line}
    ccstr HeapDumpPath                             = c:\Users\l1816\AppData\Roaming\Cursor\User\workspaceStorage\9a9c6f2e96041c0e531f48a2dc2e720c\redhat.java         {manageable} {command line}
   size_t InitialHeapSize                          = 104857600                                 {product} {command line}
   size_t MaxHeapSize                              = 2147483648                                {product} {command line}
   size_t MaxNewSize                               = 715653120                                 {product} {ergonomic}
   size_t MinHeapDeltaBytes                        = 524288                                    {product} {ergonomic}
   size_t MinHeapSize                              = 104857600                                 {product} {command line}
   size_t NewSize                                  = 34603008                                  {product} {ergonomic}
    uintx NonNMethodCodeHeapSize                   = 7602480                                {pd product} {ergonomic}
    uintx NonProfiledCodeHeapSize                  = 122027880                              {pd product} {ergonomic}
   size_t OldSize                                  = 70254592                                  {product} {ergonomic}
    uintx ProfiledCodeHeapSize                     = 122027880                              {pd product} {ergonomic}
    uintx ReservedCodeCacheSize                    = 251658240                              {pd product} {ergonomic}
     bool SegmentedCodeCache                       = true                                      {product} {ergonomic}
   size_t SoftMaxHeapSize                          = 2147483648                             {manageable} {ergonomic}
     bool UseCompressedOops                        = true                           {product lp64_product} {ergonomic}
     bool UseLargePagesIndividualAllocation        = false                                  {pd product} {ergonomic}
     bool UseParallelGC                            = true                                      {product} {command line}

Logging:
Log output configuration:
 #0: stdout all=off uptime,level,tags foldmultilines=false
 #1: stderr all=off uptime,level,tags foldmultilines=false

Environment Variables:
JAVA_HOME=C:\Users\l1816\JDK\jdk1.8
PATH=c:\Users\l1816\AppData\Local\Programs\cursor\resources\app\bin;C:\Program Files (x86)\Common Files\Oracle\Java\java8path;C:\Program Files (x86)\Common Files\Oracle\Java\javapath;c:\Users\l1816\AppData\Local\Programs\cursor\resources\app\bin;c:\Users\l1816\AppData\Local\Programs\cursor\resources\app\bin;C:\Program Files (x86)\VMware\VMware Workstation\bin\;C:\Windows\system32;C:\Windows;C:\Windows\System32\Wbem;C:\Windows\System32\WindowsPowerShell\v1.0\;C:\Windows\System32\OpenSSH\;C:\Program Files\Microsoft SQL Server\150\Tools\Binn\;C:\Program Files\dotnet\;C:\Program Files (x86)\Windows Kits\10\Windows Performance Toolkit\;C:\糧湮呇庈部\mingw64\bin;c:\U;ers\l1816\AppData\Local\Programs\cursor\resources\app\bin;C:\WINDOWS\system32;C:\WINDOWS;C:\WINDOWS\System32\Wbem;C:\WINDOWS\System32\WindowsPowerShell\v1.0\;C:\WINDOWS\System32\OpenSSH\;C:\Program File;C:\MySQL\MySQL Server 8.0\bin;C:\Program Files\Git\cmd;C:\Program Files (x86)\Tencent\峚陓web羲楷氪馱撿\dll;C:\Users\l1816\NVM\nvm;C:\Program Files\nodejs;C:\Program Files\nodejs\;C:\Python27;C:\Python27\Scripts;C:\Program Files\nodejs;C:\Program Files\AskLink;E:\programe\oracle\dbhomexe\bin;E:\Programe\Maven\apache-maven-3.9.10\bin;C:\strawberry\c\bin;C:\strawberry\perl\bin;E:\Programe\loadrunner12\loadrunner12\strawberry-perl\perl\bin;E:\Programe\Cursor\cursor\resources\app\bin;e:\Programe\Trae\Trae CN\bin;C:\MySQL\MySQL Shell 8.0\bin\;C:\Users\l1816\AppData\Local\Microsoft\WindowsApps;C:\Users\l1816\.dotnet\tools;C:\Users\l1816\AppData\Local\Programs\Microsoft VS Code\bin;C:\Program Files\JetBrains\PyCharm Community Edition 2023.3.4\bin;E:\Programe\IDEA\IntelliJ IDEA 2025.2.4\bin;E:\Programe\windsurf\Windsurf\bin
USERNAME=l1816
TERM=dumb
OS=Windows_NT
PROCESSOR_IDENTIFIER=Intel64 Family 6 Model 154 Stepping 3, GenuineIntel
TMP=C:\Users\l1816\AppData\Local\Temp
TEMP=C:\Users\l1816\AppData\Local\Temp




Periodic native trim disabled

---------------  S Y S T E M  ---------------

OS:
 Windows 11 , 64 bit Build 26100 (10.0.26100.7019)
OS uptime: 0 days 0:19 hours
Hyper-V role detected

CPU: total 20 (initial active 20) (10 cores per cpu, 2 threads per core) family 6 model 154 stepping 3 microcode 0x423, cx8, cmov, fxsr, ht, mmx, 3dnowpref, sse, sse2, sse3, ssse3, sse4.1, sse4.2, popcnt, lzcnt, tsc, tscinvbit, avx, avx2, aes, erms, clmul, bmi1, bmi2, adx, sha, fma, vzeroupper, clflush, clflushopt, clwb, hv, serialize, rdtscp, rdpid, fsrm, f16c, cet_ibt, cet_ss
Processor Information for processor 0
  Max Mhz: 2300, Current Mhz: 2300, Mhz Limit: 2300
Processor Information for processor 1
  Max Mhz: 2300, Current Mhz: 2300, Mhz Limit: 2300
Processor Information for processor 2
  Max Mhz: 2300, Current Mhz: 2300, Mhz Limit: 2300
Processor Information for processor 3
  Max Mhz: 2300, Current Mhz: 2300, Mhz Limit: 2300
Processor Information for processor 4
  Max Mhz: 2300, Current Mhz: 2300, Mhz Limit: 2300
Processor Information for processor 5
  Max Mhz: 2300, Current Mhz: 2300, Mhz Limit: 2300
Processor Information for processor 6
  Max Mhz: 2300, Current Mhz: 2300, Mhz Limit: 2300
Processor Information for processor 7
  Max Mhz: 2300, Current Mhz: 2300, Mhz Limit: 2300
Processor Information for processor 8
  Max Mhz: 2300, Current Mhz: 2300, Mhz Limit: 2300
Processor Information for processor 9
  Max Mhz: 2300, Current Mhz: 2300, Mhz Limit: 2300
Processor Information for processor 10
  Max Mhz: 2300, Current Mhz: 2300, Mhz Limit: 2300
Processor Information for processor 11
  Max Mhz: 2300, Current Mhz: 2300, Mhz Limit: 2300
Processor Information for processor 12
  Max Mhz: 2300, Current Mhz: 1488, Mhz Limit: 2300
Processor Information for processor 13
  Max Mhz: 2300, Current Mhz: 2300, Mhz Limit: 2300
Processor Information for processor 14
  Max Mhz: 2300, Current Mhz: 2300, Mhz Limit: 2300
Processor Information for processor 15
  Max Mhz: 2300, Current Mhz: 2300, Mhz Limit: 2300
Processor Information for processor 16
  Max Mhz: 2300, Current Mhz: 2300, Mhz Limit: 2300
Processor Information for processor 17
  Max Mhz: 2300, Current Mhz: 2300, Mhz Limit: 2300
Processor Information for processor 18
  Max Mhz: 2300, Current Mhz: 1488, Mhz Limit: 2300
Processor Information for processor 19
  Max Mhz: 2300, Current Mhz: 2300, Mhz Limit: 2300

Memory: 4k page, system-wide physical 16081M (2523M free)
TotalPageFile size 19921M (AvailPageFile size 15M)
current process WorkingSet (physical memory assigned to process): 180M, peak: 180M
current process commit charge ("private bytes"): 329M, peak: 329M

vm_info: OpenJDK 64-Bit Server VM (21.0.8+9-LTS) for windows-amd64 JRE (21.0.8+9-LTS), built on 2025-07-15T00:00:00Z by "admin" with MS VC++ 17.7 (VS2022)

END.
