#
# There is insufficient memory for the Java Runtime Environment to continue.
# Native memory allocation (malloc) failed to allocate 184112 bytes. Error detail: Chunk::new
# Possible reasons:
#   The system is out of physical RAM or swap space
#   This process is running with CompressedOops enabled, and the Java Heap may be blocking the growth of the native heap
# Possible solutions:
#   Reduce memory load on the system
#   Increase physical memory or swap space
#   Check if swap backing store is full
#   Decrease Java heap size (-Xmx/-Xms)
#   Decrease number of Java threads
#   Decrease Java thread stack sizes (-Xss)
#   Set larger code cache with -XX:ReservedCodeCacheSize=
#   JVM is running with Unscaled Compressed Oops mode in which the Java heap is
#     placed in the first 4GB address space. The Java Heap base address is the
#     maximum limit for the native heap growth. Please use -XX:HeapBaseMinAddress
#     to set the Java Heap base and to place the Java Heap above 4GB virtual address.
# This output file may be truncated or incomplete.
#
#  Out of Memory Error (arena.cpp:168), pid=26516, tid=12024
#
# JRE version: OpenJDK Runtime Environment Temurin-21.0.8+9 (21.0.8+9) (build 21.0.8+9-LTS)
# Java VM: OpenJDK 64-Bit Server VM Temurin-21.0.8+9 (21.0.8+9-LTS, mixed mode, sharing, tiered, compressed oops, compressed class ptrs, parallel gc, windows-amd64)
# No core dump will be written. Minidumps are not enabled by default on client versions of Windows
#

---------------  S U M M A R Y ------------

Command Line: --add-modules=ALL-SYSTEM --add-opens=java.base/java.util=ALL-UNNAMED --add-opens=java.base/java.lang=ALL-UNNAMED --add-opens=java.base/sun.nio.fs=ALL-UNNAMED -Declipse.application=org.eclipse.jdt.ls.core.id1 -Dosgi.bundles.defaultStartLevel=4 -Declipse.product=org.eclipse.jdt.ls.core.product -Djava.import.generatesMetadataFilesAtProjectRoot=false -DDetectVMInstallationsJob.disabled=true -Dfile.encoding=utf8 -XX:+UseParallelGC -XX:GCTimeRatio=4 -XX:AdaptiveSizePolicyWeight=90 -Dsun.zip.disableMemoryMapping=true -Xmx2G -Xms100m -Xlog:disable -javaagent:c:\Users\l1816\.cursor\extensions\redhat.java-1.46.0-win32-x64\lombok\lombok-1.18.39-4050.jar -XX:+HeapDumpOnOutOfMemoryError -XX:HeapDumpPath=c:\Users\l1816\AppData\Roaming\Cursor\User\workspaceStorage\9a9c6f2e96041c0e531f48a2dc2e720c\redhat.java -Daether.dependencyCollector.impl=bf c:\Users\l1816\.cursor\extensions\redhat.java-1.46.0-win32-x64\server\plugins\org.eclipse.equinox.launcher_1.7.0.v20250519-0528.jar -configuration c:\Users\l1816\AppData\Roaming\Cursor\User\globalStorage\redhat.java\1.46.0\config_win -data c:\Users\l1816\AppData\Roaming\Cursor\User\workspaceStorage\9a9c6f2e96041c0e531f48a2dc2e720c\redhat.java\jdt_ws --pipe=\\.\pipe\lsp-5adf55ef64bc236e147473a712bb345b-sock

Host: 12th Gen Intel(R) Core(TM) i7-12700H, 20 cores, 15G,  Windows 11 , 64 bit Build 26100 (10.0.26100.7019)
Time: Wed Dec 24 20:32:06 2025 elapsed time: 42.317454 seconds (0d 0h 0m 42s)

---------------  T H R E A D  ---------------

Current thread (0x0000021d5d2f4570):  JavaThread "C2 CompilerThread0" daemon [_thread_in_native, id=12024, stack(0x0000007609900000,0x0000007609a00000) (1024K)]


Current CompileTask:
C2:42317 2697 % !   4       java.util.concurrent.ConcurrentHashMap::transfer @ 372 (849 bytes)

Stack: [0x0000007609900000,0x0000007609a00000]
Native frames: (J=compiled Java code, j=interpreted, Vv=VM code, C=native code)
V  [jvm.dll+0x6d2449]
V  [jvm.dll+0x8ae341]
V  [jvm.dll+0x8b08be]
V  [jvm.dll+0x8b0fa3]
V  [jvm.dll+0x280c96]
V  [jvm.dll+0xc581d]
V  [jvm.dll+0xc5d53]
V  [jvm.dll+0x3b919c]
V  [jvm.dll+0x385315]
V  [jvm.dll+0x38477a]
V  [jvm.dll+0x248ed0]
V  [jvm.dll+0x2484af]
V  [jvm.dll+0x1c89ee]
V  [jvm.dll+0x257d4d]
V  [jvm.dll+0x2562ea]
V  [jvm.dll+0x3f2d16]
V  [jvm.dll+0x857e6b]
V  [jvm.dll+0x6d0b0d]
C  [ucrtbase.dll+0x37b0]
C  [KERNEL32.DLL+0x2e8d7]
C  [ntdll.dll+0x8c53c]


---------------  P R O C E S S  ---------------

Threads class SMR info:
_java_thread_list=0x0000021d640efb20, length=16, elements={
0x0000021d431253c0, 0x0000021d5bef4190, 0x0000021d5d2e6fb0, 0x0000021d5d2e9220,
0x0000021d5d2ebeb0, 0x0000021d5d2eee70, 0x0000021d5d2f1d90, 0x0000021d5d2f4570,
0x0000021d5d3011b0, 0x0000021d454db770, 0x0000021d5f203df0, 0x0000021d6409c0a0,
0x0000021d643c27f0, 0x0000021d643aff00, 0x0000021d64312710, 0x0000021d5f8bac40
}

Java Threads: ( => current thread )
  0x0000021d431253c0 JavaThread "main"                              [_thread_blocked, id=13040, stack(0x0000007608f00000,0x0000007609000000) (1024K)]
  0x0000021d5bef4190 JavaThread "Reference Handler"          daemon [_thread_blocked, id=8584, stack(0x0000007609300000,0x0000007609400000) (1024K)]
  0x0000021d5d2e6fb0 JavaThread "Finalizer"                  daemon [_thread_blocked, id=16768, stack(0x0000007609400000,0x0000007609500000) (1024K)]
  0x0000021d5d2e9220 JavaThread "Signal Dispatcher"          daemon [_thread_blocked, id=2324, stack(0x0000007609500000,0x0000007609600000) (1024K)]
  0x0000021d5d2ebeb0 JavaThread "Attach Listener"            daemon [_thread_blocked, id=25040, stack(0x0000007609600000,0x0000007609700000) (1024K)]
  0x0000021d5d2eee70 JavaThread "Service Thread"             daemon [_thread_blocked, id=26584, stack(0x0000007609700000,0x0000007609800000) (1024K)]
  0x0000021d5d2f1d90 JavaThread "Monitor Deflation Thread"   daemon [_thread_blocked, id=24876, stack(0x0000007609800000,0x0000007609900000) (1024K)]
=>0x0000021d5d2f4570 JavaThread "C2 CompilerThread0"         daemon [_thread_in_native, id=12024, stack(0x0000007609900000,0x0000007609a00000) (1024K)]
  0x0000021d5d3011b0 JavaThread "C1 CompilerThread0"         daemon [_thread_blocked, id=24032, stack(0x0000007609a00000,0x0000007609b00000) (1024K)]
  0x0000021d454db770 JavaThread "Common-Cleaner"             daemon [_thread_blocked, id=7692, stack(0x0000007609c00000,0x0000007609d00000) (1024K)]
  0x0000021d5f203df0 JavaThread "Notification Thread"        daemon [_thread_blocked, id=17796, stack(0x000000760a100000,0x000000760a200000) (1024K)]
  0x0000021d6409c0a0 JavaThread "Active Thread: Equinox Container: 4ba77abc-b783-4c97-8daa-cc081f2a7a7f"        [_thread_blocked, id=16760, stack(0x000000760aa00000,0x000000760ab00000) (1024K)]
  0x0000021d643c27f0 JavaThread "Refresh Thread: Equinox Container: 4ba77abc-b783-4c97-8daa-cc081f2a7a7f" daemon [_thread_blocked, id=12080, stack(0x0000007609b00000,0x0000007609c00000) (1024K)]
  0x0000021d643aff00 JavaThread "Framework Event Dispatcher: Equinox Container: 4ba77abc-b783-4c97-8daa-cc081f2a7a7f" daemon [_thread_blocked, id=26156, stack(0x0000007609d00000,0x0000007609e00000) (1024K)]
  0x0000021d64312710 JavaThread "Start Level: Equinox Container: 4ba77abc-b783-4c97-8daa-cc081f2a7a7f" daemon [_thread_in_vm, id=5356, stack(0x0000007609e00000,0x0000007609f00000) (1024K)]
  0x0000021d5f8bac40 JavaThread "Bundle File Closer"         daemon [_thread_blocked, id=4344, stack(0x000000760ad00000,0x000000760ae00000) (1024K)]
Total: 16

Other Threads:
  0x0000021d5bee4080 VMThread "VM Thread"                           [id=23980, stack(0x0000007609200000,0x0000007609300000) (1024K)]
  0x0000021d5bddba00 WatcherThread "VM Periodic Task Thread"        [id=26308, stack(0x0000007609100000,0x0000007609200000) (1024K)]
  0x0000021d4548c9b0 WorkerThread "GC Thread#0"                     [id=4952, stack(0x0000007609000000,0x0000007609100000) (1024K)]
  0x0000021d64029e20 WorkerThread "GC Thread#1"                     [id=9992, stack(0x000000760a200000,0x000000760a300000) (1024K)]
  0x0000021d64155a40 WorkerThread "GC Thread#2"                     [id=17236, stack(0x000000760a300000,0x000000760a400000) (1024K)]
  0x0000021d64155de0 WorkerThread "GC Thread#3"                     [id=25488, stack(0x000000760a400000,0x000000760a500000) (1024K)]
  0x0000021d64156180 WorkerThread "GC Thread#4"                     [id=16800, stack(0x000000760a500000,0x000000760a600000) (1024K)]
  0x0000021d64156520 WorkerThread "GC Thread#5"                     [id=2612, stack(0x000000760a600000,0x000000760a700000) (1024K)]
  0x0000021d6403e740 WorkerThread "GC Thread#6"                     [id=25080, stack(0x000000760a700000,0x000000760a800000) (1024K)]
  0x0000021d6405c570 WorkerThread "GC Thread#7"                     [id=3296, stack(0x000000760ab00000,0x000000760ac00000) (1024K)]
  0x0000021d646337b0 WorkerThread "GC Thread#8"                     [id=23988, stack(0x000000760a800000,0x000000760a900000) (1024K)]
  0x0000021d5f615ed0 WorkerThread "GC Thread#9"                     [id=15252, stack(0x000000760a900000,0x000000760aa00000) (1024K)]
  0x0000021d5f615b30 WorkerThread "GC Thread#10"                    [id=24760, stack(0x000000760ac00000,0x000000760ad00000) (1024K)]
Total: 13

Threads with active compile tasks:
C2 CompilerThread0  42354 2697 % !   4       java.util.concurrent.ConcurrentHashMap::transfer @ 372 (849 bytes)
Total: 1

VM state: not at safepoint (normal execution)

VM Mutex/Monitor currently owned by a thread:  ([mutex/lock_event])
[0x00007ffa1dc53458] Metaspace_lock - owner thread: 0x0000021d64312710

Heap address: 0x0000000080000000, size: 2048 MB, Compressed Oops mode: 32-bit

CDS archive(s) mapped at: [0x0000021d00000000-0x0000021d00ba0000-0x0000021d00ba0000), size 12189696, SharedBaseAddress: 0x0000021d00000000, ArchiveRelocationMode: 1.
Compressed class space mapped at: 0x0000021d01000000-0x0000021d41000000, reserved size: 1073741824
Narrow klass base: 0x0000021d00000000, Narrow klass shift: 0, Narrow klass range: 0x100000000

GC Precious Log:
 CardTable entry size: 512
 CPUs: 20 total, 20 available
 Memory: 16081M
 Large Page Support: Disabled
 NUMA Support: Disabled
 Compressed Oops: Enabled (32-bit)
 Alignments: Space 512K, Generation 512K, Heap 2M
 Heap Min Capacity: 100M
 Heap Initial Capacity: 100M
 Heap Max Capacity: 2G
 Pre-touch: Disabled
 Parallel Workers: 15

Heap:
 PSYoungGen      total 29696K, used 25815K [0x00000000d5580000, 0x00000000d7680000, 0x0000000100000000)
  eden space 25600K, 84% used [0x00000000d5580000,0x00000000d6abd9f8,0x00000000d6e80000)
  from space 4096K, 99% used [0x00000000d6e80000,0x00000000d72783a0,0x00000000d7280000)
  to   space 4096K, 0% used [0x00000000d7280000,0x00000000d7280000,0x00000000d7680000)
 ParOldGen       total 68608K, used 4044K [0x0000000080000000, 0x0000000084300000, 0x00000000d5580000)
  object space 68608K, 5% used [0x0000000080000000,0x00000000803f3120,0x0000000084300000)
 Metaspace       used 10436K, committed 10816K, reserved 1114112K
  class space    used 1081K, committed 1216K, reserved 1048576K

Card table byte_map: [0x0000021d44e00000,0x0000021d45210000] _byte_map_base: 0x0000021d44a00000

Marking Bits: (ParMarkBitMap*) 0x00007ffa1dc5a340
 Begin Bits: [0x0000021d57900000, 0x0000021d59900000)
 End Bits:   [0x0000021d59900000, 0x0000021d5b900000)

Polling page: 0x0000021d433c0000

Metaspace:

Usage:
  Non-class:      9.14 MB used.
      Class:      1.06 MB used.
       Both:     10.19 MB used.

Virtual space:
  Non-class space:       64.00 MB reserved,       9.38 MB ( 15%) committed,  1 nodes.
      Class space:        1.00 GB reserved,       1.19 MB ( <1%) committed,  1 nodes.
             Both:        1.06 GB reserved,      10.56 MB ( <1%) committed. 

Chunk freelists:
   Non-Class:  6.11 MB
       Class:  14.71 MB
        Both:  20.82 MB

MaxMetaspaceSize: unlimited
CompressedClassSpaceSize: 1.00 GB
Initial GC threshold: 21.00 MB
Current GC threshold: 21.00 MB
CDS: on
 - commit_granule_bytes: 65536.
 - commit_granule_words: 8192.
 - virtual_space_node_default_size: 8388608.
 - enlarge_chunks_in_place: 1.
 - use_allocation_guard: 0.


Internal statistics:

num_allocs_failed_limit: 0.
num_arena_births: 266.
num_arena_deaths: 0.
num_vsnodes_births: 2.
num_vsnodes_deaths: 0.
num_space_committed: 169.
num_space_uncommitted: 0.
num_chunks_returned_to_freelist: 0.
num_chunks_taken_from_freelist: 561.
num_chunk_merges: 0.
num_chunk_splits: 348.
num_chunks_enlarged: 231.
num_inconsistent_stats: 0.

CodeHeap 'non-profiled nmethods': size=119168Kb used=1221Kb max_used=1221Kb free=117946Kb
 bounds [0x0000021d501f0000, 0x0000021d50460000, 0x0000021d57650000]
CodeHeap 'profiled nmethods': size=119104Kb used=5344Kb max_used=5344Kb free=113759Kb
 bounds [0x0000021d48650000, 0x0000021d48b90000, 0x0000021d4faa0000]
CodeHeap 'non-nmethods': size=7488Kb used=1235Kb max_used=2954Kb free=6252Kb
 bounds [0x0000021d4faa0000, 0x0000021d4fd90000, 0x0000021d501f0000]
CodeCache: size=245760Kb, used=7800Kb, max_used=9519Kb, free=237957Kb
 total_blobs=3208, nmethods=2710, adapters=404, full_count=0
Compilation: enabled, stopped_count=0, restarted_count=0

Compilation events (20 events):
Event: 39.276 Thread 0x0000021d5d3011b0 2690       3       org.osgi.framework.Version::toString (5 bytes)
Event: 39.276 Thread 0x0000021d5d3011b0 nmethod 2690 0x0000021d48b6c610 code [0x0000021d48b6c7c0, 0x0000021d48b6c918]
Event: 39.276 Thread 0x0000021d5d3011b0 2691       3       org.osgi.framework.Version::toString0 (102 bytes)
Event: 39.277 Thread 0x0000021d5d3011b0 nmethod 2691 0x0000021d48b6ca10 code [0x0000021d48b6ccc0, 0x0000021d48b6d690]
Event: 39.278 Thread 0x0000021d5d3011b0 2692       3       org.eclipse.osgi.internal.loader.ModuleClassLoader::getBundle (11 bytes)
Event: 39.278 Thread 0x0000021d5d3011b0 nmethod 2692 0x0000021d48b6db10 code [0x0000021d48b6dce0, 0x0000021d48b6e0f0]
Event: 39.280 Thread 0x0000021d5d3011b0 2693       3       org.eclipse.osgi.internal.framework.EquinoxBundle::getVersion (11 bytes)
Event: 39.280 Thread 0x0000021d5d3011b0 nmethod 2693 0x0000021d48b6e310 code [0x0000021d48b6e4c0, 0x0000021d48b6e688]
Event: 39.282 Thread 0x0000021d5d3011b0 2694       3       org.eclipse.osgi.internal.loader.classpath.ClasspathManager::processClass (91 bytes)
Event: 39.282 Thread 0x0000021d5d3011b0 nmethod 2694 0x0000021d48b6e790 code [0x0000021d48b6e9a0, 0x0000021d48b6f268]
Event: 39.283 Thread 0x0000021d5d3011b0 2695       3       org.eclipse.osgi.internal.loader.ModuleClassLoader::toString (80 bytes)
Event: 39.283 Thread 0x0000021d5d3011b0 nmethod 2695 0x0000021d48b6f510 code [0x0000021d48b6f880, 0x0000021d48b70a70]
Event: 39.283 Thread 0x0000021d5d3011b0 2696       3       java.util.AbstractList::listIterator (6 bytes)
Event: 39.283 Thread 0x0000021d5d2f4570 2697 % !   4       java.util.concurrent.ConcurrentHashMap::transfer @ 372 (849 bytes)
Event: 39.283 Thread 0x0000021d5d3011b0 nmethod 2696 0x0000021d48b71190 code [0x0000021d48b71340, 0x0000021d48b71518]
Event: 39.284 Thread 0x0000021d5d3011b0 2698   !   3       org.eclipse.osgi.internal.framework.EquinoxContainer::getServiceRegistry (17 bytes)
Event: 39.284 Thread 0x0000021d5d3011b0 nmethod 2698 0x0000021d48b71590 code [0x0000021d48b71740, 0x0000021d48b71940]
Event: 40.289 Thread 0x0000021d5d3011b0 2699       3       java.lang.invoke.DirectMethodHandle::make (21 bytes)
Event: 40.290 Thread 0x0000021d5d3011b0 nmethod 2699 0x0000021d48b71a10 code [0x0000021d48b71be0, 0x0000021d48b71ec8]
Event: 40.294 Thread 0x0000021d5d3011b0 2700       3       org.eclipse.osgi.internal.serviceregistry.FilteredServiceListener::serviceChanged (296 bytes)

GC Heap History (6 events):
Event: 0.642 GC heap before
{Heap before GC invocations=1 (full 0):
 PSYoungGen      total 29696K, used 25600K [0x00000000d5580000, 0x00000000d7680000, 0x0000000100000000)
  eden space 25600K, 100% used [0x00000000d5580000,0x00000000d6e80000,0x00000000d6e80000)
  from space 4096K, 0% used [0x00000000d7280000,0x00000000d7280000,0x00000000d7680000)
  to   space 4096K, 0% used [0x00000000d6e80000,0x00000000d6e80000,0x00000000d7280000)
 ParOldGen       total 68608K, used 0K [0x0000000080000000, 0x0000000084300000, 0x00000000d5580000)
  object space 68608K, 0% used [0x0000000080000000,0x0000000080000000,0x0000000084300000)
 Metaspace       used 4153K, committed 4416K, reserved 1114112K
  class space    used 457K, committed 576K, reserved 1048576K
}
Event: 0.647 GC heap after
{Heap after GC invocations=1 (full 0):
 PSYoungGen      total 29696K, used 3731K [0x00000000d5580000, 0x00000000d7680000, 0x0000000100000000)
  eden space 25600K, 0% used [0x00000000d5580000,0x00000000d5580000,0x00000000d6e80000)
  from space 4096K, 91% used [0x00000000d6e80000,0x00000000d7224d90,0x00000000d7280000)
  to   space 4096K, 0% used [0x00000000d7280000,0x00000000d7280000,0x00000000d7680000)
 ParOldGen       total 68608K, used 16K [0x0000000080000000, 0x0000000084300000, 0x00000000d5580000)
  object space 68608K, 0% used [0x0000000080000000,0x0000000080004000,0x0000000084300000)
 Metaspace       used 4153K, committed 4416K, reserved 1114112K
  class space    used 457K, committed 576K, reserved 1048576K
}
Event: 1.120 GC heap before
{Heap before GC invocations=2 (full 0):
 PSYoungGen      total 29696K, used 29331K [0x00000000d5580000, 0x00000000d7680000, 0x0000000100000000)
  eden space 25600K, 100% used [0x00000000d5580000,0x00000000d6e80000,0x00000000d6e80000)
  from space 4096K, 91% used [0x00000000d6e80000,0x00000000d7224d90,0x00000000d7280000)
  to   space 4096K, 0% used [0x00000000d7280000,0x00000000d7280000,0x00000000d7680000)
 ParOldGen       total 68608K, used 16K [0x0000000080000000, 0x0000000084300000, 0x00000000d5580000)
  object space 68608K, 0% used [0x0000000080000000,0x0000000080004000,0x0000000084300000)
 Metaspace       used 7788K, committed 8064K, reserved 1114112K
  class space    used 811K, committed 960K, reserved 1048576K
}
Event: 1.123 GC heap after
{Heap after GC invocations=2 (full 0):
 PSYoungGen      total 29696K, used 4077K [0x00000000d5580000, 0x00000000d7680000, 0x0000000100000000)
  eden space 25600K, 0% used [0x00000000d5580000,0x00000000d5580000,0x00000000d6e80000)
  from space 4096K, 99% used [0x00000000d7280000,0x00000000d767b7a0,0x00000000d7680000)
  to   space 4096K, 0% used [0x00000000d6e80000,0x00000000d6e80000,0x00000000d7280000)
 ParOldGen       total 68608K, used 1777K [0x0000000080000000, 0x0000000084300000, 0x00000000d5580000)
  object space 68608K, 2% used [0x0000000080000000,0x00000000801bc6a8,0x0000000084300000)
 Metaspace       used 7788K, committed 8064K, reserved 1114112K
  class space    used 811K, committed 960K, reserved 1048576K
}
Event: 25.540 GC heap before
{Heap before GC invocations=3 (full 0):
 PSYoungGen      total 29696K, used 29677K [0x00000000d5580000, 0x00000000d7680000, 0x0000000100000000)
  eden space 25600K, 100% used [0x00000000d5580000,0x00000000d6e80000,0x00000000d6e80000)
  from space 4096K, 99% used [0x00000000d7280000,0x00000000d767b7a0,0x00000000d7680000)
  to   space 4096K, 0% used [0x00000000d6e80000,0x00000000d6e80000,0x00000000d7280000)
 ParOldGen       total 68608K, used 1777K [0x0000000080000000, 0x0000000084300000, 0x00000000d5580000)
  object space 68608K, 2% used [0x0000000080000000,0x00000000801bc6a8,0x0000000084300000)
 Metaspace       used 9471K, committed 9792K, reserved 1114112K
  class space    used 1011K, committed 1152K, reserved 1048576K
}
Event: 25.544 GC heap after
{Heap after GC invocations=3 (full 0):
 PSYoungGen      total 29696K, used 4064K [0x00000000d5580000, 0x00000000d7680000, 0x0000000100000000)
  eden space 25600K, 0% used [0x00000000d5580000,0x00000000d5580000,0x00000000d6e80000)
  from space 4096K, 99% used [0x00000000d6e80000,0x00000000d72783a0,0x00000000d7280000)
  to   space 4096K, 0% used [0x00000000d7280000,0x00000000d7280000,0x00000000d7680000)
 ParOldGen       total 68608K, used 4044K [0x0000000080000000, 0x0000000084300000, 0x00000000d5580000)
  object space 68608K, 5% used [0x0000000080000000,0x00000000803f3120,0x0000000084300000)
 Metaspace       used 9471K, committed 9792K, reserved 1114112K
  class space    used 1011K, committed 1152K, reserved 1048576K
}

Dll operation events (9 events):
Event: 0.051 Loaded shared library c:\Users\l1816\.cursor\extensions\redhat.java-1.46.0-win32-x64\jre\21.0.8-win32-x86_64\bin\java.dll
Event: 0.076 Loaded shared library c:\Users\l1816\.cursor\extensions\redhat.java-1.46.0-win32-x64\jre\21.0.8-win32-x86_64\bin\zip.dll
Event: 0.119 Loaded shared library C:\Users\l1816\.cursor\extensions\redhat.java-1.46.0-win32-x64\jre\21.0.8-win32-x86_64\bin\instrument.dll
Event: 0.123 Loaded shared library C:\Users\l1816\.cursor\extensions\redhat.java-1.46.0-win32-x64\jre\21.0.8-win32-x86_64\bin\net.dll
Event: 0.126 Loaded shared library C:\Users\l1816\.cursor\extensions\redhat.java-1.46.0-win32-x64\jre\21.0.8-win32-x86_64\bin\nio.dll
Event: 0.129 Loaded shared library C:\Users\l1816\.cursor\extensions\redhat.java-1.46.0-win32-x64\jre\21.0.8-win32-x86_64\bin\zip.dll
Event: 0.141 Loaded shared library C:\Users\l1816\.cursor\extensions\redhat.java-1.46.0-win32-x64\jre\21.0.8-win32-x86_64\bin\jimage.dll
Event: 0.199 Loaded shared library c:\Users\l1816\.cursor\extensions\redhat.java-1.46.0-win32-x64\jre\21.0.8-win32-x86_64\bin\verify.dll
Event: 19.293 Loaded shared library C:\Users\l1816\AppData\Roaming\Cursor\User\globalStorage\redhat.java\1.46.0\config_win\org.eclipse.equinox.launcher\org.eclipse.equinox.launcher.win32.win32.x86_64_1.2.1400.v20250801-0854\eclipse_11916.dll

Deoptimization events (20 events):
Event: 38.243 Thread 0x0000021d64312710 Uncommon trap: trap_request=0xffffffc6 fr.pc=0x0000021d5030eaa8 relative=0x0000000000000428
Event: 38.243 Thread 0x0000021d64312710 Uncommon trap: reason=bimorphic_or_optimized_type_check action=maybe_recompile pc=0x0000021d5030eaa8 method=java.util.regex.Pattern$BmpCharPropertyGreedy.match(Ljava/util/regex/Matcher;ILjava/lang/CharSequence;)Z @ 26 c2
Event: 38.243 Thread 0x0000021d64312710 DEOPT PACKING pc=0x0000021d5030eaa8 sp=0x0000007609efdef0
Event: 38.243 Thread 0x0000021d64312710 DEOPT UNPACKING pc=0x0000021d4faf3aa2 sp=0x0000007609efde88 mode 2
Event: 38.243 Thread 0x0000021d64312710 Uncommon trap: trap_request=0xffffffc6 fr.pc=0x0000021d5030eaa8 relative=0x0000000000000428
Event: 38.243 Thread 0x0000021d64312710 Uncommon trap: reason=bimorphic_or_optimized_type_check action=maybe_recompile pc=0x0000021d5030eaa8 method=java.util.regex.Pattern$BmpCharPropertyGreedy.match(Ljava/util/regex/Matcher;ILjava/lang/CharSequence;)Z @ 26 c2
Event: 38.243 Thread 0x0000021d64312710 DEOPT PACKING pc=0x0000021d5030eaa8 sp=0x0000007609efdf00
Event: 38.243 Thread 0x0000021d64312710 DEOPT UNPACKING pc=0x0000021d4faf3aa2 sp=0x0000007609efde98 mode 2
Event: 38.256 Thread 0x0000021d64312710 Uncommon trap: trap_request=0xffffff45 fr.pc=0x0000021d5031c014 relative=0x00000000000005f4
Event: 38.256 Thread 0x0000021d64312710 Uncommon trap: reason=unstable_if action=reinterpret pc=0x0000021d5031c014 method=org.eclipse.osgi.framework.util.CaseInsensitiveDictionaryMap.findCommonKeyIndex(Ljava/lang/String;)Lorg/eclipse/osgi/framework/util/CaseInsensitiveDictionaryMap$CaseInsensit
Event: 38.256 Thread 0x0000021d64312710 DEOPT PACKING pc=0x0000021d5031c014 sp=0x0000007609efe240
Event: 38.256 Thread 0x0000021d64312710 DEOPT UNPACKING pc=0x0000021d4faf3aa2 sp=0x0000007609efe1d0 mode 2
Event: 38.259 Thread 0x0000021d64312710 Uncommon trap: trap_request=0xffffffc6 fr.pc=0x0000021d5030eaa8 relative=0x0000000000000428
Event: 38.259 Thread 0x0000021d64312710 Uncommon trap: reason=bimorphic_or_optimized_type_check action=maybe_recompile pc=0x0000021d5030eaa8 method=java.util.regex.Pattern$BmpCharPropertyGreedy.match(Ljava/util/regex/Matcher;ILjava/lang/CharSequence;)Z @ 26 c2
Event: 38.259 Thread 0x0000021d64312710 DEOPT PACKING pc=0x0000021d5030eaa8 sp=0x0000007609efdf70
Event: 38.259 Thread 0x0000021d64312710 DEOPT UNPACKING pc=0x0000021d4faf3aa2 sp=0x0000007609efdf08 mode 2
Event: 38.259 Thread 0x0000021d64312710 Uncommon trap: trap_request=0xffffffc6 fr.pc=0x0000021d5030eaa8 relative=0x0000000000000428
Event: 38.259 Thread 0x0000021d64312710 Uncommon trap: reason=bimorphic_or_optimized_type_check action=maybe_recompile pc=0x0000021d5030eaa8 method=java.util.regex.Pattern$BmpCharPropertyGreedy.match(Ljava/util/regex/Matcher;ILjava/lang/CharSequence;)Z @ 26 c2
Event: 38.259 Thread 0x0000021d64312710 DEOPT PACKING pc=0x0000021d5030eaa8 sp=0x0000007609efdf70
Event: 38.259 Thread 0x0000021d64312710 DEOPT UNPACKING pc=0x0000021d4faf3aa2 sp=0x0000007609efdf08 mode 2

Classes loaded (20 events):
Event: 31.112 Loading class sun/util/resources/cldr/TimeZoneNames
Event: 31.112 Loading class sun/util/resources/TimeZoneNamesBundle
Event: 31.113 Loading class sun/util/resources/OpenListResourceBundle
Event: 31.113 Loading class sun/util/resources/OpenListResourceBundle done
Event: 31.113 Loading class sun/util/resources/TimeZoneNamesBundle done
Event: 31.113 Loading class sun/util/resources/cldr/TimeZoneNames done
Event: 31.113 Loading class sun/util/resources/cldr/TimeZoneNames_en
Event: 31.114 Loading class sun/util/resources/cldr/TimeZoneNames_en done
Event: 31.114 Loading class sun/util/resources/cldr/TimeZoneNames_en_US
Event: 31.114 Loading class sun/util/resources/cldr/TimeZoneNames_en_US done
Event: 31.115 Loading class sun/util/cldr/CLDRBaseLocaleDataMetaInfo$TZCanonicalIDMapHolder
Event: 31.115 Loading class sun/util/cldr/CLDRBaseLocaleDataMetaInfo$TZCanonicalIDMapHolder done
Event: 31.116 Loading class sun/util/resources/TimeZoneNames
Event: 31.116 Loading class sun/util/resources/TimeZoneNames done
Event: 31.117 Loading class sun/util/resources/TimeZoneNames_en
Event: 31.117 Loading class sun/util/resources/TimeZoneNames_en done
Event: 38.250 Loading class java/lang/IllegalAccessError
Event: 38.250 Loading class java/lang/IllegalAccessError done
Event: 40.291 Loading class java/net/UnknownServiceException
Event: 40.292 Loading class java/net/UnknownServiceException done

Classes unloaded (0 events):
No events

Classes redefined (0 events):
No events

Internal exceptions (20 events):
Event: 0.698 Thread 0x0000021d431253c0 Exception <a 'java/lang/NoSuchMethodError'{0x00000000d599e028}: 'void java.lang.invoke.DirectMethodHandle$Holder.invokeStatic(java.lang.Object, java.lang.Object, java.lang.Object, java.lang.Object)'> (0x00000000d599e028) 
thrown [s\src\hotspot\share\interpreter\linkResolver.cpp, line 773]
Event: 0.698 Thread 0x0000021d431253c0 Implicit null exception at 0x0000021d5024d01a to 0x0000021d5024d224
Event: 0.698 Thread 0x0000021d431253c0 Implicit null exception at 0x0000021d5024adbd to 0x0000021d5024ae41
Event: 0.823 Thread 0x0000021d431253c0 Exception <a 'java/lang/NoSuchMethodError'{0x00000000d5c77558}: 'void java.lang.invoke.DirectMethodHandle$Holder.invokeSpecial(java.lang.Object, java.lang.Object, java.lang.Object)'> (0x00000000d5c77558) 
thrown [s\src\hotspot\share\interpreter\linkResolver.cpp, line 773]
Event: 1.004 Thread 0x0000021d431253c0 Exception <a 'java/lang/NoSuchMethodError'{0x00000000d667e4c8}: 'int java.lang.invoke.DirectMethodHandle$Holder.invokeVirtual(java.lang.Object, java.lang.Object)'> (0x00000000d667e4c8) 
thrown [s\src\hotspot\share\interpreter\linkResolver.cpp, line 773]
Event: 1.040 Thread 0x0000021d431253c0 Exception <a 'java/lang/NoSuchMethodError'{0x00000000d68073e8}: 'int java.lang.invoke.DirectMethodHandle$Holder.invokeStaticInit(java.lang.Object, java.lang.Object, java.lang.Object, java.lang.Object)'> (0x00000000d68073e8) 
thrown [s\src\hotspot\share\interpreter\linkResolver.cpp, line 773]
Event: 1.040 Thread 0x0000021d431253c0 Exception <a 'java/lang/IncompatibleClassChangeError'{0x00000000d680f870}: Found class java.lang.Object, but interface was expected> (0x00000000d680f870) 
thrown [s\src\hotspot\share\interpreter\linkResolver.cpp, line 840]
Event: 1.041 Thread 0x0000021d431253c0 Exception <a 'java/lang/NoSuchMethodError'{0x00000000d6816760}: 'void java.lang.invoke.DirectMethodHandle$Holder.invokeStaticInit(java.lang.Object, java.lang.Object)'> (0x00000000d6816760) 
thrown [s\src\hotspot\share\interpreter\linkResolver.cpp, line 773]
Event: 1.041 Thread 0x0000021d431253c0 Exception <a 'java/lang/NoSuchMethodError'{0x00000000d6820238}: 'int java.lang.invoke.DirectMethodHandle$Holder.invokeStaticInit(java.lang.Object, java.lang.Object)'> (0x00000000d6820238) 
thrown [s\src\hotspot\share\interpreter\linkResolver.cpp, line 773]
Event: 1.073 Thread 0x0000021d431253c0 Exception <a 'java/lang/NoSuchMethodError'{0x00000000d6a9bdd0}: 'java.lang.Object java.lang.invoke.DirectMethodHandle$Holder.newInvokeSpecial(java.lang.Object, int, java.lang.Object)'> (0x00000000d6a9bdd0) 
thrown [s\src\hotspot\share\interpreter\linkResolver.cpp, line 773]
Event: 1.101 Thread 0x0000021d431253c0 Exception <a 'java/lang/ClassNotFoundException'{0x00000000d6ccc5f8}: sun/net/www/protocol/plurl/Handler> (0x00000000d6ccc5f8) 
thrown [s\src\hotspot\share\classfile\systemDictionary.cpp, line 312]
Event: 1.101 Thread 0x0000021d431253c0 Exception <a 'java/lang/ClassNotFoundException'{0x00000000d6ccd478}: sun/net/www/protocol/plurl/Handler> (0x00000000d6ccd478) 
thrown [s\src\hotspot\share\classfile\systemDictionary.cpp, line 312]
Event: 19.146 Thread 0x0000021d431253c0 Exception <a 'java/lang/UnsatisfiedLinkError'{0x00000000d58c71d8}: 'void org.eclipse.equinox.launcher.JNIBridge._update_splash()'> (0x00000000d58c71d8) 
thrown [s\src\hotspot\share\prims\nativeLookup.cpp, line 415]
Event: 19.210 Thread 0x0000021d643c27f0 Exception <a 'java/lang/NoSuchMethodError'{0x00000000d5b383f0}: 'void java.lang.invoke.DirectMethodHandle$Holder.invokeInterface(java.lang.Object, java.lang.Object, java.lang.Object)'> (0x00000000d5b383f0) 
thrown [s\src\hotspot\share\interpreter\linkResolver.cpp, line 773]
Event: 19.392 Thread 0x0000021d64312710 Exception <a 'java/lang/NoSuchMethodError'{0x00000000d5ef5258}: 'java.lang.Object java.lang.invoke.DirectMethodHandle$Holder.newInvokeSpecial(java.lang.Object, java.lang.Object, int, java.lang.Object)'> (0x00000000d5ef5258) 
thrown [s\src\hotspot\share\interpreter\linkResolver.cpp, line 773]
Event: 19.392 Thread 0x0000021d64312710 Exception <a 'java/lang/NoSuchMethodError'{0x00000000d5ef90c8}: 'java.lang.Object java.lang.invoke.DirectMethodHandle$Holder.invokeSpecial(java.lang.Object, java.lang.Object, java.lang.Object, int, java.lang.Object)'> (0x00000000d5ef90c8) 
thrown [s\src\hotspot\share\interpreter\linkResolver.cpp, line 773]
Event: 19.407 Thread 0x0000021d64312710 Exception <a 'java/lang/NoClassDefFoundError'{0x00000000d5f99e30}: jakarta/servlet/ServletContainerInitializer> (0x00000000d5f99e30) 
thrown [s\src\hotspot\share\classfile\systemDictionary.cpp, line 301]
Event: 19.457 Thread 0x0000021d64312710 Exception <a 'java/lang/ClassNotFoundException'{0x00000000d612c668}: sun/util/logging/resources/spi/loggingProvider> (0x00000000d612c668) 
thrown [s\src\hotspot\share\classfile\systemDictionary.cpp, line 312]
Event: 40.295 Thread 0x0000021d64312710 Exception <a 'java/lang/NullPointerException'{0x00000000d6a12998}> (0x00000000d6a12998) 
thrown [s\src\hotspot\share\interpreter\linkResolver.cpp, line 1372]
Event: 40.295 Thread 0x0000021d64312710 Exception <a 'java/lang/NullPointerException'{0x00000000d6a12c78}> (0x00000000d6a12c78) 
thrown [s\src\hotspot\share\interpreter\linkResolver.cpp, line 1372]

ZGC Phase Switch (0 events):
No events

VM Operations (20 events):
Event: 21.497 Executing VM operation: Cleanup done
Event: 25.540 Executing VM operation: ParallelGCFailedAllocation (Allocation Failure)
Event: 25.544 Executing VM operation: ParallelGCFailedAllocation (Allocation Failure) done
Event: 27.555 Executing VM operation: Cleanup
Event: 27.555 Executing VM operation: Cleanup done
Event: 31.588 Executing VM operation: Cleanup
Event: 31.588 Executing VM operation: Cleanup done
Event: 32.601 Executing VM operation: Cleanup
Event: 32.601 Executing VM operation: Cleanup done
Event: 34.611 Executing VM operation: Cleanup
Event: 34.611 Executing VM operation: Cleanup done
Event: 37.644 Executing VM operation: Cleanup
Event: 37.644 Executing VM operation: Cleanup done
Event: 38.251 Executing VM operation: HandshakeAllThreads (Deoptimize)
Event: 38.251 Executing VM operation: HandshakeAllThreads (Deoptimize) done
Event: 39.253 Executing VM operation: Cleanup
Event: 39.253 Executing VM operation: Cleanup done
Event: 40.256 Executing VM operation: Cleanup
Event: 40.256 Executing VM operation: Cleanup done
Event: 41.258 Executing VM operation: Cleanup

Memory protections (0 events):
No events

Nmethod flushes (0 events):
No events

Events (20 events):
Event: 25.538 Thread 0x0000021d5d3011b0 Thread added: 0x0000021d5d302cf0
Event: 25.714 Thread 0x0000021d64312710 Thread added: 0x0000021d5f8bac40
Event: 26.345 Thread 0x0000021d5d300ae0 Thread exited: 0x0000021d5d300ae0
Event: 26.345 Thread 0x0000021d5d302cf0 Thread exited: 0x0000021d5d302cf0
Event: 31.067 Thread 0x0000021d5d3011b0 Thread added: 0x0000021d5d304160
Event: 31.067 Thread 0x0000021d5d3011b0 Thread added: 0x0000021d5d300ae0
Event: 31.068 Thread 0x0000021d5d300ae0 Thread added: 0x0000021d5d303a90
Event: 31.072 Thread 0x0000021d5d304160 Thread added: 0x0000021d5d301880
Event: 31.073 Thread 0x0000021d5d303a90 Thread added: 0x0000021d5d302cf0
Event: 31.086 Thread 0x0000021d5d3011b0 Thread added: 0x0000021d5d3033c0
Event: 31.088 Thread 0x0000021d5d303a90 Thread added: 0x0000021d5d301f50
Event: 31.091 Thread 0x0000021d5d3011b0 Thread added: 0x0000021d5d302620
Event: 31.797 Thread 0x0000021d5d302620 Thread exited: 0x0000021d5d302620
Event: 31.797 Thread 0x0000021d5d301f50 Thread exited: 0x0000021d5d301f50
Event: 31.798 Thread 0x0000021d5d3033c0 Thread exited: 0x0000021d5d3033c0
Event: 31.939 Thread 0x0000021d5d302cf0 Thread exited: 0x0000021d5d302cf0
Event: 32.117 Thread 0x0000021d5d301880 Thread exited: 0x0000021d5d301880
Event: 33.137 Thread 0x0000021d5d303a90 Thread exited: 0x0000021d5d303a90
Event: 33.137 Thread 0x0000021d5d300ae0 Thread exited: 0x0000021d5d300ae0
Event: 36.716 Thread 0x0000021d5d304160 Thread exited: 0x0000021d5d304160


Dynamic libraries:
0x00007ff71b150000 - 0x00007ff71b15e000 	c:\Users\l1816\.cursor\extensions\redhat.java-1.46.0-win32-x64\jre\21.0.8-win32-x86_64\bin\java.exe
0x00007ffacba00000 - 0x00007ffacbc68000 	C:\WINDOWS\SYSTEM32\ntdll.dll
0x00007ffac9f00000 - 0x00007ffac9fc9000 	C:\WINDOWS\System32\KERNEL32.DLL
0x00007ffac93a0000 - 0x00007ffac9798000 	C:\WINDOWS\System32\KERNELBASE.dll
0x00007ffac4d10000 - 0x00007ffac4daf000 	C:\WINDOWS\SYSTEM32\apphelp.dll
0x00007ffac9190000 - 0x00007ffac92db000 	C:\WINDOWS\System32\ucrtbase.dll
0x00007ffab80f0000 - 0x00007ffab8108000 	c:\Users\l1816\.cursor\extensions\redhat.java-1.46.0-win32-x64\jre\21.0.8-win32-x86_64\bin\jli.dll
0x00007ffab6630000 - 0x00007ffab664e000 	c:\Users\l1816\.cursor\extensions\redhat.java-1.46.0-win32-x64\jre\21.0.8-win32-x86_64\bin\VCRUNTIME140.dll
0x00007ffaca080000 - 0x00007ffaca247000 	C:\WINDOWS\System32\USER32.dll
0x00007ffac8b50000 - 0x00007ffac8b77000 	C:\WINDOWS\System32\win32u.dll
0x00007ffaca420000 - 0x00007ffaca44b000 	C:\WINDOWS\System32\GDI32.dll
0x00007ffac8fb0000 - 0x00007ffac90dc000 	C:\WINDOWS\System32\gdi32full.dll
0x00007ffaa7c70000 - 0x00007ffaa7f04000 	C:\WINDOWS\WinSxS\amd64_microsoft.windows.common-controls_6595b64144ccf1df_6.0.26100.7019_none_3e06ffa0e335b8a8\COMCTL32.dll
0x00007ffac8c10000 - 0x00007ffac8cb3000 	C:\WINDOWS\System32\msvcp_win.dll
0x00007ffac9fd0000 - 0x00007ffaca079000 	C:\WINDOWS\System32\msvcrt.dll
0x00007ffacb4f0000 - 0x00007ffacb521000 	C:\WINDOWS\System32\IMM32.DLL
0x00007ffab4ca0000 - 0x00007ffab4cac000 	c:\Users\l1816\.cursor\extensions\redhat.java-1.46.0-win32-x64\jre\21.0.8-win32-x86_64\bin\vcruntime140_1.dll
0x00007ffa6d450000 - 0x00007ffa6d4dd000 	c:\Users\l1816\.cursor\extensions\redhat.java-1.46.0-win32-x64\jre\21.0.8-win32-x86_64\bin\msvcp140.dll
0x00007ffa1cfa0000 - 0x00007ffa1dd37000 	c:\Users\l1816\.cursor\extensions\redhat.java-1.46.0-win32-x64\jre\21.0.8-win32-x86_64\bin\server\jvm.dll
0x00007ffac9910000 - 0x00007ffac99c4000 	C:\WINDOWS\System32\ADVAPI32.dll
0x00007ffaca370000 - 0x00007ffaca416000 	C:\WINDOWS\System32\sechost.dll
0x00007ffac97a0000 - 0x00007ffac98b8000 	C:\WINDOWS\System32\RPCRT4.dll
0x00007ffaca7e0000 - 0x00007ffaca854000 	C:\WINDOWS\System32\WS2_32.dll
0x00007ffac89b0000 - 0x00007ffac8a0e000 	C:\WINDOWS\SYSTEM32\POWRPROF.dll
0x00007ffac30f0000 - 0x00007ffac3125000 	C:\WINDOWS\SYSTEM32\WINMM.dll
0x00007ffab79b0000 - 0x00007ffab79bb000 	C:\WINDOWS\SYSTEM32\VERSION.dll
0x00007ffac8990000 - 0x00007ffac89a4000 	C:\WINDOWS\SYSTEM32\UMPDC.dll
0x00007ffac7910000 - 0x00007ffac792b000 	C:\WINDOWS\SYSTEM32\kernel.appcore.dll
0x00007ffab4c90000 - 0x00007ffab4c9a000 	c:\Users\l1816\.cursor\extensions\redhat.java-1.46.0-win32-x64\jre\21.0.8-win32-x86_64\bin\jimage.dll
0x00007ffac60d0000 - 0x00007ffac6312000 	C:\WINDOWS\SYSTEM32\DBGHELP.DLL
0x00007ffac9b70000 - 0x00007ffac9efb000 	C:\WINDOWS\System32\combase.dll
0x00007ffaca450000 - 0x00007ffaca527000 	C:\WINDOWS\System32\OLEAUT32.dll
0x00007ffaa6e90000 - 0x00007ffaa6ecc000 	C:\WINDOWS\SYSTEM32\dbgcore.DLL
0x00007ffac90e0000 - 0x00007ffac9185000 	C:\WINDOWS\System32\bcryptPrimitives.dll
0x00007ffab4c80000 - 0x00007ffab4c8f000 	c:\Users\l1816\.cursor\extensions\redhat.java-1.46.0-win32-x64\jre\21.0.8-win32-x86_64\bin\instrument.dll
0x00007ffab4c60000 - 0x00007ffab4c7f000 	c:\Users\l1816\.cursor\extensions\redhat.java-1.46.0-win32-x64\jre\21.0.8-win32-x86_64\bin\java.dll
0x00007ffacad20000 - 0x00007ffacb46f000 	C:\WINDOWS\System32\SHELL32.dll
0x00007ffac8e40000 - 0x00007ffac8fab000 	C:\WINDOWS\System32\wintypes.dll
0x00007ffac6740000 - 0x00007ffac6f9d000 	C:\WINDOWS\SYSTEM32\windows.storage.dll
0x00007ffacab20000 - 0x00007ffacac12000 	C:\WINDOWS\System32\SHCORE.dll
0x00007ffacb480000 - 0x00007ffacb4e7000 	C:\WINDOWS\System32\shlwapi.dll
0x00007ffac8a70000 - 0x00007ffac8a99000 	C:\WINDOWS\SYSTEM32\profapi.dll
0x00007ffaaeb50000 - 0x00007ffaaeb68000 	c:\Users\l1816\.cursor\extensions\redhat.java-1.46.0-win32-x64\jre\21.0.8-win32-x86_64\bin\zip.dll
0x00007ffaae9d0000 - 0x00007ffaae9e0000 	C:\Users\l1816\.cursor\extensions\redhat.java-1.46.0-win32-x64\jre\21.0.8-win32-x86_64\bin\net.dll
0x00007ffab9d70000 - 0x00007ffab9e98000 	C:\WINDOWS\SYSTEM32\WINHTTP.dll
0x00007ffac7e80000 - 0x00007ffac7eeb000 	C:\WINDOWS\system32\mswsock.dll
0x00007ffaae9b0000 - 0x00007ffaae9c6000 	C:\Users\l1816\.cursor\extensions\redhat.java-1.46.0-win32-x64\jre\21.0.8-win32-x86_64\bin\nio.dll
0x00007ffaae9a0000 - 0x00007ffaae9b0000 	c:\Users\l1816\.cursor\extensions\redhat.java-1.46.0-win32-x64\jre\21.0.8-win32-x86_64\bin\verify.dll
0x00007ffaac420000 - 0x00007ffaac464000 	C:\Users\l1816\AppData\Roaming\Cursor\User\globalStorage\redhat.java\1.46.0\config_win\org.eclipse.equinox.launcher\org.eclipse.equinox.launcher.win32.win32.x86_64_1.2.1400.v20250801-0854\eclipse_11916.dll
0x00007ffac99d0000 - 0x00007ffac9b67000 	C:\WINDOWS\System32\ole32.dll

JVMTI agents:
c:\Users\l1816\.cursor\extensions\redhat.java-1.46.0-win32-x64\lombok\lombok-1.18.39-4050.jar path:c:\Users\l1816\.cursor\extensions\redhat.java-1.46.0-win32-x64\jre\21.0.8-win32-x86_64\bin\instrument.dll, loaded, initialized, instrumentlib options:none

dbghelp: loaded successfully - version: 4.0.5 - missing functions: none
symbol engine: initialized successfully - sym options: 0x614 - pdb path: .;c:\Users\l1816\.cursor\extensions\redhat.java-1.46.0-win32-x64\jre\21.0.8-win32-x86_64\bin;C:\WINDOWS\SYSTEM32;C:\WINDOWS\WinSxS\amd64_microsoft.windows.common-controls_6595b64144ccf1df_6.0.26100.7019_none_3e06ffa0e335b8a8;c:\Users\l1816\.cursor\extensions\redhat.java-1.46.0-win32-x64\jre\21.0.8-win32-x86_64\bin\server;C:\Users\l1816\AppData\Roaming\Cursor\User\globalStorage\redhat.java\1.46.0\config_win\org.eclipse.equinox.launcher\org.eclipse.equinox.launcher.win32.win32.x86_64_1.2.1400.v20250801-0854

VM Arguments:
jvm_args: --add-modules=ALL-SYSTEM --add-opens=java.base/java.util=ALL-UNNAMED --add-opens=java.base/java.lang=ALL-UNNAMED --add-opens=java.base/sun.nio.fs=ALL-UNNAMED -Declipse.application=org.eclipse.jdt.ls.core.id1 -Dosgi.bundles.defaultStartLevel=4 -Declipse.product=org.eclipse.jdt.ls.core.product -Djava.import.generatesMetadataFilesAtProjectRoot=false -DDetectVMInstallationsJob.disabled=true -Dfile.encoding=utf8 -XX:+UseParallelGC -XX:GCTimeRatio=4 -XX:AdaptiveSizePolicyWeight=90 -Dsun.zip.disableMemoryMapping=true -Xmx2G -Xms100m -Xlog:disable -javaagent:c:\Users\l1816\.cursor\extensions\redhat.java-1.46.0-win32-x64\lombok\lombok-1.18.39-4050.jar -XX:+HeapDumpOnOutOfMemoryError -XX:HeapDumpPath=c:\Users\l1816\AppData\Roaming\Cursor\User\workspaceStorage\9a9c6f2e96041c0e531f48a2dc2e720c\redhat.java -Daether.dependencyCollector.impl=bf 
java_command: c:\Users\l1816\.cursor\extensions\redhat.java-1.46.0-win32-x64\server\plugins\org.eclipse.equinox.launcher_1.7.0.v20250519-0528.jar -configuration c:\Users\l1816\AppData\Roaming\Cursor\User\globalStorage\redhat.java\1.46.0\config_win -data c:\Users\l1816\AppData\Roaming\Cursor\User\workspaceStorage\9a9c6f2e96041c0e531f48a2dc2e720c\redhat.java\jdt_ws --pipe=\\.\pipe\lsp-5adf55ef64bc236e147473a712bb345b-sock
java_class_path (initial): c:\Users\l1816\.cursor\extensions\redhat.java-1.46.0-win32-x64\server\plugins\org.eclipse.equinox.launcher_1.7.0.v20250519-0528.jar
Launcher Type: SUN_STANDARD

[Global flags]
    uintx AdaptiveSizePolicyWeight                 = 90                                        {product} {command line}
     intx CICompilerCount                          = 12                                        {product} {ergonomic}
    uintx GCTimeRatio                              = 4                                         {product} {command line}
     bool HeapDumpOnOutOfMemoryError               = true                                   {manageable} {command line}
    ccstr HeapDumpPath                             = c:\Users\l1816\AppData\Roaming\Cursor\User\workspaceStorage\9a9c6f2e96041c0e531f48a2dc2e720c\redhat.java         {manageable} {command line}
   size_t InitialHeapSize                          = 104857600                                 {product} {command line}
   size_t MaxHeapSize                              = 2147483648                                {product} {command line}
   size_t MaxNewSize                               = 715653120                                 {product} {ergonomic}
   size_t MinHeapDeltaBytes                        = 524288                                    {product} {ergonomic}
   size_t MinHeapSize                              = 104857600                                 {product} {command line}
   size_t NewSize                                  = 34603008                                  {product} {ergonomic}
    uintx NonNMethodCodeHeapSize                   = 7602480                                {pd product} {ergonomic}
    uintx NonProfiledCodeHeapSize                  = 122027880                              {pd product} {ergonomic}
   size_t OldSize                                  = 70254592                                  {product} {ergonomic}
    uintx ProfiledCodeHeapSize                     = 122027880                              {pd product} {ergonomic}
    uintx ReservedCodeCacheSize                    = 251658240                              {pd product} {ergonomic}
     bool SegmentedCodeCache                       = true                                      {product} {ergonomic}
   size_t SoftMaxHeapSize                          = 2147483648                             {manageable} {ergonomic}
     bool UseCompressedOops                        = true                           {product lp64_product} {ergonomic}
     bool UseLargePagesIndividualAllocation        = false                                  {pd product} {ergonomic}
     bool UseParallelGC                            = true                                      {product} {command line}

Logging:
Log output configuration:
 #0: stdout all=off uptime,level,tags foldmultilines=false
 #1: stderr all=off uptime,level,tags foldmultilines=false

Environment Variables:
JAVA_HOME=C:\Users\l1816\JDK\jdk1.8
PATH=c:\Users\l1816\AppData\Local\Programs\cursor\resources\app\bin;C:\Program Files (x86)\Common Files\Oracle\Java\java8path;C:\Program Files (x86)\Common Files\Oracle\Java\javapath;c:\Users\l1816\AppData\Local\Programs\cursor\resources\app\bin;c:\Users\l1816\AppData\Local\Programs\cursor\resources\app\bin;C:\Program Files (x86)\VMware\VMware Workstation\bin\;C:\Windows\system32;C:\Windows;C:\Windows\System32\Wbem;C:\Windows\System32\WindowsPowerShell\v1.0\;C:\Windows\System32\OpenSSH\;C:\Program Files\Microsoft SQL Server\150\Tools\Binn\;C:\Program Files\dotnet\;C:\Program Files (x86)\Windows Kits\10\Windows Performance Toolkit\;C:\糧湮呇庈部\mingw64\bin;c:\U;ers\l1816\AppData\Local\Programs\cursor\resources\app\bin;C:\WINDOWS\system32;C:\WINDOWS;C:\WINDOWS\System32\Wbem;C:\WINDOWS\System32\WindowsPowerShell\v1.0\;C:\WINDOWS\System32\OpenSSH\;C:\Program File;C:\MySQL\MySQL Server 8.0\bin;C:\Program Files\Git\cmd;C:\Program Files (x86)\Tencent\峚陓web羲楷氪馱撿\dll;C:\Users\l1816\NVM\nvm;C:\Program Files\nodejs;C:\Program Files\nodejs\;C:\Python27;C:\Python27\Scripts;C:\Program Files\nodejs;C:\Program Files\AskLink;E:\programe\oracle\dbhomexe\bin;E:\Programe\Maven\apache-maven-3.9.10\bin;C:\strawberry\c\bin;C:\strawberry\perl\bin;E:\Programe\loadrunner12\loadrunner12\strawberry-perl\perl\bin;E:\Programe\Cursor\cursor\resources\app\bin;e:\Programe\Trae\Trae CN\bin;C:\MySQL\MySQL Shell 8.0\bin\;C:\Users\l1816\AppData\Local\Microsoft\WindowsApps;C:\Users\l1816\.dotnet\tools;C:\Users\l1816\AppData\Local\Programs\Microsoft VS Code\bin;C:\Program Files\JetBrains\PyCharm Community Edition 2023.3.4\bin;E:\Programe\IDEA\IntelliJ IDEA 2025.2.4\bin;E:\Programe\windsurf\Windsurf\bin
USERNAME=l1816
TERM=dumb
OS=Windows_NT
PROCESSOR_IDENTIFIER=Intel64 Family 6 Model 154 Stepping 3, GenuineIntel
TMP=C:\Users\l1816\AppData\Local\Temp
TEMP=C:\Users\l1816\AppData\Local\Temp




Periodic native trim disabled

---------------  S Y S T E M  ---------------

OS:
 Windows 11 , 64 bit Build 26100 (10.0.26100.7019)
OS uptime: 0 days 0:45 hours
Hyper-V role detected

CPU: total 20 (initial active 20) (10 cores per cpu, 2 threads per core) family 6 model 154 stepping 3 microcode 0x423, cx8, cmov, fxsr, ht, mmx, 3dnowpref, sse, sse2, sse3, ssse3, sse4.1, sse4.2, popcnt, lzcnt, tsc, tscinvbit, avx, avx2, aes, erms, clmul, bmi1, bmi2, adx, sha, fma, vzeroupper, clflush, clflushopt, clwb, hv, serialize, rdtscp, rdpid, fsrm, f16c, cet_ibt, cet_ss
Processor Information for processor 0
  Max Mhz: 2300, Current Mhz: 2300, Mhz Limit: 2300
Processor Information for processor 1
  Max Mhz: 2300, Current Mhz: 2300, Mhz Limit: 2300
Processor Information for processor 2
  Max Mhz: 2300, Current Mhz: 2300, Mhz Limit: 2300
Processor Information for processor 3
  Max Mhz: 2300, Current Mhz: 2300, Mhz Limit: 2300
Processor Information for processor 4
  Max Mhz: 2300, Current Mhz: 2300, Mhz Limit: 2300
Processor Information for processor 5
  Max Mhz: 2300, Current Mhz: 2300, Mhz Limit: 2300
Processor Information for processor 6
  Max Mhz: 2300, Current Mhz: 2300, Mhz Limit: 2300
Processor Information for processor 7
  Max Mhz: 2300, Current Mhz: 2300, Mhz Limit: 2300
Processor Information for processor 8
  Max Mhz: 2300, Current Mhz: 2300, Mhz Limit: 2300
Processor Information for processor 9
  Max Mhz: 2300, Current Mhz: 2300, Mhz Limit: 2300
Processor Information for processor 10
  Max Mhz: 2300, Current Mhz: 2300, Mhz Limit: 2300
Processor Information for processor 11
  Max Mhz: 2300, Current Mhz: 2300, Mhz Limit: 2300
Processor Information for processor 12
  Max Mhz: 2300, Current Mhz: 2300, Mhz Limit: 2300
Processor Information for processor 13
  Max Mhz: 2300, Current Mhz: 2300, Mhz Limit: 2300
Processor Information for processor 14
  Max Mhz: 2300, Current Mhz: 2300, Mhz Limit: 2300
Processor Information for processor 15
  Max Mhz: 2300, Current Mhz: 2300, Mhz Limit: 2300
Processor Information for processor 16
  Max Mhz: 2300, Current Mhz: 2300, Mhz Limit: 2300
Processor Information for processor 17
  Max Mhz: 2300, Current Mhz: 1488, Mhz Limit: 2300
Processor Information for processor 18
  Max Mhz: 2300, Current Mhz: 1488, Mhz Limit: 2300
Processor Information for processor 19
  Max Mhz: 2300, Current Mhz: 1488, Mhz Limit: 2300

Memory: 4k page, system-wide physical 16081M (2928M free)
TotalPageFile size 19921M (AvailPageFile size 1M)
current process WorkingSet (physical memory assigned to process): 108M, peak: 112M
current process commit charge ("private bytes"): 274M, peak: 276M

vm_info: OpenJDK 64-Bit Server VM (21.0.8+9-LTS) for windows-amd64 JRE (21.0.8+9-LTS), built on 2025-07-15T00:00:00Z by "admin" with MS VC++ 17.7 (VS2022)

END.
