#
# There is insufficient memory for the Java Runtime Environment to continue.
# Native memory allocation (malloc) failed to allocate 59328 bytes. Error detail: Chunk::new
# Possible reasons:
#   The system is out of physical RAM or swap space
#   This process is running with CompressedOops enabled, and the Java Heap may be blocking the growth of the native heap
# Possible solutions:
#   Reduce memory load on the system
#   Increase physical memory or swap space
#   Check if swap backing store is full
#   Decrease Java heap size (-Xmx/-Xms)
#   Decrease number of Java threads
#   Decrease Java thread stack sizes (-Xss)
#   Set larger code cache with -XX:ReservedCodeCacheSize=
#   JVM is running with Unscaled Compressed Oops mode in which the Java heap is
#     placed in the first 4GB address space. The Java Heap base address is the
#     maximum limit for the native heap growth. Please use -XX:HeapBaseMinAddress
#     to set the Java Heap base and to place the Java Heap above 4GB virtual address.
# This output file may be truncated or incomplete.
#
#  Out of Memory Error (arena.cpp:168), pid=21836, tid=25836
#
# JRE version: OpenJDK Runtime Environment Temurin-21.0.8+9 (21.0.8+9) (build 21.0.8+9-LTS)
# Java VM: OpenJDK 64-Bit Server VM Temurin-21.0.8+9 (21.0.8+9-LTS, mixed mode, sharing, tiered, compressed oops, compressed class ptrs, parallel gc, windows-amd64)
# No core dump will be written. Minidumps are not enabled by default on client versions of Windows
#

---------------  S U M M A R Y ------------

Command Line: --add-modules=ALL-SYSTEM --add-opens=java.base/java.util=ALL-UNNAMED --add-opens=java.base/java.lang=ALL-UNNAMED --add-opens=java.base/sun.nio.fs=ALL-UNNAMED -Declipse.application=org.eclipse.jdt.ls.core.id1 -Dosgi.bundles.defaultStartLevel=4 -Declipse.product=org.eclipse.jdt.ls.core.product -Djava.import.generatesMetadataFilesAtProjectRoot=false -DDetectVMInstallationsJob.disabled=true -Dfile.encoding=utf8 -XX:+UseParallelGC -XX:GCTimeRatio=4 -XX:AdaptiveSizePolicyWeight=90 -Dsun.zip.disableMemoryMapping=true -Xmx2G -Xms100m -Xlog:disable -javaagent:c:\Users\l1816\.cursor\extensions\redhat.java-1.46.0-win32-x64\lombok\lombok-1.18.39-4050.jar c:\Users\l1816\.cursor\extensions\redhat.java-1.46.0-win32-x64\server\plugins\org.eclipse.equinox.launcher_1.7.0.v20250519-0528.jar -configuration c:\Users\l1816\AppData\Roaming\Cursor\User\globalStorage\redhat.java\1.46.0\config_ss_win -data c:\Users\l1816\AppData\Roaming\Cursor\User\workspaceStorage\9a9c6f2e96041c0e531f48a2dc2e720c\redhat.java\ss_ws --pipe=\\.\pipe\lsp-e461a11ee116aac779f8283b5d7c1524-sock

Host: 12th Gen Intel(R) Core(TM) i7-12700H, 20 cores, 15G,  Windows 11 , 64 bit Build 26100 (10.0.26100.7019)
Time: Thu Dec 25 10:32:25 2025 elapsed time: 336.627617 seconds (0d 0h 5m 36s)

---------------  T H R E A D  ---------------

Current thread (0x000002175f21c510):  JavaThread "C2 CompilerThread0" daemon [_thread_in_native, id=25836, stack(0x0000004401a00000,0x0000004401b00000) (1024K)]


Current CompileTask:
C2:336628 4234       4       java.util.HashMap::putIfAbsent (13 bytes)

Stack: [0x0000004401a00000,0x0000004401b00000]
Native frames: (J=compiled Java code, j=interpreted, Vv=VM code, C=native code)
V  [jvm.dll+0x6d2449]
V  [jvm.dll+0x8ae341]
V  [jvm.dll+0x8b08be]
V  [jvm.dll+0x8b0fa3]
V  [jvm.dll+0x280c96]
V  [jvm.dll+0xc581d]
V  [jvm.dll+0xc5d53]
V  [jvm.dll+0x3b919c]
V  [jvm.dll+0x1e0e8b]
V  [jvm.dll+0x249022]
V  [jvm.dll+0x2484af]
V  [jvm.dll+0x1c89ee]
V  [jvm.dll+0x257d4d]
V  [jvm.dll+0x2562ea]
V  [jvm.dll+0x3f2d16]
V  [jvm.dll+0x857e6b]
V  [jvm.dll+0x6d0b0d]
C  [ucrtbase.dll+0x37b0]
C  [KERNEL32.DLL+0x2e8d7]
C  [ntdll.dll+0x8c53c]


---------------  P R O C E S S  ---------------

Threads class SMR info:
_java_thread_list=0x0000021769443830, length=44, elements={
0x0000021706410e80, 0x00000217064be570, 0x000002170639ff60, 0x000002175f20ac10,
0x000002175f20d8d0, 0x000002175f20fbf0, 0x000002175f213c40, 0x000002175f21c510,
0x000002175f21d920, 0x000002175f30d9c0, 0x0000021761187640, 0x0000021766056e70,
0x000002175f315750, 0x000002175f3167e0, 0x0000021766175d50, 0x00000217615419e0,
0x000002175f538620, 0x00000217666a8130, 0x00000217663c7a20, 0x00000217613888f0,
0x000002176138a9c0, 0x0000021761389610, 0x0000021761388f80, 0x0000021761388260,
0x000002176138b050, 0x0000021761389ca0, 0x000002176138a330, 0x0000021761387bd0,
0x0000021766fe4420, 0x0000021766fe3700, 0x0000021766fe4ab0, 0x0000021766fe3d90,
0x0000021766fe2350, 0x0000021766fe5140, 0x0000021766fe1cc0, 0x0000021766fe29e0,
0x0000021766fe3070, 0x00000217662e24e0, 0x00000217662e17c0, 0x00000217662df060,
0x00000217662e0aa0, 0x00000217662df6f0, 0x00000217662e3200, 0x0000021767a5adb0
}

Java Threads: ( => current thread )
  0x0000021706410e80 JavaThread "main"                              [_thread_blocked, id=5144, stack(0x0000004401000000,0x0000004401100000) (1024K)]
  0x00000217064be570 JavaThread "Reference Handler"          daemon [_thread_blocked, id=19784, stack(0x0000004401400000,0x0000004401500000) (1024K)]
  0x000002170639ff60 JavaThread "Finalizer"                  daemon [_thread_blocked, id=26116, stack(0x0000004401500000,0x0000004401600000) (1024K)]
  0x000002175f20ac10 JavaThread "Signal Dispatcher"          daemon [_thread_blocked, id=19460, stack(0x0000004401600000,0x0000004401700000) (1024K)]
  0x000002175f20d8d0 JavaThread "Attach Listener"            daemon [_thread_blocked, id=2496, stack(0x0000004401700000,0x0000004401800000) (1024K)]
  0x000002175f20fbf0 JavaThread "Service Thread"             daemon [_thread_blocked, id=22772, stack(0x0000004401800000,0x0000004401900000) (1024K)]
  0x000002175f213c40 JavaThread "Monitor Deflation Thread"   daemon [_thread_blocked, id=28856, stack(0x0000004401900000,0x0000004401a00000) (1024K)]
=>0x000002175f21c510 JavaThread "C2 CompilerThread0"         daemon [_thread_in_native, id=25836, stack(0x0000004401a00000,0x0000004401b00000) (1024K)]
  0x000002175f21d920 JavaThread "C1 CompilerThread0"         daemon [_thread_blocked, id=29208, stack(0x0000004401b00000,0x0000004401c00000) (1024K)]
  0x000002175f30d9c0 JavaThread "Common-Cleaner"             daemon [_thread_blocked, id=24944, stack(0x0000004401c00000,0x0000004401d00000) (1024K)]
  0x0000021761187640 JavaThread "Notification Thread"        daemon [_thread_blocked, id=24984, stack(0x0000004402100000,0x0000004402200000) (1024K)]
  0x0000021766056e70 JavaThread "Active Thread: Equinox Container: 293b6908-3d0f-4889-a0a8-88b22d9ee9e3"        [_thread_blocked, id=20688, stack(0x0000004402000000,0x0000004402100000) (1024K)]
  0x000002175f315750 JavaThread "Framework Event Dispatcher: Equinox Container: 293b6908-3d0f-4889-a0a8-88b22d9ee9e3" daemon [_thread_blocked, id=12304, stack(0x0000004401e00000,0x0000004401f00000) (1024K)]
  0x000002175f3167e0 JavaThread "Start Level: Equinox Container: 293b6908-3d0f-4889-a0a8-88b22d9ee9e3" daemon [_thread_blocked, id=13604, stack(0x0000004401f00000,0x0000004402000000) (1024K)]
  0x0000021766175d50 JavaThread "SCR Component Actor"        daemon [_thread_blocked, id=24384, stack(0x0000004402200000,0x0000004402300000) (1024K)]
  0x00000217615419e0 JavaThread "Worker-JM"                         [_thread_blocked, id=19024, stack(0x0000004402a00000,0x0000004402b00000) (1024K)]
  0x000002175f538620 JavaThread "JNA Cleaner"                daemon [_thread_blocked, id=26612, stack(0x0000004403000000,0x0000004403100000) (1024K)]
  0x00000217666a8130 JavaThread "Worker-0"                          [_thread_blocked, id=6840, stack(0x0000004403100000,0x0000004403200000) (1024K)]
  0x00000217663c7a20 JavaThread "Worker-1"                          [_thread_blocked, id=14744, stack(0x0000004403200000,0x0000004403300000) (1024K)]
  0x00000217613888f0 JavaThread "Thread-1"                   daemon [_thread_in_native, id=10652, stack(0x0000004403400000,0x0000004403500000) (1024K)]
  0x000002176138a9c0 JavaThread "Thread-2"                   daemon [_thread_in_native, id=8536, stack(0x0000004403700000,0x0000004403800000) (1024K)]
  0x0000021761389610 JavaThread "Thread-3"                   daemon [_thread_in_native, id=20436, stack(0x0000004403b00000,0x0000004403c00000) (1024K)]
  0x0000021761388f80 JavaThread "Thread-4"                   daemon [_thread_in_native, id=7936, stack(0x0000004403c00000,0x0000004403d00000) (1024K)]
  0x0000021761388260 JavaThread "Thread-5"                   daemon [_thread_in_native, id=19012, stack(0x0000004403d00000,0x0000004403e00000) (1024K)]
  0x000002176138b050 JavaThread "Thread-6"                   daemon [_thread_in_native, id=15708, stack(0x0000004403e00000,0x0000004403f00000) (1024K)]
  0x0000021761389ca0 JavaThread "Thread-7"                   daemon [_thread_in_native, id=27664, stack(0x0000004403f00000,0x0000004404000000) (1024K)]
  0x000002176138a330 JavaThread "Thread-8"                   daemon [_thread_in_native, id=9624, stack(0x0000004404000000,0x0000004404100000) (1024K)]
  0x0000021761387bd0 JavaThread "Thread-9"                   daemon [_thread_in_native, id=16304, stack(0x0000004404100000,0x0000004404200000) (1024K)]
  0x0000021766fe4420 JavaThread "Thread-10"                  daemon [_thread_in_native, id=18192, stack(0x0000004404200000,0x0000004404300000) (1024K)]
  0x0000021766fe3700 JavaThread "Thread-11"                  daemon [_thread_in_native, id=28056, stack(0x0000004404300000,0x0000004404400000) (1024K)]
  0x0000021766fe4ab0 JavaThread "Thread-12"                  daemon [_thread_in_native, id=3508, stack(0x0000004404400000,0x0000004404500000) (1024K)]
  0x0000021766fe3d90 JavaThread "Thread-13"                  daemon [_thread_in_native, id=1616, stack(0x0000004404500000,0x0000004404600000) (1024K)]
  0x0000021766fe2350 JavaThread "Thread-14"                  daemon [_thread_in_native, id=12460, stack(0x0000004404600000,0x0000004404700000) (1024K)]
  0x0000021766fe5140 JavaThread "Thread-15"                  daemon [_thread_in_native, id=11620, stack(0x0000004404700000,0x0000004404800000) (1024K)]
  0x0000021766fe1cc0 JavaThread "Thread-16"                  daemon [_thread_in_native, id=29580, stack(0x0000004404800000,0x0000004404900000) (1024K)]
  0x0000021766fe29e0 JavaThread "Thread-17"                  daemon [_thread_in_native, id=14812, stack(0x0000004404900000,0x0000004404a00000) (1024K)]
  0x0000021766fe3070 JavaThread "Thread-18"                  daemon [_thread_in_native, id=11956, stack(0x0000004404a00000,0x0000004404b00000) (1024K)]
  0x00000217662e24e0 JavaThread "Thread-19"                  daemon [_thread_in_native, id=25112, stack(0x0000004404b00000,0x0000004404c00000) (1024K)]
  0x00000217662e17c0 JavaThread "Thread-20"                  daemon [_thread_in_native, id=4060, stack(0x0000004404c00000,0x0000004404d00000) (1024K)]
  0x00000217662df060 JavaThread "Thread-21"                  daemon [_thread_in_native, id=3784, stack(0x0000004404d00000,0x0000004404e00000) (1024K)]
  0x00000217662e0aa0 JavaThread "pool-2-thread-1"                   [_thread_blocked, id=29000, stack(0x0000004404e00000,0x0000004404f00000) (1024K)]
  0x00000217662df6f0 JavaThread "WorkspaceEventsHandler"            [_thread_blocked, id=29528, stack(0x0000004405000000,0x0000004405100000) (1024K)]
  0x00000217662e3200 JavaThread "pool-1-thread-1"                   [_thread_blocked, id=3960, stack(0x0000004405200000,0x0000004405300000) (1024K)]
  0x0000021767a5adb0 JavaThread "C1 CompilerThread1"         daemon [_thread_blocked, id=25020, stack(0x0000004400f00000,0x0000004401000000) (1024K)]
Total: 44

Other Threads:
  0x00000217064aec00 VMThread "VM Thread"                           [id=27688, stack(0x0000004401300000,0x0000004401400000) (1024K)]
  0x000002170647b600 WatcherThread "VM Periodic Task Thread"        [id=27968, stack(0x0000004401200000,0x0000004401300000) (1024K)]
  0x000002170642f3d0 WorkerThread "GC Thread#0"                     [id=27476, stack(0x0000004401100000,0x0000004401200000) (1024K)]
  0x0000021761891380 WorkerThread "GC Thread#1"                     [id=3840, stack(0x0000004402300000,0x0000004402400000) (1024K)]
  0x0000021761891b20 WorkerThread "GC Thread#2"                     [id=12496, stack(0x0000004402400000,0x0000004402500000) (1024K)]
  0x000002176157e0e0 WorkerThread "GC Thread#3"                     [id=20304, stack(0x0000004402500000,0x0000004402600000) (1024K)]
  0x000002176157e480 WorkerThread "GC Thread#4"                     [id=1396, stack(0x0000004402600000,0x0000004402700000) (1024K)]
  0x00000217660aec30 WorkerThread "GC Thread#5"                     [id=24436, stack(0x0000004402700000,0x0000004402800000) (1024K)]
  0x00000217660a33c0 WorkerThread "GC Thread#6"                     [id=9616, stack(0x0000004402800000,0x0000004402900000) (1024K)]
  0x00000217063ae8e0 WorkerThread "GC Thread#7"                     [id=25168, stack(0x0000004401d00000,0x0000004401e00000) (1024K)]
  0x000002175f3c4e70 WorkerThread "GC Thread#8"                     [id=20068, stack(0x0000004402b00000,0x0000004402c00000) (1024K)]
  0x000002175f3c5210 WorkerThread "GC Thread#9"                     [id=19868, stack(0x0000004402c00000,0x0000004402d00000) (1024K)]
  0x000002175f3c55b0 WorkerThread "GC Thread#10"                    [id=6208, stack(0x0000004402d00000,0x0000004402e00000) (1024K)]
  0x000002175f3c3ff0 WorkerThread "GC Thread#11"                    [id=27048, stack(0x0000004402900000,0x0000004402a00000) (1024K)]
  0x000002175f3c4ad0 WorkerThread "GC Thread#12"                    [id=27764, stack(0x0000004402e00000,0x0000004402f00000) (1024K)]
  0x000002175f3c3c50 WorkerThread "GC Thread#13"                    [id=4592, stack(0x0000004402f00000,0x0000004403000000) (1024K)]
  0x0000021766e8c1a0 WorkerThread "GC Thread#14"                    [id=24664, stack(0x0000004403500000,0x0000004403600000) (1024K)]
Total: 17

Threads with active compile tasks:
C2 CompilerThread0  336741 4234       4       java.util.HashMap::putIfAbsent (13 bytes)
Total: 1

VM state: not at safepoint (normal execution)

VM Mutex/Monitor currently owned by a thread: None

Heap address: 0x0000000080000000, size: 2048 MB, Compressed Oops mode: 32-bit

CDS archive(s) mapped at: [0x000002171d000000-0x000002171dba0000-0x000002171dba0000), size 12189696, SharedBaseAddress: 0x000002171d000000, ArchiveRelocationMode: 1.
Compressed class space mapped at: 0x000002171e000000-0x000002175e000000, reserved size: 1073741824
Narrow klass base: 0x000002171d000000, Narrow klass shift: 0, Narrow klass range: 0x100000000

GC Precious Log:
 CardTable entry size: 512
 CPUs: 20 total, 20 available
 Memory: 16081M
 Large Page Support: Disabled
 NUMA Support: Disabled
 Compressed Oops: Enabled (32-bit)
 Alignments: Space 512K, Generation 512K, Heap 2M
 Heap Min Capacity: 100M
 Heap Initial Capacity: 100M
 Heap Max Capacity: 2G
 Pre-touch: Disabled
 Parallel Workers: 15

Heap:
 PSYoungGen      total 24576K, used 20372K [0x00000000d5580000, 0x00000000d7280000, 0x0000000100000000)
  eden space 23040K, 83% used [0x00000000d5580000,0x00000000d6858ff0,0x00000000d6c00000)
  from space 1536K, 69% used [0x00000000d7100000,0x00000000d720c010,0x00000000d7280000)
  to   space 2560K, 0% used [0x00000000d6d80000,0x00000000d6d80000,0x00000000d7000000)
 ParOldGen       total 68608K, used 18679K [0x0000000080000000, 0x0000000084300000, 0x00000000d5580000)
  object space 68608K, 27% used [0x0000000080000000,0x000000008123dca8,0x0000000084300000)
 Metaspace       used 31082K, committed 31936K, reserved 1114112K
  class space    used 3104K, committed 3456K, reserved 1048576K

Card table byte_map: [0x0000021705da0000,0x00000217061b0000] _byte_map_base: 0x00000217059a0000

Marking Bits: (ParMarkBitMap*) 0x00007ff84a95a340
 Begin Bits: [0x00000217188a0000, 0x000002171a8a0000)
 End Bits:   [0x000002171a8a0000, 0x000002171c8a0000)

Polling page: 0x00000217041a0000

Metaspace:

Usage:
  Non-class:     27.32 MB used.
      Class:      3.03 MB used.
       Both:     30.35 MB used.

Virtual space:
  Non-class space:       64.00 MB reserved,      27.81 MB ( 43%) committed,  1 nodes.
      Class space:        1.00 GB reserved,       3.38 MB ( <1%) committed,  1 nodes.
             Both:        1.06 GB reserved,      31.19 MB (  3%) committed. 

Chunk freelists:
   Non-Class:  3.78 MB
       Class:  12.63 MB
        Both:  16.41 MB

MaxMetaspaceSize: unlimited
CompressedClassSpaceSize: 1.00 GB
Initial GC threshold: 21.00 MB
Current GC threshold: 35.00 MB
CDS: on
 - commit_granule_bytes: 65536.
 - commit_granule_words: 8192.
 - virtual_space_node_default_size: 8388608.
 - enlarge_chunks_in_place: 1.
 - use_allocation_guard: 0.


Internal statistics:

num_allocs_failed_limit: 3.
num_arena_births: 568.
num_arena_deaths: 14.
num_vsnodes_births: 2.
num_vsnodes_deaths: 0.
num_space_committed: 498.
num_space_uncommitted: 0.
num_chunks_returned_to_freelist: 17.
num_chunks_taken_from_freelist: 1793.
num_chunk_merges: 7.
num_chunk_splits: 1139.
num_chunks_enlarged: 737.
num_inconsistent_stats: 0.

CodeHeap 'non-profiled nmethods': size=119168Kb used=2480Kb max_used=2480Kb free=116687Kb
 bounds [0x0000021711190000, 0x0000021711400000, 0x00000217185f0000]
CodeHeap 'profiled nmethods': size=119104Kb used=8672Kb max_used=8672Kb free=110431Kb
 bounds [0x00000217095f0000, 0x0000021709e70000, 0x0000021710a40000]
CodeHeap 'non-nmethods': size=7488Kb used=1918Kb max_used=3046Kb free=5569Kb
 bounds [0x0000021710a40000, 0x0000021710e40000, 0x0000021711190000]
CodeCache: size=245760Kb, used=13070Kb, max_used=14198Kb, free=232687Kb
 total_blobs=4886, nmethods=4233, adapters=558, full_count=0
Compilation: enabled, stopped_count=0, restarted_count=0

Compilation events (20 events):
Event: 331.557 Thread 0x000002175f21d920 nmethod 4227 0x0000021709e62e90 code [0x0000021709e63060, 0x0000021709e632f8]
Event: 331.559 Thread 0x000002175f21d920 4228       3       java.util.HashMap::putVal (300 bytes)
Event: 331.560 Thread 0x000002175f21c510 4234       4       java.util.HashMap::putIfAbsent (13 bytes)
Event: 332.569 Thread 0x000002175f21d920 nmethod 4228 0x0000021709e63410 code [0x0000021709e636c0, 0x0000021709e64778]
Event: 332.570 Thread 0x000002175f21d920 4231       2       org.eclipse.core.internal.dtree.AbstractDataTreeNode::storeStrings (42 bytes)
Event: 332.570 Thread 0x0000021767a5adb0 4236       3       org.eclipse.core.internal.resources.MarkerAttributeMap::shareStrings (92 bytes)
Event: 332.570 Thread 0x000002175f21d920 nmethod 4231 0x0000021709e64c10 code [0x0000021709e64de0, 0x0000021709e65030]
Event: 332.570 Thread 0x000002175f21d920 4229       2       org.eclipse.core.internal.utils.StringPool::add (50 bytes)
Event: 332.571 Thread 0x000002175f21d920 nmethod 4229 0x0000021709e65190 code [0x0000021709e65360, 0x0000021709e65590]
Event: 332.571 Thread 0x000002175f21d920 4230       2       org.eclipse.core.internal.dtree.DataTreeNode::storeStrings (28 bytes)
Event: 332.571 Thread 0x0000021767a5adb0 nmethod 4236 0x0000021709e65710 code [0x0000021709e659a0, 0x0000021709e66850]
Event: 332.571 Thread 0x000002175f21d920 nmethod 4230 0x0000021709e66b90 code [0x0000021709e66d60, 0x0000021709e66f98]
Event: 332.571 Thread 0x000002175f21d920 4232       2       org.eclipse.core.internal.resources.ResourceInfo::shareStrings (43 bytes)
Event: 332.571 Thread 0x0000021767a5adb0 4233       2       java.util.HashMap::afterNodeAccess (1 bytes)
Event: 332.571 Thread 0x0000021767a5adb0 nmethod 4233 0x0000021709e67090 code [0x0000021709e67220, 0x0000021709e67328]
Event: 332.571 Thread 0x0000021767a5adb0 4235       3       java.util.HashMap$Node::setValue (12 bytes)
Event: 332.572 Thread 0x0000021767a5adb0 nmethod 4235 0x0000021709e67390 code [0x0000021709e67520, 0x0000021709e67648]
Event: 332.572 Thread 0x0000021767a5adb0 4237       3       org.eclipse.core.internal.resources.MarkerInfo::shareStrings (21 bytes)
Event: 332.572 Thread 0x000002175f21d920 nmethod 4232 0x0000021709e67710 code [0x0000021709e678e0, 0x0000021709e67ac0]
Event: 332.572 Thread 0x0000021767a5adb0 nmethod 4237 0x0000021709e67c10 code [0x0000021709e67dc0, 0x0000021709e67f90]

GC Heap History (20 events):
Event: 7.058 GC heap before
{Heap before GC invocations=2 (full 0):
 PSYoungGen      total 29696K, used 29379K [0x00000000d5580000, 0x00000000d7680000, 0x0000000100000000)
  eden space 25600K, 100% used [0x00000000d5580000,0x00000000d6e80000,0x00000000d6e80000)
  from space 4096K, 92% used [0x00000000d6e80000,0x00000000d7230da0,0x00000000d7280000)
  to   space 4096K, 0% used [0x00000000d7280000,0x00000000d7280000,0x00000000d7680000)
 ParOldGen       total 68608K, used 16K [0x0000000080000000, 0x0000000084300000, 0x00000000d5580000)
  object space 68608K, 0% used [0x0000000080000000,0x0000000080004000,0x0000000084300000)
 Metaspace       used 7979K, committed 8256K, reserved 1114112K
  class space    used 832K, committed 960K, reserved 1048576K
}
Event: 7.063 GC heap after
{Heap after GC invocations=2 (full 0):
 PSYoungGen      total 29696K, used 4077K [0x00000000d5580000, 0x00000000d7680000, 0x0000000100000000)
  eden space 25600K, 0% used [0x00000000d5580000,0x00000000d5580000,0x00000000d6e80000)
  from space 4096K, 99% used [0x00000000d7280000,0x00000000d767b7a0,0x00000000d7680000)
  to   space 4096K, 0% used [0x00000000d6e80000,0x00000000d6e80000,0x00000000d7280000)
 ParOldGen       total 68608K, used 1029K [0x0000000080000000, 0x0000000084300000, 0x00000000d5580000)
  object space 68608K, 1% used [0x0000000080000000,0x00000000801016a8,0x0000000084300000)
 Metaspace       used 7979K, committed 8256K, reserved 1114112K
  class space    used 832K, committed 960K, reserved 1048576K
}
Event: 17.408 GC heap before
{Heap before GC invocations=3 (full 0):
 PSYoungGen      total 29696K, used 29677K [0x00000000d5580000, 0x00000000d7680000, 0x0000000100000000)
  eden space 25600K, 100% used [0x00000000d5580000,0x00000000d6e80000,0x00000000d6e80000)
  from space 4096K, 99% used [0x00000000d7280000,0x00000000d767b7a0,0x00000000d7680000)
  to   space 4096K, 0% used [0x00000000d6e80000,0x00000000d6e80000,0x00000000d7280000)
 ParOldGen       total 68608K, used 1029K [0x0000000080000000, 0x0000000084300000, 0x00000000d5580000)
  object space 68608K, 1% used [0x0000000080000000,0x00000000801016a8,0x0000000084300000)
 Metaspace       used 12790K, committed 13312K, reserved 1114112K
  class space    used 1354K, committed 1600K, reserved 1048576K
}
Event: 17.412 GC heap after
{Heap after GC invocations=3 (full 0):
 PSYoungGen      total 29696K, used 4094K [0x00000000d5580000, 0x00000000d7680000, 0x0000000100000000)
  eden space 25600K, 0% used [0x00000000d5580000,0x00000000d5580000,0x00000000d6e80000)
  from space 4096K, 99% used [0x00000000d6e80000,0x00000000d727f888,0x00000000d7280000)
  to   space 4096K, 0% used [0x00000000d7280000,0x00000000d7280000,0x00000000d7680000)
 ParOldGen       total 68608K, used 2687K [0x0000000080000000, 0x0000000084300000, 0x00000000d5580000)
  object space 68608K, 3% used [0x0000000080000000,0x000000008029fd58,0x0000000084300000)
 Metaspace       used 12790K, committed 13312K, reserved 1114112K
  class space    used 1354K, committed 1600K, reserved 1048576K
}
Event: 29.522 GC heap before
{Heap before GC invocations=4 (full 0):
 PSYoungGen      total 29696K, used 29694K [0x00000000d5580000, 0x00000000d7680000, 0x0000000100000000)
  eden space 25600K, 100% used [0x00000000d5580000,0x00000000d6e80000,0x00000000d6e80000)
  from space 4096K, 99% used [0x00000000d6e80000,0x00000000d727f888,0x00000000d7280000)
  to   space 4096K, 0% used [0x00000000d7280000,0x00000000d7280000,0x00000000d7680000)
 ParOldGen       total 68608K, used 2687K [0x0000000080000000, 0x0000000084300000, 0x00000000d5580000)
  object space 68608K, 3% used [0x0000000080000000,0x000000008029fd58,0x0000000084300000)
 Metaspace       used 15232K, committed 15808K, reserved 1114112K
  class space    used 1596K, committed 1856K, reserved 1048576K
}
Event: 29.529 GC heap after
{Heap after GC invocations=4 (full 0):
 PSYoungGen      total 29696K, used 4082K [0x00000000d5580000, 0x00000000d7680000, 0x0000000100000000)
  eden space 25600K, 0% used [0x00000000d5580000,0x00000000d5580000,0x00000000d6e80000)
  from space 4096K, 99% used [0x00000000d7280000,0x00000000d767c8f8,0x00000000d7680000)
  to   space 4096K, 0% used [0x00000000d6e80000,0x00000000d6e80000,0x00000000d7280000)
 ParOldGen       total 68608K, used 9396K [0x0000000080000000, 0x0000000084300000, 0x00000000d5580000)
  object space 68608K, 13% used [0x0000000080000000,0x000000008092d110,0x0000000084300000)
 Metaspace       used 15232K, committed 15808K, reserved 1114112K
  class space    used 1596K, committed 1856K, reserved 1048576K
}
Event: 32.428 GC heap before
{Heap before GC invocations=5 (full 0):
 PSYoungGen      total 29696K, used 29678K [0x00000000d5580000, 0x00000000d7680000, 0x0000000100000000)
  eden space 25600K, 99% used [0x00000000d5580000,0x00000000d6e7f178,0x00000000d6e80000)
  from space 4096K, 99% used [0x00000000d7280000,0x00000000d767c8f8,0x00000000d7680000)
  to   space 4096K, 0% used [0x00000000d6e80000,0x00000000d6e80000,0x00000000d7280000)
 ParOldGen       total 68608K, used 9396K [0x0000000080000000, 0x0000000084300000, 0x00000000d5580000)
  object space 68608K, 13% used [0x0000000080000000,0x000000008092d110,0x0000000084300000)
 Metaspace       used 18177K, committed 18816K, reserved 1114112K
  class space    used 1845K, committed 2176K, reserved 1048576K
}
Event: 32.432 GC heap after
{Heap after GC invocations=5 (full 0):
 PSYoungGen      total 29184K, used 4093K [0x00000000d5580000, 0x00000000d7c00000, 0x0000000100000000)
  eden space 25088K, 0% used [0x00000000d5580000,0x00000000d5580000,0x00000000d6e00000)
  from space 4096K, 99% used [0x00000000d6e80000,0x00000000d727f420,0x00000000d7280000)
  to   space 7168K, 0% used [0x00000000d7500000,0x00000000d7500000,0x00000000d7c00000)
 ParOldGen       total 68608K, used 10106K [0x0000000080000000, 0x0000000084300000, 0x00000000d5580000)
  object space 68608K, 14% used [0x0000000080000000,0x00000000809deb60,0x0000000084300000)
 Metaspace       used 18177K, committed 18816K, reserved 1114112K
  class space    used 1845K, committed 2176K, reserved 1048576K
}
Event: 33.345 GC heap before
{Heap before GC invocations=6 (full 0):
 PSYoungGen      total 29184K, used 20839K [0x00000000d5580000, 0x00000000d7c00000, 0x0000000100000000)
  eden space 25088K, 66% used [0x00000000d5580000,0x00000000d65daa18,0x00000000d6e00000)
  from space 4096K, 99% used [0x00000000d6e80000,0x00000000d727f420,0x00000000d7280000)
  to   space 7168K, 0% used [0x00000000d7500000,0x00000000d7500000,0x00000000d7c00000)
 ParOldGen       total 68608K, used 10106K [0x0000000080000000, 0x0000000084300000, 0x00000000d5580000)
  object space 68608K, 14% used [0x0000000080000000,0x00000000809deb60,0x0000000084300000)
 Metaspace       used 20825K, committed 21504K, reserved 1114112K
  class space    used 2049K, committed 2368K, reserved 1048576K
}
Event: 33.349 GC heap after
{Heap after GC invocations=6 (full 0):
 PSYoungGen      total 30208K, used 4787K [0x00000000d5580000, 0x00000000d7a00000, 0x0000000100000000)
  eden space 25088K, 0% used [0x00000000d5580000,0x00000000d5580000,0x00000000d6e00000)
  from space 5120K, 93% used [0x00000000d7500000,0x00000000d79acf88,0x00000000d7a00000)
  to   space 5632K, 0% used [0x00000000d6f00000,0x00000000d6f00000,0x00000000d7480000)
 ParOldGen       total 68608K, used 10114K [0x0000000080000000, 0x0000000084300000, 0x00000000d5580000)
  object space 68608K, 14% used [0x0000000080000000,0x00000000809e0b60,0x0000000084300000)
 Metaspace       used 20825K, committed 21504K, reserved 1114112K
  class space    used 2049K, committed 2368K, reserved 1048576K
}
Event: 33.349 GC heap before
{Heap before GC invocations=7 (full 1):
 PSYoungGen      total 30208K, used 4787K [0x00000000d5580000, 0x00000000d7a00000, 0x0000000100000000)
  eden space 25088K, 0% used [0x00000000d5580000,0x00000000d5580000,0x00000000d6e00000)
  from space 5120K, 93% used [0x00000000d7500000,0x00000000d79acf88,0x00000000d7a00000)
  to   space 5632K, 0% used [0x00000000d6f00000,0x00000000d6f00000,0x00000000d7480000)
 ParOldGen       total 68608K, used 10114K [0x0000000080000000, 0x0000000084300000, 0x00000000d5580000)
  object space 68608K, 14% used [0x0000000080000000,0x00000000809e0b60,0x0000000084300000)
 Metaspace       used 20825K, committed 21504K, reserved 1114112K
  class space    used 2049K, committed 2368K, reserved 1048576K
}
Event: 33.382 GC heap after
{Heap after GC invocations=7 (full 1):
 PSYoungGen      total 30208K, used 0K [0x00000000d5580000, 0x00000000d7a00000, 0x0000000100000000)
  eden space 25088K, 0% used [0x00000000d5580000,0x00000000d5580000,0x00000000d6e00000)
  from space 5120K, 0% used [0x00000000d7500000,0x00000000d7500000,0x00000000d7a00000)
  to   space 5632K, 0% used [0x00000000d6f00000,0x00000000d6f00000,0x00000000d7480000)
 ParOldGen       total 68608K, used 14229K [0x0000000080000000, 0x0000000084300000, 0x00000000d5580000)
  object space 68608K, 20% used [0x0000000080000000,0x0000000080de55a8,0x0000000084300000)
 Metaspace       used 20812K, committed 21504K, reserved 1114112K
  class space    used 2046K, committed 2368K, reserved 1048576K
}
Event: 40.556 GC heap before
{Heap before GC invocations=8 (full 1):
 PSYoungGen      total 30208K, used 25042K [0x00000000d5580000, 0x00000000d7a00000, 0x0000000100000000)
  eden space 25088K, 99% used [0x00000000d5580000,0x00000000d6df4880,0x00000000d6e00000)
  from space 5120K, 0% used [0x00000000d7500000,0x00000000d7500000,0x00000000d7a00000)
  to   space 5632K, 0% used [0x00000000d6f00000,0x00000000d6f00000,0x00000000d7480000)
 ParOldGen       total 68608K, used 14229K [0x0000000080000000, 0x0000000084300000, 0x00000000d5580000)
  object space 68608K, 20% used [0x0000000080000000,0x0000000080de55a8,0x0000000084300000)
 Metaspace       used 22982K, committed 23744K, reserved 1114112K
  class space    used 2220K, committed 2560K, reserved 1048576K
}
Event: 40.558 GC heap after
{Heap after GC invocations=8 (full 1):
 PSYoungGen      total 27136K, used 2534K [0x00000000d5580000, 0x00000000d7580000, 0x0000000100000000)
  eden space 24576K, 0% used [0x00000000d5580000,0x00000000d5580000,0x00000000d6d80000)
  from space 2560K, 99% used [0x00000000d6f00000,0x00000000d7179a78,0x00000000d7180000)
  to   space 3584K, 0% used [0x00000000d7200000,0x00000000d7200000,0x00000000d7580000)
 ParOldGen       total 68608K, used 14237K [0x0000000080000000, 0x0000000084300000, 0x00000000d5580000)
  object space 68608K, 20% used [0x0000000080000000,0x0000000080de75a8,0x0000000084300000)
 Metaspace       used 22982K, committed 23744K, reserved 1114112K
  class space    used 2220K, committed 2560K, reserved 1048576K
}
Event: 42.091 GC heap before
{Heap before GC invocations=9 (full 1):
 PSYoungGen      total 27136K, used 27110K [0x00000000d5580000, 0x00000000d7580000, 0x0000000100000000)
  eden space 24576K, 100% used [0x00000000d5580000,0x00000000d6d80000,0x00000000d6d80000)
  from space 2560K, 99% used [0x00000000d6f00000,0x00000000d7179a78,0x00000000d7180000)
  to   space 3584K, 0% used [0x00000000d7200000,0x00000000d7200000,0x00000000d7580000)
 ParOldGen       total 68608K, used 14237K [0x0000000080000000, 0x0000000084300000, 0x00000000d5580000)
  object space 68608K, 20% used [0x0000000080000000,0x0000000080de75a8,0x0000000084300000)
 Metaspace       used 26444K, committed 27264K, reserved 1114112K
  class space    used 2583K, committed 2944K, reserved 1048576K
}
Event: 42.094 GC heap after
{Heap after GC invocations=9 (full 1):
 PSYoungGen      total 27648K, used 3563K [0x00000000d5580000, 0x00000000d7700000, 0x0000000100000000)
  eden space 24064K, 0% used [0x00000000d5580000,0x00000000d5580000,0x00000000d6d00000)
  from space 3584K, 99% used [0x00000000d7200000,0x00000000d757aee8,0x00000000d7580000)
  to   space 5120K, 0% used [0x00000000d6d00000,0x00000000d6d00000,0x00000000d7200000)
 ParOldGen       total 68608K, used 15154K [0x0000000080000000, 0x0000000084300000, 0x00000000d5580000)
  object space 68608K, 22% used [0x0000000080000000,0x0000000080eccac8,0x0000000084300000)
 Metaspace       used 26444K, committed 27264K, reserved 1114112K
  class space    used 2583K, committed 2944K, reserved 1048576K
}
Event: 42.331 GC heap before
{Heap before GC invocations=10 (full 1):
 PSYoungGen      total 27648K, used 27627K [0x00000000d5580000, 0x00000000d7700000, 0x0000000100000000)
  eden space 24064K, 99% used [0x00000000d5580000,0x00000000d6cffff0,0x00000000d6d00000)
  from space 3584K, 99% used [0x00000000d7200000,0x00000000d757aee8,0x00000000d7580000)
  to   space 5120K, 0% used [0x00000000d6d00000,0x00000000d6d00000,0x00000000d7200000)
 ParOldGen       total 68608K, used 15154K [0x0000000080000000, 0x0000000084300000, 0x00000000d5580000)
  object space 68608K, 22% used [0x0000000080000000,0x0000000080eccac8,0x0000000084300000)
 Metaspace       used 27095K, committed 27904K, reserved 1114112K
  class space    used 2657K, committed 3008K, reserved 1048576K
}
Event: 42.334 GC heap after
{Heap after GC invocations=10 (full 1):
 PSYoungGen      total 27648K, used 3761K [0x00000000d5580000, 0x00000000d7480000, 0x0000000100000000)
  eden space 23552K, 0% used [0x00000000d5580000,0x00000000d5580000,0x00000000d6c80000)
  from space 4096K, 91% used [0x00000000d6d00000,0x00000000d70ac7a0,0x00000000d7100000)
  to   space 3584K, 0% used [0x00000000d7100000,0x00000000d7100000,0x00000000d7480000)
 ParOldGen       total 68608K, used 15162K [0x0000000080000000, 0x0000000084300000, 0x00000000d5580000)
  object space 68608K, 22% used [0x0000000080000000,0x0000000080eceac8,0x0000000084300000)
 Metaspace       used 27095K, committed 27904K, reserved 1114112K
  class space    used 2657K, committed 3008K, reserved 1048576K
}
Event: 43.477 GC heap before
{Heap before GC invocations=11 (full 1):
 PSYoungGen      total 27648K, used 27313K [0x00000000d5580000, 0x00000000d7480000, 0x0000000100000000)
  eden space 23552K, 100% used [0x00000000d5580000,0x00000000d6c80000,0x00000000d6c80000)
  from space 4096K, 91% used [0x00000000d6d00000,0x00000000d70ac7a0,0x00000000d7100000)
  to   space 3584K, 0% used [0x00000000d7100000,0x00000000d7100000,0x00000000d7480000)
 ParOldGen       total 68608K, used 15162K [0x0000000080000000, 0x0000000084300000, 0x00000000d5580000)
  object space 68608K, 22% used [0x0000000080000000,0x0000000080eceac8,0x0000000084300000)
 Metaspace       used 28882K, committed 29696K, reserved 1114112K
  class space    used 2871K, committed 3264K, reserved 1048576K
}
Event: 43.481 GC heap after
{Heap after GC invocations=11 (full 1):
 PSYoungGen      total 24576K, used 1072K [0x00000000d5580000, 0x00000000d7280000, 0x0000000100000000)
  eden space 23040K, 0% used [0x00000000d5580000,0x00000000d5580000,0x00000000d6c00000)
  from space 1536K, 69% used [0x00000000d7100000,0x00000000d720c010,0x00000000d7280000)
  to   space 2560K, 0% used [0x00000000d6d80000,0x00000000d6d80000,0x00000000d7000000)
 ParOldGen       total 68608K, used 18679K [0x0000000080000000, 0x0000000084300000, 0x00000000d5580000)
  object space 68608K, 27% used [0x0000000080000000,0x000000008123dca8,0x0000000084300000)
 Metaspace       used 28882K, committed 29696K, reserved 1114112K
  class space    used 2871K, committed 3264K, reserved 1048576K
}

Dll operation events (10 events):
Event: 0.059 Loaded shared library c:\Users\l1816\.cursor\extensions\redhat.java-1.46.0-win32-x64\jre\21.0.8-win32-x86_64\bin\java.dll
Event: 0.094 Loaded shared library c:\Users\l1816\.cursor\extensions\redhat.java-1.46.0-win32-x64\jre\21.0.8-win32-x86_64\bin\zip.dll
Event: 0.151 Loaded shared library C:\Users\l1816\.cursor\extensions\redhat.java-1.46.0-win32-x64\jre\21.0.8-win32-x86_64\bin\instrument.dll
Event: 0.159 Loaded shared library C:\Users\l1816\.cursor\extensions\redhat.java-1.46.0-win32-x64\jre\21.0.8-win32-x86_64\bin\net.dll
Event: 0.163 Loaded shared library C:\Users\l1816\.cursor\extensions\redhat.java-1.46.0-win32-x64\jre\21.0.8-win32-x86_64\bin\nio.dll
Event: 0.167 Loaded shared library C:\Users\l1816\.cursor\extensions\redhat.java-1.46.0-win32-x64\jre\21.0.8-win32-x86_64\bin\zip.dll
Event: 0.192 Loaded shared library C:\Users\l1816\.cursor\extensions\redhat.java-1.46.0-win32-x64\jre\21.0.8-win32-x86_64\bin\jimage.dll
Event: 0.294 Loaded shared library c:\Users\l1816\.cursor\extensions\redhat.java-1.46.0-win32-x64\jre\21.0.8-win32-x86_64\bin\verify.dll
Event: 14.709 Loaded shared library C:\Users\l1816\AppData\Roaming\Cursor\User\globalStorage\redhat.java\1.46.0\config_ss_win\org.eclipse.equinox.launcher\org.eclipse.equinox.launcher.win32.win32.x86_64_1.2.1400.v20250801-0854\eclipse_11916.dll
Event: 29.508 Loaded shared library C:\Users\l1816\AppData\Local\Temp\jna-101255416\jna13420959270366081046.dll

Deoptimization events (20 events):
Event: 44.006 Thread 0x00000217662e3200 Uncommon trap: trap_request=0xffffffbe fr.pc=0x00000217113e0de4 relative=0x0000000000001d44
Event: 44.006 Thread 0x00000217662e3200 Uncommon trap: reason=profile_predicate action=maybe_recompile pc=0x00000217113e0de4 method=java.io.WinNTFileSystem.normalize(Ljava/lang/String;)Ljava/lang/String; @ 25 c2
Event: 44.006 Thread 0x00000217662e3200 DEOPT PACKING pc=0x00000217113e0de4 sp=0x00000044052fdb00
Event: 44.006 Thread 0x00000217662e3200 DEOPT UNPACKING pc=0x0000021710a93aa2 sp=0x00000044052fdae8 mode 2
Event: 44.008 Thread 0x00000217662e3200 Uncommon trap: trap_request=0xffffffbe fr.pc=0x00000217113e0de4 relative=0x0000000000001d44
Event: 44.008 Thread 0x00000217662e3200 Uncommon trap: reason=profile_predicate action=maybe_recompile pc=0x00000217113e0de4 method=java.io.WinNTFileSystem.normalize(Ljava/lang/String;)Ljava/lang/String; @ 25 c2
Event: 44.008 Thread 0x00000217662e3200 DEOPT PACKING pc=0x00000217113e0de4 sp=0x00000044052fdc20
Event: 44.008 Thread 0x00000217662e3200 DEOPT UNPACKING pc=0x0000021710a93aa2 sp=0x00000044052fdc08 mode 2
Event: 44.011 Thread 0x00000217662e3200 Uncommon trap: trap_request=0xffffff45 fr.pc=0x000002171135ed2c relative=0x00000000000001ec
Event: 44.011 Thread 0x00000217662e3200 Uncommon trap: reason=unstable_if action=reinterpret pc=0x000002171135ed2c method=java.lang.StringUTF16.indexOfLatin1Unsafe([BI[BII)I @ 110 c2
Event: 44.011 Thread 0x00000217662e3200 DEOPT PACKING pc=0x000002171135ed2c sp=0x00000044052fdcb0
Event: 44.011 Thread 0x00000217662e3200 DEOPT UNPACKING pc=0x0000021710a93aa2 sp=0x00000044052fdc38 mode 2
Event: 44.055 Thread 0x00000217662e2b70 Uncommon trap: trap_request=0xffffff45 fr.pc=0x0000021711362168 relative=0x00000000000000c8
Event: 44.055 Thread 0x00000217662e2b70 Uncommon trap: reason=unstable_if action=reinterpret pc=0x0000021711362168 method=org.eclipse.core.internal.resources.Resource.isMember(II)Z @ 17 c2
Event: 44.055 Thread 0x00000217662e2b70 DEOPT PACKING pc=0x0000021711362168 sp=0x00000044051fec70
Event: 44.055 Thread 0x00000217662e2b70 DEOPT UNPACKING pc=0x0000021710a93aa2 sp=0x00000044051fec08 mode 2
Event: 331.559 Thread 0x00000217663c7a20 Uncommon trap: trap_request=0xffffff45 fr.pc=0x000002171132bc58 relative=0x0000000000000618
Event: 331.559 Thread 0x00000217663c7a20 Uncommon trap: reason=unstable_if action=reinterpret pc=0x000002171132bc58 method=java.util.HashMap.putVal(ILjava/lang/Object;Ljava/lang/Object;ZZ)Ljava/lang/Object; @ 236 c2
Event: 331.559 Thread 0x00000217663c7a20 DEOPT PACKING pc=0x000002171132bc58 sp=0x00000044032fea00
Event: 331.559 Thread 0x00000217663c7a20 DEOPT UNPACKING pc=0x0000021710a93aa2 sp=0x00000044032fe978 mode 2

Classes loaded (20 events):
Event: 43.625 Loading class sun/nio/cs/ThreadLocalCoders
Event: 43.626 Loading class sun/nio/cs/ThreadLocalCoders done
Event: 43.626 Loading class sun/nio/cs/ThreadLocalCoders$1
Event: 43.626 Loading class sun/nio/cs/ThreadLocalCoders$Cache
Event: 43.626 Loading class sun/nio/cs/ThreadLocalCoders$Cache done
Event: 43.626 Loading class sun/nio/cs/ThreadLocalCoders$1 done
Event: 43.626 Loading class sun/nio/cs/ThreadLocalCoders$2
Event: 43.626 Loading class sun/nio/cs/ThreadLocalCoders$2 done
Event: 43.741 Loading class java/io/InvalidObjectException
Event: 43.741 Loading class java/io/ObjectStreamException
Event: 43.741 Loading class java/io/ObjectStreamException done
Event: 43.741 Loading class java/io/InvalidObjectException done
Event: 43.881 Loading class java/util/concurrent/CompletableFuture$AltResult
Event: 43.882 Loading class java/util/concurrent/CompletableFuture$AltResult done
Event: 43.883 Loading class java/util/concurrent/CompletableFuture$Completion
Event: 43.883 Loading class java/util/concurrent/CompletableFuture$AsynchronousCompletionTask
Event: 43.884 Loading class java/util/concurrent/CompletableFuture$AsynchronousCompletionTask done
Event: 43.884 Loading class java/util/concurrent/CompletableFuture$Completion done
Event: 43.937 Loading class sun/nio/ch/WindowsAsynchronousFileChannelImpl$WriteTask
Event: 43.938 Loading class sun/nio/ch/WindowsAsynchronousFileChannelImpl$WriteTask done

Classes unloaded (7 events):
Event: 33.359 Thread 0x00000217064aec00 Unloading class 0x000002171e18c800 'java/lang/invoke/LambdaForm$MH+0x000002171e18c800'
Event: 33.359 Thread 0x00000217064aec00 Unloading class 0x000002171e18c400 'java/lang/invoke/LambdaForm$MH+0x000002171e18c400'
Event: 33.359 Thread 0x00000217064aec00 Unloading class 0x000002171e18c000 'java/lang/invoke/LambdaForm$MH+0x000002171e18c000'
Event: 33.359 Thread 0x00000217064aec00 Unloading class 0x000002171e18bc00 'java/lang/invoke/LambdaForm$MH+0x000002171e18bc00'
Event: 33.359 Thread 0x00000217064aec00 Unloading class 0x000002171e18b800 'java/lang/invoke/LambdaForm$BMH+0x000002171e18b800'
Event: 33.359 Thread 0x00000217064aec00 Unloading class 0x000002171e18b400 'java/lang/invoke/LambdaForm$DMH+0x000002171e18b400'
Event: 33.359 Thread 0x00000217064aec00 Unloading class 0x000002171e18a400 'java/lang/invoke/LambdaForm$DMH+0x000002171e18a400'

Classes redefined (0 events):
No events

Internal exceptions (20 events):
Event: 42.910 Thread 0x00000217663c7a20 Exception <a 'sun/nio/fs/WindowsException'{0x00000000d646f068}> (0x00000000d646f068) 
thrown [s\src\hotspot\share\prims\jni.cpp, line 520]
Event: 42.911 Thread 0x00000217663c7a20 Exception <a 'sun/nio/fs/WindowsException'{0x00000000d646f628}> (0x00000000d646f628) 
thrown [s\src\hotspot\share\prims\jni.cpp, line 520]
Event: 42.912 Thread 0x00000217663c7a20 Exception <a 'sun/nio/fs/WindowsException'{0x00000000d6506780}> (0x00000000d6506780) 
thrown [s\src\hotspot\share\prims\jni.cpp, line 520]
Event: 42.912 Thread 0x00000217663c7a20 Exception <a 'sun/nio/fs/WindowsException'{0x00000000d6506d40}> (0x00000000d6506d40) 
thrown [s\src\hotspot\share\prims\jni.cpp, line 520]
Event: 42.919 Thread 0x00000217663c7a20 Exception <a 'sun/nio/fs/WindowsException'{0x00000000d65076c8}> (0x00000000d65076c8) 
thrown [s\src\hotspot\share\prims\jni.cpp, line 520]
Event: 42.920 Thread 0x00000217663c7a20 Exception <a 'sun/nio/fs/WindowsException'{0x00000000d6507c88}> (0x00000000d6507c88) 
thrown [s\src\hotspot\share\prims\jni.cpp, line 520]
Event: 43.063 Thread 0x00000217663c7a20 Exception <a 'java/lang/NoSuchMethodError'{0x00000000d67f6528}: 'void java.lang.invoke.DirectMethodHandle$Holder.invokeVirtual(java.lang.Object, java.lang.Object, java.lang.Object, java.lang.Object)'> (0x00000000d67f6528) 
thrown [s\src\hotspot\share\interpreter\linkResolver.cpp, line 773]
Event: 43.395 Thread 0x0000021706410e80 Exception <a 'java/lang/NoSuchMethodError'{0x00000000d6ad4f18}: 'void java.lang.invoke.DirectMethodHandle$Holder.invokeSpecial(java.lang.Object, java.lang.Object, java.lang.Object, java.lang.Object, java.lang.Object, java.lang.Object)'> (0x00000000d6ad4f18) 
thrown [s\src\hotspot\share\interpreter\linkResolver.cpp, line 773]
Event: 43.396 Thread 0x0000021706410e80 Exception <a 'java/lang/IncompatibleClassChangeError'{0x00000000d6add098}: Found class java.lang.Object, but interface was expected> (0x00000000d6add098) 
thrown [s\src\hotspot\share\interpreter\linkResolver.cpp, line 840]
Event: 43.403 Thread 0x0000021706410e80 Exception <a 'java/lang/IncompatibleClassChangeError'{0x00000000d6adf0c8}: Found class java.lang.Object, but interface was expected> (0x00000000d6adf0c8) 
thrown [s\src\hotspot\share\interpreter\linkResolver.cpp, line 840]
Event: 43.694 Thread 0x00000217663c7a20 Exception <a 'java/io/FileNotFoundException'{0x00000000d5bb7f00}> (0x00000000d5bb7f00) 
thrown [s\src\hotspot\share\prims\jni.cpp, line 520]
Event: 43.696 Thread 0x00000217663c7a20 Exception <a 'java/io/FileNotFoundException'{0x00000000d5bb9498}> (0x00000000d5bb9498) 
thrown [s\src\hotspot\share\prims\jni.cpp, line 520]
Event: 43.702 Thread 0x00000217663c7a20 Exception <a 'java/lang/NoSuchMethodError'{0x00000000d5bc7210}: 'java.lang.Object java.lang.invoke.DirectMethodHandle$Holder.newInvokeSpecial(java.lang.Object, java.lang.Object, java.lang.Object, int)'> (0x00000000d5bc7210) 
thrown [s\src\hotspot\share\interpreter\linkResolver.cpp, line 773]
Event: 43.706 Thread 0x00000217663c7a20 Exception <a 'java/lang/NoSuchMethodError'{0x00000000d5bcae28}: 'java.lang.Object java.lang.invoke.DirectMethodHandle$Holder.invokeSpecial(java.lang.Object, java.lang.Object, java.lang.Object, java.lang.Object, int)'> (0x00000000d5bcae28) 
thrown [s\src\hotspot\share\interpreter\linkResolver.cpp, line 773]
Event: 43.706 Thread 0x00000217663c7a20 Exception <a 'java/lang/NoSuchMethodError'{0x00000000d5bce2c0}: 'java.lang.Object java.lang.invoke.Invokers$Holder.linkToTargetMethod(java.lang.Object, java.lang.Object, int, java.lang.Object)'> (0x00000000d5bce2c0) 
thrown [s\src\hotspot\share\interpreter\linkResolver.cpp, line 773]
Event: 43.709 Thread 0x00000217663c7a20 Exception <a 'java/lang/NoSuchMethodError'{0x00000000d5bd97f0}: 'void java.lang.invoke.DirectMethodHandle$Holder.invokeStaticInit(java.lang.Object, java.lang.Object, java.lang.Object)'> (0x00000000d5bd97f0) 
thrown [s\src\hotspot\share\interpreter\linkResolver.cpp, line 773]
Event: 43.752 Thread 0x00000217662e3200 Exception <a 'java/lang/NoSuchMethodError'{0x00000000d5cf1568}: 'java.lang.Object java.lang.invoke.DirectMethodHandle$Holder.invokeInterface(java.lang.Object, java.lang.Object, java.lang.Object)'> (0x00000000d5cf1568) 
thrown [s\src\hotspot\share\interpreter\linkResolver.cpp, line 773]
Event: 43.786 Thread 0x00000217662e3200 Exception <a 'java/io/FileNotFoundException'{0x00000000d5d8b708}> (0x00000000d5d8b708) 
thrown [s\src\hotspot\share\prims\jni.cpp, line 520]
Event: 43.852 Thread 0x00000217662e3200 Exception <a 'sun/nio/fs/WindowsException'{0x00000000d6378670}> (0x00000000d6378670) 
thrown [s\src\hotspot\share\prims\jni.cpp, line 520]
Event: 43.974 Thread 0x00000217662e3200 Exception <a 'java/lang/IncompatibleClassChangeError'{0x00000000d6678030}: Found class java.lang.Object, but interface was expected> (0x00000000d6678030) 
thrown [s\src\hotspot\share\interpreter\linkResolver.cpp, line 840]

ZGC Phase Switch (0 events):
No events

VM Operations (20 events):
Event: 43.768 Executing VM operation: HandshakeAllThreads (Deoptimize)
Event: 43.769 Executing VM operation: HandshakeAllThreads (Deoptimize) done
Event: 43.886 Executing VM operation: HandshakeAllThreads (Deoptimize)
Event: 43.886 Executing VM operation: HandshakeAllThreads (Deoptimize) done
Event: 44.892 Executing VM operation: Cleanup
Event: 44.892 Executing VM operation: Cleanup done
Event: 52.954 Executing VM operation: Cleanup
Event: 52.954 Executing VM operation: Cleanup done
Event: 60.111 Executing VM operation: HandshakeAllThreads (HandshakeForDeflation)
Event: 60.111 Executing VM operation: HandshakeAllThreads (HandshakeForDeflation) done
Event: 60.112 Executing VM operation: RendezvousGCThreads
Event: 60.112 Executing VM operation: RendezvousGCThreads done
Event: 120.184 Executing VM operation: HandshakeAllThreads (HandshakeForDeflation)
Event: 120.184 Executing VM operation: HandshakeAllThreads (HandshakeForDeflation) done
Event: 120.184 Executing VM operation: RendezvousGCThreads
Event: 120.184 Executing VM operation: RendezvousGCThreads done
Event: 240.331 Executing VM operation: HandshakeAllThreads (HandshakeForDeflation)
Event: 240.331 Executing VM operation: HandshakeAllThreads (HandshakeForDeflation) done
Event: 240.331 Executing VM operation: RendezvousGCThreads
Event: 240.331 Executing VM operation: RendezvousGCThreads done

Memory protections (0 events):
No events

Nmethod flushes (0 events):
No events

Events (20 events):
Event: 42.204 Thread 0x0000021767a5d690 Thread added: 0x0000021767a5a010
Event: 42.204 Thread 0x000002175f21d920 Thread added: 0x0000021767a5a6e0
Event: 42.214 Thread 0x0000021767a5d690 Thread added: 0x0000021767a5adb0
Event: 42.214 Thread 0x0000021767a5d690 Thread added: 0x0000021767a5bb50
Event: 42.215 Thread 0x0000021767a5a6e0 Thread added: 0x0000021767a5b480
Event: 42.489 Thread 0x0000021767a5b480 Thread exited: 0x0000021767a5b480
Event: 43.038 Thread 0x0000021767a5bb50 Thread exited: 0x0000021767a5bb50
Event: 43.091 Thread 0x0000021767a5adb0 Thread exited: 0x0000021767a5adb0
Event: 43.238 Thread 0x00000217666a8130 Thread added: 0x00000217662e2b70
Event: 43.239 Thread 0x0000021767a5a6e0 Thread exited: 0x0000021767a5a6e0
Event: 43.463 Thread 0x0000021706410e80 Thread added: 0x00000217662df6f0
Event: 43.464 Thread 0x0000021706410e80 Thread added: 0x00000217662e3200
Event: 43.560 Thread 0x000002175f21d920 Thread added: 0x0000021767a5a6e0
Event: 49.086 Thread 0x0000021767a5a010 Thread exited: 0x0000021767a5a010
Event: 49.086 Thread 0x0000021767a5a6e0 Thread exited: 0x0000021767a5a6e0
Event: 49.086 Thread 0x0000021767a5d690 Thread exited: 0x0000021767a5d690
Event: 49.133 Thread 0x0000021767a5cfc0 Thread exited: 0x0000021767a5cfc0
Event: 54.099 Thread 0x0000021767a5c8f0 Thread exited: 0x0000021767a5c8f0
Event: 104.077 Thread 0x00000217662e2b70 Thread exited: 0x00000217662e2b70
Event: 332.570 Thread 0x000002175f21d920 Thread added: 0x0000021767a5adb0


Dynamic libraries:
0x00007ff7567a0000 - 0x00007ff7567ae000 	c:\Users\l1816\.cursor\extensions\redhat.java-1.46.0-win32-x64\jre\21.0.8-win32-x86_64\bin\java.exe
0x00007ff8fcd40000 - 0x00007ff8fcfa8000 	C:\WINDOWS\SYSTEM32\ntdll.dll
0x00007ff8fb9a0000 - 0x00007ff8fba69000 	C:\WINDOWS\System32\KERNEL32.DLL
0x00007ff8fa430000 - 0x00007ff8fa828000 	C:\WINDOWS\System32\KERNELBASE.dll
0x00007ff8f5f10000 - 0x00007ff8f5faf000 	C:\WINDOWS\SYSTEM32\apphelp.dll
0x00007ff8fa830000 - 0x00007ff8fa97b000 	C:\WINDOWS\System32\ucrtbase.dll
0x00007ff8f48f0000 - 0x00007ff8f4908000 	c:\Users\l1816\.cursor\extensions\redhat.java-1.46.0-win32-x64\jre\21.0.8-win32-x86_64\bin\jli.dll
0x00007ff8f47f0000 - 0x00007ff8f480e000 	c:\Users\l1816\.cursor\extensions\redhat.java-1.46.0-win32-x64\jre\21.0.8-win32-x86_64\bin\VCRUNTIME140.dll
0x00007ff8fb350000 - 0x00007ff8fb517000 	C:\WINDOWS\System32\USER32.dll
0x00007ff8f9e90000 - 0x00007ff8f9eb7000 	C:\WINDOWS\System32\win32u.dll
0x00007ff8fb290000 - 0x00007ff8fb2bb000 	C:\WINDOWS\System32\GDI32.dll
0x00007ff8fa240000 - 0x00007ff8fa36c000 	C:\WINDOWS\System32\gdi32full.dll
0x00007ff8fa980000 - 0x00007ff8faa23000 	C:\WINDOWS\System32\msvcp_win.dll
0x00007ff8d8ab0000 - 0x00007ff8d8d44000 	C:\WINDOWS\WinSxS\amd64_microsoft.windows.common-controls_6595b64144ccf1df_6.0.26100.7019_none_3e06ffa0e335b8a8\COMCTL32.dll
0x00007ff8fbe00000 - 0x00007ff8fbea9000 	C:\WINDOWS\System32\msvcrt.dll
0x00007ff8fbb20000 - 0x00007ff8fbb51000 	C:\WINDOWS\System32\IMM32.DLL
0x00007ff8e83f0000 - 0x00007ff8e83fc000 	c:\Users\l1816\.cursor\extensions\redhat.java-1.46.0-win32-x64\jre\21.0.8-win32-x86_64\bin\vcruntime140_1.dll
0x00007ff8e8360000 - 0x00007ff8e83ed000 	c:\Users\l1816\.cursor\extensions\redhat.java-1.46.0-win32-x64\jre\21.0.8-win32-x86_64\bin\msvcp140.dll
0x00007ff849ca0000 - 0x00007ff84aa37000 	c:\Users\l1816\.cursor\extensions\redhat.java-1.46.0-win32-x64\jre\21.0.8-win32-x86_64\bin\server\jvm.dll
0x00007ff8fadb0000 - 0x00007ff8fae64000 	C:\WINDOWS\System32\ADVAPI32.dll
0x00007ff8fba70000 - 0x00007ff8fbb16000 	C:\WINDOWS\System32\sechost.dll
0x00007ff8fb170000 - 0x00007ff8fb288000 	C:\WINDOWS\System32\RPCRT4.dll
0x00007ff8fbd80000 - 0x00007ff8fbdf4000 	C:\WINDOWS\System32\WS2_32.dll
0x00007ff8f9cf0000 - 0x00007ff8f9d4e000 	C:\WINDOWS\SYSTEM32\POWRPROF.dll
0x00007ff8ea360000 - 0x00007ff8ea36b000 	C:\WINDOWS\SYSTEM32\VERSION.dll
0x00007ff8f3720000 - 0x00007ff8f3755000 	C:\WINDOWS\SYSTEM32\WINMM.dll
0x00007ff8f9cd0000 - 0x00007ff8f9ce4000 	C:\WINDOWS\SYSTEM32\UMPDC.dll
0x00007ff8f8c50000 - 0x00007ff8f8c6b000 	C:\WINDOWS\SYSTEM32\kernel.appcore.dll
0x00007ff8e8350000 - 0x00007ff8e835a000 	c:\Users\l1816\.cursor\extensions\redhat.java-1.46.0-win32-x64\jre\21.0.8-win32-x86_64\bin\jimage.dll
0x00007ff8f7200000 - 0x00007ff8f7442000 	C:\WINDOWS\SYSTEM32\DBGHELP.DLL
0x00007ff8fb520000 - 0x00007ff8fb8ab000 	C:\WINDOWS\System32\combase.dll
0x00007ff8fb8b0000 - 0x00007ff8fb987000 	C:\WINDOWS\System32\OLEAUT32.dll
0x00007ff8d8240000 - 0x00007ff8d827c000 	C:\WINDOWS\SYSTEM32\dbgcore.DLL
0x00007ff8faa30000 - 0x00007ff8faad5000 	C:\WINDOWS\System32\bcryptPrimitives.dll
0x00007ff8e8340000 - 0x00007ff8e834f000 	c:\Users\l1816\.cursor\extensions\redhat.java-1.46.0-win32-x64\jre\21.0.8-win32-x86_64\bin\instrument.dll
0x00007ff8e8320000 - 0x00007ff8e833f000 	c:\Users\l1816\.cursor\extensions\redhat.java-1.46.0-win32-x64\jre\21.0.8-win32-x86_64\bin\java.dll
0x00007ff8fc090000 - 0x00007ff8fc7df000 	C:\WINDOWS\System32\SHELL32.dll
0x00007ff8f9f50000 - 0x00007ff8fa0bb000 	C:\WINDOWS\System32\wintypes.dll
0x00007ff8f7a80000 - 0x00007ff8f82dd000 	C:\WINDOWS\SYSTEM32\windows.storage.dll
0x00007ff8fae90000 - 0x00007ff8faf82000 	C:\WINDOWS\System32\SHCORE.dll
0x00007ff8faae0000 - 0x00007ff8fab47000 	C:\WINDOWS\System32\shlwapi.dll
0x00007ff8f9db0000 - 0x00007ff8f9dd9000 	C:\WINDOWS\SYSTEM32\profapi.dll
0x00007ff8e8300000 - 0x00007ff8e8318000 	c:\Users\l1816\.cursor\extensions\redhat.java-1.46.0-win32-x64\jre\21.0.8-win32-x86_64\bin\zip.dll
0x00007ff8e82f0000 - 0x00007ff8e8300000 	C:\Users\l1816\.cursor\extensions\redhat.java-1.46.0-win32-x64\jre\21.0.8-win32-x86_64\bin\net.dll
0x00007ff8eb300000 - 0x00007ff8eb428000 	C:\WINDOWS\SYSTEM32\WINHTTP.dll
0x00007ff8f91c0000 - 0x00007ff8f922b000 	C:\WINDOWS\system32\mswsock.dll
0x00007ff8e82d0000 - 0x00007ff8e82e6000 	C:\Users\l1816\.cursor\extensions\redhat.java-1.46.0-win32-x64\jre\21.0.8-win32-x86_64\bin\nio.dll
0x00007ff8e82c0000 - 0x00007ff8e82d0000 	c:\Users\l1816\.cursor\extensions\redhat.java-1.46.0-win32-x64\jre\21.0.8-win32-x86_64\bin\verify.dll
0x00007ff8aab20000 - 0x00007ff8aab64000 	C:\Users\l1816\AppData\Roaming\Cursor\User\globalStorage\redhat.java\1.46.0\config_ss_win\org.eclipse.equinox.launcher\org.eclipse.equinox.launcher.win32.win32.x86_64_1.2.1400.v20250801-0854\eclipse_11916.dll
0x00007ff8fab50000 - 0x00007ff8face7000 	C:\WINDOWS\System32\ole32.dll
0x00007ff8f9480000 - 0x00007ff8f949b000 	C:\WINDOWS\SYSTEM32\CRYPTSP.dll
0x00007ff8f8bb0000 - 0x00007ff8f8bea000 	C:\WINDOWS\system32\rsaenh.dll
0x00007ff8f9270000 - 0x00007ff8f929b000 	C:\WINDOWS\SYSTEM32\USERENV.dll
0x00007ff8f9d80000 - 0x00007ff8f9daa000 	C:\WINDOWS\SYSTEM32\bcrypt.dll
0x00007ff8f94a0000 - 0x00007ff8f94ac000 	C:\WINDOWS\SYSTEM32\CRYPTBASE.dll
0x00007ff8f8770000 - 0x00007ff8f87a4000 	C:\WINDOWS\SYSTEM32\IPHLPAPI.DLL
0x00007ff8fb990000 - 0x00007ff8fb99a000 	C:\WINDOWS\System32\NSI.dll
0x00007ff8df240000 - 0x00007ff8df289000 	C:\Users\l1816\AppData\Local\Temp\jna-101255416\jna13420959270366081046.dll
0x00007ff8fbb60000 - 0x00007ff8fbb68000 	C:\WINDOWS\System32\PSAPI.DLL
0x00007ff8f1240000 - 0x00007ff8f125e000 	C:\WINDOWS\SYSTEM32\dhcpcsvc6.DLL
0x00007ff8f1210000 - 0x00007ff8f1233000 	C:\WINDOWS\SYSTEM32\dhcpcsvc.DLL

JVMTI agents:
c:\Users\l1816\.cursor\extensions\redhat.java-1.46.0-win32-x64\lombok\lombok-1.18.39-4050.jar path:c:\Users\l1816\.cursor\extensions\redhat.java-1.46.0-win32-x64\jre\21.0.8-win32-x86_64\bin\instrument.dll, loaded, initialized, instrumentlib options:none

dbghelp: loaded successfully - version: 4.0.5 - missing functions: none
symbol engine: initialized successfully - sym options: 0x614 - pdb path: .;c:\Users\l1816\.cursor\extensions\redhat.java-1.46.0-win32-x64\jre\21.0.8-win32-x86_64\bin;C:\WINDOWS\SYSTEM32;C:\WINDOWS\WinSxS\amd64_microsoft.windows.common-controls_6595b64144ccf1df_6.0.26100.7019_none_3e06ffa0e335b8a8;c:\Users\l1816\.cursor\extensions\redhat.java-1.46.0-win32-x64\jre\21.0.8-win32-x86_64\bin\server;C:\Users\l1816\AppData\Roaming\Cursor\User\globalStorage\redhat.java\1.46.0\config_ss_win\org.eclipse.equinox.launcher\org.eclipse.equinox.launcher.win32.win32.x86_64_1.2.1400.v20250801-0854;C:\Users\l1816\AppData\Local\Temp\jna-101255416

VM Arguments:
jvm_args: --add-modules=ALL-SYSTEM --add-opens=java.base/java.util=ALL-UNNAMED --add-opens=java.base/java.lang=ALL-UNNAMED --add-opens=java.base/sun.nio.fs=ALL-UNNAMED -Declipse.application=org.eclipse.jdt.ls.core.id1 -Dosgi.bundles.defaultStartLevel=4 -Declipse.product=org.eclipse.jdt.ls.core.product -Djava.import.generatesMetadataFilesAtProjectRoot=false -DDetectVMInstallationsJob.disabled=true -Dfile.encoding=utf8 -XX:+UseParallelGC -XX:GCTimeRatio=4 -XX:AdaptiveSizePolicyWeight=90 -Dsun.zip.disableMemoryMapping=true -Xmx2G -Xms100m -Xlog:disable -javaagent:c:\Users\l1816\.cursor\extensions\redhat.java-1.46.0-win32-x64\lombok\lombok-1.18.39-4050.jar 
java_command: c:\Users\l1816\.cursor\extensions\redhat.java-1.46.0-win32-x64\server\plugins\org.eclipse.equinox.launcher_1.7.0.v20250519-0528.jar -configuration c:\Users\l1816\AppData\Roaming\Cursor\User\globalStorage\redhat.java\1.46.0\config_ss_win -data c:\Users\l1816\AppData\Roaming\Cursor\User\workspaceStorage\9a9c6f2e96041c0e531f48a2dc2e720c\redhat.java\ss_ws --pipe=\\.\pipe\lsp-e461a11ee116aac779f8283b5d7c1524-sock
java_class_path (initial): c:\Users\l1816\.cursor\extensions\redhat.java-1.46.0-win32-x64\server\plugins\org.eclipse.equinox.launcher_1.7.0.v20250519-0528.jar
Launcher Type: SUN_STANDARD

[Global flags]
    uintx AdaptiveSizePolicyWeight                 = 90                                        {product} {command line}
     intx CICompilerCount                          = 12                                        {product} {ergonomic}
    uintx GCTimeRatio                              = 4                                         {product} {command line}
   size_t InitialHeapSize                          = 104857600                                 {product} {command line}
   size_t MaxHeapSize                              = 2147483648                                {product} {command line}
   size_t MaxNewSize                               = 715653120                                 {product} {ergonomic}
   size_t MinHeapDeltaBytes                        = 524288                                    {product} {ergonomic}
   size_t MinHeapSize                              = 104857600                                 {product} {command line}
   size_t NewSize                                  = 34603008                                  {product} {ergonomic}
    uintx NonNMethodCodeHeapSize                   = 7602480                                {pd product} {ergonomic}
    uintx NonProfiledCodeHeapSize                  = 122027880                              {pd product} {ergonomic}
   size_t OldSize                                  = 70254592                                  {product} {ergonomic}
    uintx ProfiledCodeHeapSize                     = 122027880                              {pd product} {ergonomic}
    uintx ReservedCodeCacheSize                    = 251658240                              {pd product} {ergonomic}
     bool SegmentedCodeCache                       = true                                      {product} {ergonomic}
   size_t SoftMaxHeapSize                          = 2147483648                             {manageable} {ergonomic}
     bool UseCompressedOops                        = true                           {product lp64_product} {ergonomic}
     bool UseLargePagesIndividualAllocation        = false                                  {pd product} {ergonomic}
     bool UseParallelGC                            = true                                      {product} {command line}

Logging:
Log output configuration:
 #0: stdout all=off uptime,level,tags foldmultilines=false
 #1: stderr all=off uptime,level,tags foldmultilines=false

Environment Variables:
JAVA_HOME=C:\Users\l1816\JDK\jdk1.8
PATH=c:\Users\l1816\AppData\Local\Programs\cursor\resources\app\bin;C:\Program Files (x86)\Common Files\Oracle\Java\java8path;C:\Program Files (x86)\Common Files\Oracle\Java\javapath;c:\Users\l1816\AppData\Local\Programs\cursor\resources\app\bin;c:\Users\l1816\AppData\Local\Programs\cursor\resources\app\bin;C:\Program Files (x86)\VMware\VMware Workstation\bin\;C:\Windows\system32;C:\Windows;C:\Windows\System32\Wbem;C:\Windows\System32\WindowsPowerShell\v1.0\;C:\Windows\System32\OpenSSH\;C:\Program Files\Microsoft SQL Server\150\Tools\Binn\;C:\Program Files\dotnet\;C:\Program Files (x86)\Windows Kits\10\Windows Performance Toolkit\;C:\糧湮呇庈部\mingw64\bin;c:\U;ers\l1816\AppData\Local\Programs\cursor\resources\app\bin;C:\WINDOWS\system32;C:\WINDOWS;C:\WINDOWS\System32\Wbem;C:\WINDOWS\System32\WindowsPowerShell\v1.0\;C:\WINDOWS\System32\OpenSSH\;C:\Program File;C:\MySQL\MySQL Server 8.0\bin;C:\Program Files\Git\cmd;C:\Program Files (x86)\Tencent\峚陓web羲楷氪馱撿\dll;C:\Users\l1816\NVM\nvm;C:\Program Files\nodejs;C:\Program Files\nodejs\;C:\Python27;C:\Python27\Scripts;C:\Program Files\nodejs;C:\Program Files\AskLink;E:\programe\oracle\dbhomexe\bin;E:\Programe\Maven\apache-maven-3.9.10\bin;C:\strawberry\c\bin;C:\strawberry\perl\bin;E:\Programe\loadrunner12\loadrunner12\strawberry-perl\perl\bin;E:\Programe\Cursor\cursor\resources\app\bin;e:\Programe\Trae\Trae CN\bin;C:\MySQL\MySQL Shell 8.0\bin\;C:\Users\l1816\AppData\Local\Microsoft\WindowsApps;C:\Users\l1816\.dotnet\tools;C:\Users\l1816\AppData\Local\Programs\Microsoft VS Code\bin;C:\Program Files\JetBrains\PyCharm Community Edition 2023.3.4\bin;E:\Programe\IDEA\IntelliJ IDEA 2025.2.4\bin;E:\Programe\windsurf\Windsurf\bin
USERNAME=l1816
TERM=dumb
OS=Windows_NT
PROCESSOR_IDENTIFIER=Intel64 Family 6 Model 154 Stepping 3, GenuineIntel
TMP=C:\Users\l1816\AppData\Local\Temp
TEMP=C:\Users\l1816\AppData\Local\Temp




Periodic native trim disabled

---------------  S Y S T E M  ---------------

OS:
 Windows 11 , 64 bit Build 26100 (10.0.26100.7019)
OS uptime: 0 days 0:23 hours
Hyper-V role detected

CPU: total 20 (initial active 20) (10 cores per cpu, 2 threads per core) family 6 model 154 stepping 3 microcode 0x423, cx8, cmov, fxsr, ht, mmx, 3dnowpref, sse, sse2, sse3, ssse3, sse4.1, sse4.2, popcnt, lzcnt, tsc, tscinvbit, avx, avx2, aes, erms, clmul, bmi1, bmi2, adx, sha, fma, vzeroupper, clflush, clflushopt, clwb, hv, serialize, rdtscp, rdpid, fsrm, f16c, cet_ibt, cet_ss
Processor Information for processor 0
  Max Mhz: 2300, Current Mhz: 2300, Mhz Limit: 2300
Processor Information for processor 1
  Max Mhz: 2300, Current Mhz: 2300, Mhz Limit: 2300
Processor Information for processor 2
  Max Mhz: 2300, Current Mhz: 2300, Mhz Limit: 2300
Processor Information for processor 3
  Max Mhz: 2300, Current Mhz: 2300, Mhz Limit: 2300
Processor Information for processor 4
  Max Mhz: 2300, Current Mhz: 2300, Mhz Limit: 2300
Processor Information for processor 5
  Max Mhz: 2300, Current Mhz: 2300, Mhz Limit: 2300
Processor Information for processor 6
  Max Mhz: 2300, Current Mhz: 2300, Mhz Limit: 2300
Processor Information for processor 7
  Max Mhz: 2300, Current Mhz: 2300, Mhz Limit: 2300
Processor Information for processor 8
  Max Mhz: 2300, Current Mhz: 2300, Mhz Limit: 2300
Processor Information for processor 9
  Max Mhz: 2300, Current Mhz: 2300, Mhz Limit: 2300
Processor Information for processor 10
  Max Mhz: 2300, Current Mhz: 2300, Mhz Limit: 2300
Processor Information for processor 11
  Max Mhz: 2300, Current Mhz: 2300, Mhz Limit: 2300
Processor Information for processor 12
  Max Mhz: 2300, Current Mhz: 1488, Mhz Limit: 2300
Processor Information for processor 13
  Max Mhz: 2300, Current Mhz: 2300, Mhz Limit: 2300
Processor Information for processor 14
  Max Mhz: 2300, Current Mhz: 2300, Mhz Limit: 2300
Processor Information for processor 15
  Max Mhz: 2300, Current Mhz: 2300, Mhz Limit: 2300
Processor Information for processor 16
  Max Mhz: 2300, Current Mhz: 2300, Mhz Limit: 2300
Processor Information for processor 17
  Max Mhz: 2300, Current Mhz: 1488, Mhz Limit: 2300
Processor Information for processor 18
  Max Mhz: 2300, Current Mhz: 1488, Mhz Limit: 2300
Processor Information for processor 19
  Max Mhz: 2300, Current Mhz: 1488, Mhz Limit: 2300

Memory: 4k page, system-wide physical 16081M (2349M free)
TotalPageFile size 19921M (AvailPageFile size 4M)
current process WorkingSet (physical memory assigned to process): 158M, peak: 225M
current process commit charge ("private bytes"): 312M, peak: 376M

vm_info: OpenJDK 64-Bit Server VM (21.0.8+9-LTS) for windows-amd64 JRE (21.0.8+9-LTS), built on 2025-07-15T00:00:00Z by "admin" with MS VC++ 17.7 (VS2022)

END.
