#
# There is insufficient memory for the Java Runtime Environment to continue.
# Native memory allocation (malloc) failed to allocate 1024976 bytes. Error detail: Chunk::new
# Possible reasons:
#   The system is out of physical RAM or swap space
#   This process is running with CompressedOops enabled, and the Java Heap may be blocking the growth of the native heap
# Possible solutions:
#   Reduce memory load on the system
#   Increase physical memory or swap space
#   Check if swap backing store is full
#   Decrease Java heap size (-Xmx/-Xms)
#   Decrease number of Java threads
#   Decrease Java thread stack sizes (-Xss)
#   Set larger code cache with -XX:ReservedCodeCacheSize=
#   JVM is running with Unscaled Compressed Oops mode in which the Java heap is
#     placed in the first 4GB address space. The Java Heap base address is the
#     maximum limit for the native heap growth. Please use -XX:HeapBaseMinAddress
#     to set the Java Heap base and to place the Java Heap above 4GB virtual address.
# This output file may be truncated or incomplete.
#
#  Out of Memory Error (arena.cpp:168), pid=9184, tid=12008
#
# JRE version: OpenJDK Runtime Environment Temurin-21.0.8+9 (21.0.8+9) (build 21.0.8+9-LTS)
# Java VM: OpenJDK 64-Bit Server VM Temurin-21.0.8+9 (21.0.8+9-LTS, mixed mode, sharing, tiered, compressed oops, compressed class ptrs, parallel gc, windows-amd64)
# No core dump will be written. Minidumps are not enabled by default on client versions of Windows
#

---------------  S U M M A R Y ------------

Command Line: --add-modules=ALL-SYSTEM --add-opens=java.base/java.util=ALL-UNNAMED --add-opens=java.base/java.lang=ALL-UNNAMED --add-opens=java.base/sun.nio.fs=ALL-UNNAMED -Declipse.application=org.eclipse.jdt.ls.core.id1 -Dosgi.bundles.defaultStartLevel=4 -Declipse.product=org.eclipse.jdt.ls.core.product -Djava.import.generatesMetadataFilesAtProjectRoot=false -DDetectVMInstallationsJob.disabled=true -Dfile.encoding=utf8 -XX:+UseParallelGC -XX:GCTimeRatio=4 -XX:AdaptiveSizePolicyWeight=90 -Dsun.zip.disableMemoryMapping=true -Xmx2G -Xms100m -Xlog:disable -javaagent:c:\Users\l1816\.cursor\extensions\redhat.java-1.46.0-win32-x64\lombok\lombok-1.18.39-4050.jar -XX:+HeapDumpOnOutOfMemoryError -XX:HeapDumpPath=c:\Users\l1816\AppData\Roaming\Cursor\User\workspaceStorage\9a9c6f2e96041c0e531f48a2dc2e720c\redhat.java -Daether.dependencyCollector.impl=bf c:\Users\l1816\.cursor\extensions\redhat.java-1.46.0-win32-x64\server\plugins\org.eclipse.equinox.launcher_1.7.0.v20250519-0528.jar -configuration c:\Users\l1816\AppData\Roaming\Cursor\User\globalStorage\redhat.java\1.46.0\config_win -data c:\Users\l1816\AppData\Roaming\Cursor\User\workspaceStorage\9a9c6f2e96041c0e531f48a2dc2e720c\redhat.java\jdt_ws --pipe=\\.\pipe\lsp-f2de7b0c2bc46740a875dc860998ec04-sock

Host: 12th Gen Intel(R) Core(TM) i7-12700H, 20 cores, 15G,  Windows 11 , 64 bit Build 26100 (10.0.26100.7019)
Time: Wed Dec 24 20:31:21 2025 elapsed time: 2345.199478 seconds (0d 0h 39m 5s)

---------------  T H R E A D  ---------------

Current thread (0x000002387ed3afb0):  JavaThread "C2 CompilerThread0" daemon [_thread_in_native, id=12008, stack(0x0000003c33200000,0x0000003c33300000) (1024K)]


Current CompileTask:
C2:2345199 15191       4       org.eclipse.jdt.internal.compiler.parser.Scanner::internalScanIdentifierOrKeyword (5041 bytes)

Stack: [0x0000003c33200000,0x0000003c33300000]
Native frames: (J=compiled Java code, j=interpreted, Vv=VM code, C=native code)
V  [jvm.dll+0x6d2449]
V  [jvm.dll+0x8ae341]
V  [jvm.dll+0x8b08be]
V  [jvm.dll+0x8b0fa3]
V  [jvm.dll+0x280c96]
V  [jvm.dll+0xc581d]
V  [jvm.dll+0xc5d53]
V  [jvm.dll+0x3b9162]
V  [jvm.dll+0x385315]
V  [jvm.dll+0x38477a]
V  [jvm.dll+0x248ed0]
V  [jvm.dll+0x2484af]
V  [jvm.dll+0x1c89ee]
V  [jvm.dll+0x257d4d]
V  [jvm.dll+0x2562ea]
V  [jvm.dll+0x3f2d16]
V  [jvm.dll+0x857e6b]
V  [jvm.dll+0x6d0b0d]
C  [ucrtbase.dll+0x37b0]
C  [KERNEL32.DLL+0x2e8d7]
C  [ntdll.dll+0x8c53c]


---------------  P R O C E S S  ---------------

Threads class SMR info:
_java_thread_list=0x000002384ecc1d20, length=72, elements={
0x000002386a6dd570, 0x000002387d813c70, 0x000002387d814b80, 0x000002387ed2b710,
0x000002387ed30010, 0x000002387ed31b30, 0x000002387ed336f0, 0x000002387ed3afb0,
0x000002387ed3cb10, 0x000002387ee2f010, 0x000002384a05b460, 0x000002384a5e4130,
0x000002384a5db770, 0x000002384ac2d140, 0x000002384ab3a390, 0x000002387ee7b720,
0x000002387ee7a800, 0x000002384ac9e650, 0x000002384aca0090, 0x000002384aca1440,
0x000002384aca0db0, 0x000002384da5d420, 0x000002384da5c700, 0x000002384da5e7d0,
0x000002384da5dab0, 0x000002384da5e140, 0x000002384da5ee60, 0x000002384da5f4f0,
0x000002384da5cd90, 0x000002384da5c070, 0x000002384cc94090, 0x000002384cc96e80,
0x000002384cc96160, 0x000002384cc94db0, 0x000002384cc95440, 0x000002384cc94720,
0x000002384cc95ad0, 0x000002384cc97510, 0x000002384cc967f0, 0x000002384cc9a990,
0x000002384cc9b020, 0x000002384cc99c70, 0x000002384cc98230, 0x000002384cc988c0,
0x0000023851258d60, 0x000002385125cf00, 0x000002385125f660, 0x000002384d381130,
0x00000238519465e0, 0x00000238519458c0, 0x0000023851943160, 0x0000023851943e80,
0x0000023851944ba0, 0x0000023851946c70, 0x0000023851945230, 0x00000238519437f0,
0x0000023851947990, 0x0000023851948020, 0x000002385194a0f0, 0x00000238519486b0,
0x000002385194a780, 0x00000238519493d0, 0x0000023851949a60, 0x000002384e31e570,
0x000002384e31ec00, 0x000002384e322710, 0x000002384e322da0, 0x000002384e323430,
0x000002384e31f920, 0x000002384e31ffb0, 0x000002384f6ac090, 0x000002384e323ac0
}

Java Threads: ( => current thread )
  0x000002386a6dd570 JavaThread "main"                              [_thread_blocked, id=8860, stack(0x0000003c32800000,0x0000003c32900000) (1024K)]
  0x000002387d813c70 JavaThread "Reference Handler"          daemon [_thread_blocked, id=12920, stack(0x0000003c32c00000,0x0000003c32d00000) (1024K)]
  0x000002387d814b80 JavaThread "Finalizer"                  daemon [_thread_blocked, id=22776, stack(0x0000003c32d00000,0x0000003c32e00000) (1024K)]
  0x000002387ed2b710 JavaThread "Signal Dispatcher"          daemon [_thread_blocked, id=9116, stack(0x0000003c32e00000,0x0000003c32f00000) (1024K)]
  0x000002387ed30010 JavaThread "Attach Listener"            daemon [_thread_blocked, id=11240, stack(0x0000003c32f00000,0x0000003c33000000) (1024K)]
  0x000002387ed31b30 JavaThread "Service Thread"             daemon [_thread_blocked, id=22368, stack(0x0000003c33000000,0x0000003c33100000) (1024K)]
  0x000002387ed336f0 JavaThread "Monitor Deflation Thread"   daemon [_thread_blocked, id=13500, stack(0x0000003c33100000,0x0000003c33200000) (1024K)]
=>0x000002387ed3afb0 JavaThread "C2 CompilerThread0"         daemon [_thread_in_native, id=12008, stack(0x0000003c33200000,0x0000003c33300000) (1024K)]
  0x000002387ed3cb10 JavaThread "C1 CompilerThread0"         daemon [_thread_blocked, id=14844, stack(0x0000003c33300000,0x0000003c33400000) (1024K)]
  0x000002387ee2f010 JavaThread "Common-Cleaner"             daemon [_thread_blocked, id=23744, stack(0x0000003c33400000,0x0000003c33500000) (1024K)]
  0x000002384a05b460 JavaThread "Notification Thread"        daemon [_thread_blocked, id=21148, stack(0x0000003c33a00000,0x0000003c33b00000) (1024K)]
  0x000002384a5e4130 JavaThread "Active Thread: Equinox Container: 8bc3565e-f07f-4098-ad76-27c2988b03f9"        [_thread_blocked, id=7580, stack(0x0000003c34300000,0x0000003c34400000) (1024K)]
  0x000002384a5db770 JavaThread "Refresh Thread: Equinox Container: 8bc3565e-f07f-4098-ad76-27c2988b03f9" daemon [_thread_blocked, id=1072, stack(0x0000003c33500000,0x0000003c33600000) (1024K)]
  0x000002384ac2d140 JavaThread "Framework Event Dispatcher: Equinox Container: 8bc3565e-f07f-4098-ad76-27c2988b03f9" daemon [_thread_blocked, id=784, stack(0x0000003c33600000,0x0000003c33700000) (1024K)]
  0x000002384ab3a390 JavaThread "Start Level: Equinox Container: 8bc3565e-f07f-4098-ad76-27c2988b03f9" daemon [_thread_blocked, id=6020, stack(0x0000003c33700000,0x0000003c33800000) (1024K)]
  0x000002387ee7b720 JavaThread "Bundle File Closer"         daemon [_thread_blocked, id=13728, stack(0x0000003c34500000,0x0000003c34600000) (1024K)]
  0x000002387ee7a800 JavaThread "SCR Component Actor"        daemon [_thread_blocked, id=23424, stack(0x0000003c34a00000,0x0000003c34b00000) (1024K)]
  0x000002384ac9e650 JavaThread "Worker-JM"                         [_thread_blocked, id=24176, stack(0x0000003c34e00000,0x0000003c34f00000) (1024K)]
  0x000002384aca0090 JavaThread "JNA Cleaner"                daemon [_thread_blocked, id=12572, stack(0x0000003c34d00000,0x0000003c34e00000) (1024K)]
  0x000002384aca1440 JavaThread "Java indexing"              daemon [_thread_blocked, id=3252, stack(0x0000003c35300000,0x0000003c35400000) (1024K)]
  0x000002384aca0db0 JavaThread "Thread-1"                   daemon [_thread_in_native, id=6592, stack(0x0000003c35800000,0x0000003c35900000) (1024K)]
  0x000002384da5d420 JavaThread "Thread-2"                   daemon [_thread_in_native, id=22800, stack(0x0000003c35900000,0x0000003c35a00000) (1024K)]
  0x000002384da5c700 JavaThread "Thread-3"                   daemon [_thread_in_native, id=20260, stack(0x0000003c35a00000,0x0000003c35b00000) (1024K)]
  0x000002384da5e7d0 JavaThread "Thread-4"                   daemon [_thread_in_native, id=19696, stack(0x0000003c35b00000,0x0000003c35c00000) (1024K)]
  0x000002384da5dab0 JavaThread "Thread-5"                   daemon [_thread_in_native, id=14172, stack(0x0000003c35c00000,0x0000003c35d00000) (1024K)]
  0x000002384da5e140 JavaThread "Thread-6"                   daemon [_thread_in_native, id=23532, stack(0x0000003c35d00000,0x0000003c35e00000) (1024K)]
  0x000002384da5ee60 JavaThread "Thread-7"                   daemon [_thread_in_native, id=4508, stack(0x0000003c35e00000,0x0000003c35f00000) (1024K)]
  0x000002384da5f4f0 JavaThread "Thread-8"                   daemon [_thread_in_native, id=18752, stack(0x0000003c35f00000,0x0000003c36000000) (1024K)]
  0x000002384da5cd90 JavaThread "Thread-9"                   daemon [_thread_in_native, id=3276, stack(0x0000003c36000000,0x0000003c36100000) (1024K)]
  0x000002384da5c070 JavaThread "Thread-10"                  daemon [_thread_in_native, id=23504, stack(0x0000003c36100000,0x0000003c36200000) (1024K)]
  0x000002384cc94090 JavaThread "Thread-11"                  daemon [_thread_in_native, id=12696, stack(0x0000003c36200000,0x0000003c36300000) (1024K)]
  0x000002384cc96e80 JavaThread "Thread-12"                  daemon [_thread_in_native, id=23000, stack(0x0000003c36300000,0x0000003c36400000) (1024K)]
  0x000002384cc96160 JavaThread "Thread-13"                  daemon [_thread_in_native, id=22664, stack(0x0000003c36400000,0x0000003c36500000) (1024K)]
  0x000002384cc94db0 JavaThread "Thread-14"                  daemon [_thread_in_native, id=17340, stack(0x0000003c36500000,0x0000003c36600000) (1024K)]
  0x000002384cc95440 JavaThread "Thread-15"                  daemon [_thread_in_native, id=5180, stack(0x0000003c36600000,0x0000003c36700000) (1024K)]
  0x000002384cc94720 JavaThread "Thread-16"                  daemon [_thread_in_native, id=13916, stack(0x0000003c36700000,0x0000003c36800000) (1024K)]
  0x000002384cc95ad0 JavaThread "Thread-17"                  daemon [_thread_in_native, id=18216, stack(0x0000003c36800000,0x0000003c36900000) (1024K)]
  0x000002384cc97510 JavaThread "Thread-18"                  daemon [_thread_in_native, id=19728, stack(0x0000003c36900000,0x0000003c36a00000) (1024K)]
  0x000002384cc967f0 JavaThread "Thread-19"                  daemon [_thread_in_native, id=11424, stack(0x0000003c36a00000,0x0000003c36b00000) (1024K)]
  0x000002384cc9a990 JavaThread "Thread-20"                  daemon [_thread_in_native, id=21344, stack(0x0000003c36b00000,0x0000003c36c00000) (1024K)]
  0x000002384cc9b020 JavaThread "Thread-21"                  daemon [_thread_blocked, id=23868, stack(0x0000003c36c00000,0x0000003c36d00000) (1024K)]
  0x000002384cc99c70 JavaThread "pool-2-thread-1"                   [_thread_blocked, id=22916, stack(0x0000003c36d00000,0x0000003c36e00000) (1024K)]
  0x000002384cc98230 JavaThread "WorkspaceEventsHandler"            [_thread_blocked, id=20468, stack(0x0000003c37000000,0x0000003c37100000) (1024K)]
  0x000002384cc988c0 JavaThread "pool-1-thread-1"                   [_thread_blocked, id=8888, stack(0x0000003c37100000,0x0000003c37200000) (1024K)]
  0x0000023851258d60 JavaThread "Worker-4"                          [_thread_blocked, id=18672, stack(0x0000003c32600000,0x0000003c32700000) (1024K)]
  0x000002385125cf00 JavaThread "LocalFile Deleter"          daemon [_thread_blocked, id=17616, stack(0x0000003c35100000,0x0000003c35200000) (1024K)]
  0x000002385125f660 JavaThread "LocalFile Deleter"          daemon [_thread_blocked, id=1860, stack(0x0000003c35200000,0x0000003c35300000) (1024K)]
  0x000002384d381130 JavaThread "LocalFile Deleter"          daemon [_thread_blocked, id=9824, stack(0x0000003c37400000,0x0000003c37500000) (1024K)]
  0x00000238519465e0 JavaThread "Worker-7"                          [_thread_blocked, id=19400, stack(0x0000003c35000000,0x0000003c35100000) (1024K)]
  0x00000238519458c0 JavaThread "ForkJoinPool.commonPool-worker-23" daemon [_thread_blocked, id=5224, stack(0x0000003c32500000,0x0000003c32600000) (1024K)]
  0x0000023851943160 JavaThread "ForkJoinPool.commonPool-worker-24" daemon [_thread_blocked, id=25604, stack(0x0000003c32700000,0x0000003c32800000) (1024K)]
  0x0000023851943e80 JavaThread "ForkJoinPool.commonPool-worker-25" daemon [_thread_blocked, id=24836, stack(0x0000003c34c00000,0x0000003c34d00000) (1024K)]
  0x0000023851944ba0 JavaThread "ForkJoinPool.commonPool-worker-26" daemon [_thread_blocked, id=3284, stack(0x0000003c35400000,0x0000003c35500000) (1024K)]
  0x0000023851946c70 JavaThread "ForkJoinPool.commonPool-worker-27" daemon [_thread_blocked, id=15068, stack(0x0000003c35500000,0x0000003c35600000) (1024K)]
  0x0000023851945230 JavaThread "ForkJoinPool.commonPool-worker-28" daemon [_thread_blocked, id=13548, stack(0x0000003c35600000,0x0000003c35700000) (1024K)]
  0x00000238519437f0 JavaThread "ForkJoinPool.commonPool-worker-29" daemon [_thread_blocked, id=3804, stack(0x0000003c35700000,0x0000003c35800000) (1024K)]
  0x0000023851947990 JavaThread "ForkJoinPool.commonPool-worker-30" daemon [_thread_blocked, id=23112, stack(0x0000003c36e00000,0x0000003c36f00000) (1024K)]
  0x0000023851948020 JavaThread "ForkJoinPool.commonPool-worker-31" daemon [_thread_blocked, id=12076, stack(0x0000003c36f00000,0x0000003c37000000) (1024K)]
  0x000002385194a0f0 JavaThread "ForkJoinPool.commonPool-worker-32" daemon [_thread_blocked, id=11536, stack(0x0000003c37200000,0x0000003c37300000) (1024K)]
  0x00000238519486b0 JavaThread "ForkJoinPool.commonPool-worker-33" daemon [_thread_blocked, id=25848, stack(0x0000003c37300000,0x0000003c37400000) (1024K)]
  0x000002385194a780 JavaThread "ForkJoinPool.commonPool-worker-35" daemon [_thread_blocked, id=14700, stack(0x0000003c37600000,0x0000003c37700000) (1024K)]
  0x00000238519493d0 JavaThread "ForkJoinPool.commonPool-worker-34" daemon [_thread_blocked, id=26004, stack(0x0000003c37700000,0x0000003c37800000) (1024K)]
  0x0000023851949a60 JavaThread "ForkJoinPool.commonPool-worker-37" daemon [_thread_blocked, id=5604, stack(0x0000003c37800000,0x0000003c37900000) (1024K)]
  0x000002384e31e570 JavaThread "ForkJoinPool.commonPool-worker-38" daemon [_thread_blocked, id=20556, stack(0x0000003c37a00000,0x0000003c37b00000) (1024K)]
  0x000002384e31ec00 JavaThread "ForkJoinPool.commonPool-worker-39" daemon [_thread_blocked, id=22428, stack(0x0000003c37b00000,0x0000003c37c00000) (1024K)]
  0x000002384e322710 JavaThread "ForkJoinPool.commonPool-worker-40" daemon [_thread_blocked, id=8712, stack(0x0000003c37c00000,0x0000003c37d00000) (1024K)]
  0x000002384e322da0 JavaThread "ForkJoinPool.commonPool-worker-41" daemon [_thread_blocked, id=24588, stack(0x0000003c37d00000,0x0000003c37e00000) (1024K)]
  0x000002384e323430 JavaThread "Compiler Source File Reader" daemon [_thread_blocked, id=24228, stack(0x0000003c37f00000,0x0000003c38000000) (1024K)]
  0x000002384e31f920 JavaThread "Worker-9"                          [_thread_blocked, id=24792, stack(0x0000003c34200000,0x0000003c34300000) (1024K)]
  0x000002384e31ffb0 JavaThread "Compiler Source File Reader" daemon [_thread_blocked, id=2100, stack(0x0000003c34600000,0x0000003c34700000) (1024K)]
  0x000002384f6ac090 JavaThread "C1 CompilerThread1"         daemon [_thread_blocked, id=26356, stack(0x0000003c37500000,0x0000003c37600000) (1024K)]
  0x000002384e323ac0 JavaThread "Compiler Processing Task"   daemon [_thread_blocked, id=24696, stack(0x0000003c37900000,0x0000003c37a00000) (1024K)]
Total: 72

Other Threads:
  0x000002387d804750 VMThread "VM Thread"                           [id=14060, stack(0x0000003c32b00000,0x0000003c32c00000) (1024K)]
  0x000002387d6fba00 WatcherThread "VM Periodic Task Thread"        [id=23636, stack(0x0000003c32a00000,0x0000003c32b00000) (1024K)]
  0x000002386a6fdb60 WorkerThread "GC Thread#0"                     [id=21472, stack(0x0000003c32900000,0x0000003c32a00000) (1024K)]
  0x000002384a165630 WorkerThread "GC Thread#1"                     [id=15168, stack(0x0000003c33b00000,0x0000003c33c00000) (1024K)]
  0x000002384a91afe0 WorkerThread "GC Thread#2"                     [id=13444, stack(0x0000003c33c00000,0x0000003c33d00000) (1024K)]
  0x000002384a91b380 WorkerThread "GC Thread#3"                     [id=24464, stack(0x0000003c33d00000,0x0000003c33e00000) (1024K)]
  0x000002384a91b720 WorkerThread "GC Thread#4"                     [id=23840, stack(0x0000003c33e00000,0x0000003c33f00000) (1024K)]
  0x000002384a91bac0 WorkerThread "GC Thread#5"                     [id=11952, stack(0x0000003c33f00000,0x0000003c34000000) (1024K)]
  0x000002384a91ca80 WorkerThread "GC Thread#6"                     [id=16728, stack(0x0000003c34000000,0x0000003c34100000) (1024K)]
  0x000002384a7992b0 WorkerThread "GC Thread#7"                     [id=18796, stack(0x0000003c34400000,0x0000003c34500000) (1024K)]
  0x000002384a799650 WorkerThread "GC Thread#8"                     [id=2116, stack(0x0000003c33800000,0x0000003c33900000) (1024K)]
  0x000002384a7999f0 WorkerThread "GC Thread#9"                     [id=4312, stack(0x0000003c33900000,0x0000003c33a00000) (1024K)]
  0x000002384a799d90 WorkerThread "GC Thread#10"                    [id=17488, stack(0x0000003c34100000,0x0000003c34200000) (1024K)]
  0x000002384a79a4d0 WorkerThread "GC Thread#11"                    [id=23276, stack(0x0000003c34700000,0x0000003c34800000) (1024K)]
  0x000002384a79a870 WorkerThread "GC Thread#12"                    [id=15496, stack(0x0000003c34800000,0x0000003c34900000) (1024K)]
  0x000002387edca360 WorkerThread "GC Thread#13"                    [id=17300, stack(0x0000003c34900000,0x0000003c34a00000) (1024K)]
  0x000002387edc9140 WorkerThread "GC Thread#14"                    [id=22584, stack(0x0000003c34f00000,0x0000003c35000000) (1024K)]
Total: 17

Threads with active compile tasks:
C2 CompilerThread0  2345259 15191       4       org.eclipse.jdt.internal.compiler.parser.Scanner::internalScanIdentifierOrKeyword (5041 bytes)
C1 CompilerThread0  2345259 15225       3       org.eclipse.jdt.internal.compiler.ast.MethodDeclaration::traverse (269 bytes)
C1 CompilerThread1  2345259 15226       3       org.eclipse.jdt.internal.compiler.ASTVisitor::endVisit (1 bytes)
Total: 3

VM state: at safepoint (normal execution)

VM Mutex/Monitor currently owned by a thread:  ([mutex/lock_event])
[0x00007ffa1dbd5458] Threads_lock - owner thread: 0x000002387d804750
[0x00007ffa1dbd5558] Heap_lock - owner thread: 0x000002384e322710
[0x00007ffa1dbd59d8] PSOldGenExpand_lock - owner thread: 0x000002384a799d90

Heap address: 0x0000000080000000, size: 2048 MB, Compressed Oops mode: 32-bit

CDS archive(s) mapped at: [0x0000023804000000-0x0000023804ba0000-0x0000023804ba0000), size 12189696, SharedBaseAddress: 0x0000023804000000, ArchiveRelocationMode: 1.
Compressed class space mapped at: 0x0000023805000000-0x0000023845000000, reserved size: 1073741824
Narrow klass base: 0x0000023804000000, Narrow klass shift: 0, Narrow klass range: 0x100000000

GC Precious Log:
 CardTable entry size: 512
 CPUs: 20 total, 20 available
 Memory: 16081M
 Large Page Support: Disabled
 NUMA Support: Disabled
 Compressed Oops: Enabled (32-bit)
 Alignments: Space 512K, Generation 512K, Heap 2M
 Heap Min Capacity: 100M
 Heap Initial Capacity: 100M
 Heap Max Capacity: 2G
 Pre-touch: Disabled
 Parallel Workers: 15

Heap:
 PSYoungGen      total 10240K, used 10144K [0x00000000d5580000, 0x00000000d6700000, 0x0000000100000000)
  eden space 9728K, 100% used [0x00000000d5580000,0x00000000d5f00000,0x00000000d5f00000)
  from space 512K, 81% used [0x00000000d6680000,0x00000000d66e8000,0x00000000d6700000)
  to   space 1024K, 98% used [0x00000000d6500000,0x00000000d65fd220,0x00000000d6600000)
 ParOldGen       total 263680K, used 263677K [0x0000000080000000, 0x0000000090180000, 0x00000000d5580000)
  object space 263680K, 99% used [0x0000000080000000,0x000000009017f618,0x0000000090180000)
 Metaspace       used 72058K, committed 73728K, reserved 1179648K
  class space    used 7411K, committed 8128K, reserved 1048576K

Card table byte_map: [0x000002387cb60000,0x000002387cf70000] _byte_map_base: 0x000002387c760000

Marking Bits: (ParMarkBitMap*) 0x00007ffa1dbda340
 Begin Bits: [0x0000023800000000, 0x0000023802000000)
 End Bits:   [0x0000023802000000, 0x0000023804000000)

Polling page: 0x0000023868e80000

Metaspace:

Usage:
  Non-class:     63.13 MB used.
      Class:      7.24 MB used.
       Both:     70.37 MB used.

Virtual space:
  Non-class space:      128.00 MB reserved,      64.06 MB ( 50%) committed,  2 nodes.
      Class space:        1.00 GB reserved,       7.94 MB ( <1%) committed,  1 nodes.
             Both:        1.12 GB reserved,      72.00 MB (  6%) committed. 

Chunk freelists:
   Non-Class:  15.86 MB
       Class:  8.05 MB
        Both:  23.91 MB

MaxMetaspaceSize: unlimited
CompressedClassSpaceSize: 1.00 GB
Initial GC threshold: 21.00 MB
Current GC threshold: 97.31 MB
CDS: on
 - commit_granule_bytes: 65536.
 - commit_granule_words: 8192.
 - virtual_space_node_default_size: 8388608.
 - enlarge_chunks_in_place: 1.
 - use_allocation_guard: 0.


Internal statistics:

num_allocs_failed_limit: 11.
num_arena_births: 1404.
num_arena_deaths: 22.
num_vsnodes_births: 3.
num_vsnodes_deaths: 0.
num_space_committed: 1151.
num_space_uncommitted: 0.
num_chunks_returned_to_freelist: 37.
num_chunks_taken_from_freelist: 4833.
num_chunk_merges: 18.
num_chunk_splits: 2975.
num_chunks_enlarged: 1716.
num_inconsistent_stats: 0.

CodeHeap 'non-profiled nmethods': size=119168Kb used=13204Kb max_used=13204Kb free=105963Kb
 bounds [0x0000023875520000, 0x0000023876210000, 0x000002387c980000]
CodeHeap 'profiled nmethods': size=119104Kb used=36249Kb max_used=36249Kb free=82855Kb
 bounds [0x000002386d980000, 0x000002386fcf0000, 0x0000023874dd0000]
CodeHeap 'non-nmethods': size=7488Kb used=2030Kb max_used=3224Kb free=5457Kb
 bounds [0x0000023874dd0000, 0x0000023875110000, 0x0000023875520000]
CodeCache: size=245760Kb, used=51483Kb, max_used=52677Kb, free=194275Kb
 total_blobs=15145, nmethods=14366, adapters=681, full_count=0
Compilation: enabled, stopped_count=0, restarted_count=0

Compilation events (20 events):
Event: 2343.167 Thread 0x000002384f6ac090 15218       3       org.eclipse.jdt.internal.compiler.parser.Parser::consumeExitVariableWithoutInitialization (58 bytes)
Event: 2343.167 Thread 0x000002384f6ac090 nmethod 15218 0x000002386fcd0b90 code [0x000002386fcd0d60, 0x000002386fcd1290]
Event: 2343.167 Thread 0x000002384f6ac090 15216       3       java.lang.String::regionMatches (183 bytes)
Event: 2343.168 Thread 0x000002384f6ac090 nmethod 15216 0x000002386fcd1410 code [0x000002386fcd1660, 0x000002386fcd20d8]
Event: 2343.168 Thread 0x000002384f6ac090 15219   !   3       java.lang.reflect.Proxy::newProxyInstance (75 bytes)
Event: 2343.168 Thread 0x000002384f6ac090 nmethod 15219 0x000002386fcd2410 code [0x000002386fcd2680, 0x000002386fcd3180]
Event: 2343.168 Thread 0x000002384f6ac090 15221       3       lombok.eclipse.handlers.EclipseHandlerUtil::copyType (631 bytes)
Event: 2343.169 Thread 0x000002387ed3cb10 nmethod 15211 0x000002386fcd3610 code [0x000002386fcd3f60, 0x000002386fcda838]
Event: 2343.170 Thread 0x000002387ed3cb10 15222       3       java.util.ImmutableCollections$MapN::get (35 bytes)
Event: 2343.170 Thread 0x000002387ed3cb10 nmethod 15222 0x000002386fcdef90 code [0x000002386fcdf180, 0x000002386fcdf520]
Event: 2343.171 Thread 0x000002387ed3cb10 15223       3       lombok.eclipse.EclipseAST::buildFields (40 bytes)
Event: 2343.171 Thread 0x000002384f6ac090 nmethod 15221 0x000002386fcdf690 code [0x000002386fcdfc40, 0x000002386fce3768]
Event: 2343.171 Thread 0x000002384f6ac090 15224       3       lombok.eclipse.handlers.EclipseHandlerUtil::getCheckerFrameworkVersion (26 bytes)
Event: 2343.172 Thread 0x000002387ed3cb10 nmethod 15223 0x000002386fce4890 code [0x000002386fce4ac0, 0x000002386fce5398]
Event: 2343.172 Thread 0x000002387ed3cb10 15217       3       org.eclipse.jdt.internal.core.CompilationUnit::getPerWorkingCopyInfo (11 bytes)
Event: 2343.172 Thread 0x000002384f6ac090 nmethod 15224 0x000002386fce5710 code [0x000002386fce58e0, 0x000002386fce5b98]
Event: 2343.172 Thread 0x000002387ed3cb10 nmethod 15217 0x000002386fce5c90 code [0x000002386fce5e40, 0x000002386fce6020]
Event: 2343.174 Thread 0x000002387ed3cb10 15225       3       org.eclipse.jdt.internal.compiler.ast.MethodDeclaration::traverse (269 bytes)
Event: 2343.174 Thread 0x000002384f6ac090 15226       3       org.eclipse.jdt.internal.compiler.ASTVisitor::endVisit (1 bytes)
Event: 2343.174 Thread 0x000002384f6ac090 nmethod 15226 0x000002386fce6110 code [0x000002386fce62a0, 0x000002386fce63a8]

GC Heap History (20 events):
Event: 2266.915 GC heap after
{Heap after GC invocations=124 (full 3):
 PSYoungGen      total 13824K, used 4078K [0x00000000d5580000, 0x00000000d7700000, 0x0000000100000000)
  eden space 9728K, 0% used [0x00000000d5580000,0x00000000d5580000,0x00000000d5f00000)
  from space 4096K, 99% used [0x00000000d6200000,0x00000000d65fb900,0x00000000d6600000)
  to   space 12288K, 0% used [0x00000000d6b00000,0x00000000d6b00000,0x00000000d7700000)
 ParOldGen       total 201216K, used 201213K [0x0000000080000000, 0x000000008c480000, 0x00000000d5580000)
  object space 201216K, 99% used [0x0000000080000000,0x000000008c47f720,0x000000008c480000)
 Metaspace       used 71573K, committed 73152K, reserved 1114112K
  class space    used 7371K, committed 8064K, reserved 1048576K
}
Event: 2266.996 GC heap before
{Heap before GC invocations=125 (full 3):
 PSYoungGen      total 13824K, used 13806K [0x00000000d5580000, 0x00000000d7700000, 0x0000000100000000)
  eden space 9728K, 100% used [0x00000000d5580000,0x00000000d5f00000,0x00000000d5f00000)
  from space 4096K, 99% used [0x00000000d6200000,0x00000000d65fb900,0x00000000d6600000)
  to   space 12288K, 0% used [0x00000000d6b00000,0x00000000d6b00000,0x00000000d7700000)
 ParOldGen       total 201216K, used 201213K [0x0000000080000000, 0x000000008c480000, 0x00000000d5580000)
  object space 201216K, 99% used [0x0000000080000000,0x000000008c47f720,0x000000008c480000)
 Metaspace       used 71577K, committed 73152K, reserved 1114112K
  class space    used 7372K, committed 8064K, reserved 1048576K
}
Event: 2267.002 GC heap after
{Heap after GC invocations=125 (full 3):
 PSYoungGen      total 17920K, used 7913K [0x00000000d5580000, 0x00000000d7300000, 0x0000000100000000)
  eden space 9728K, 0% used [0x00000000d5580000,0x00000000d5580000,0x00000000d5f00000)
  from space 8192K, 96% used [0x00000000d6b00000,0x00000000d72ba7f0,0x00000000d7300000)
  to   space 9216K, 0% used [0x00000000d6100000,0x00000000d6100000,0x00000000d6a00000)
 ParOldGen       total 205312K, used 205253K [0x0000000080000000, 0x000000008c880000, 0x00000000d5580000)
  object space 205312K, 99% used [0x0000000080000000,0x000000008c871720,0x000000008c880000)
 Metaspace       used 71577K, committed 73152K, reserved 1114112K
  class space    used 7372K, committed 8064K, reserved 1048576K
}
Event: 2267.086 GC heap before
{Heap before GC invocations=126 (full 3):
 PSYoungGen      total 17920K, used 17641K [0x00000000d5580000, 0x00000000d7300000, 0x0000000100000000)
  eden space 9728K, 99% used [0x00000000d5580000,0x00000000d5effff0,0x00000000d5f00000)
  from space 8192K, 96% used [0x00000000d6b00000,0x00000000d72ba7f0,0x00000000d7300000)
  to   space 9216K, 0% used [0x00000000d6100000,0x00000000d6100000,0x00000000d6a00000)
 ParOldGen       total 205312K, used 205253K [0x0000000080000000, 0x000000008c880000, 0x00000000d5580000)
  object space 205312K, 99% used [0x0000000080000000,0x000000008c871720,0x000000008c880000)
 Metaspace       used 71587K, committed 73152K, reserved 1114112K
  class space    used 7372K, committed 8064K, reserved 1048576K
}
Event: 2267.091 GC heap after
{Heap after GC invocations=126 (full 3):
 PSYoungGen      total 17408K, used 7595K [0x00000000d5580000, 0x00000000d6f00000, 0x0000000100000000)
  eden space 9728K, 0% used [0x00000000d5580000,0x00000000d5580000,0x00000000d5f00000)
  from space 7680K, 98% used [0x00000000d6100000,0x00000000d686ae28,0x00000000d6880000)
  to   space 6656K, 0% used [0x00000000d6880000,0x00000000d6880000,0x00000000d6f00000)
 ParOldGen       total 213504K, used 213007K [0x0000000080000000, 0x000000008d080000, 0x00000000d5580000)
  object space 213504K, 99% used [0x0000000080000000,0x000000008d003f10,0x000000008d080000)
 Metaspace       used 71587K, committed 73152K, reserved 1114112K
  class space    used 7372K, committed 8064K, reserved 1048576K
}
Event: 2338.581 GC heap before
{Heap before GC invocations=127 (full 3):
 PSYoungGen      total 17408K, used 17323K [0x00000000d5580000, 0x00000000d6f00000, 0x0000000100000000)
  eden space 9728K, 100% used [0x00000000d5580000,0x00000000d5f00000,0x00000000d5f00000)
  from space 7680K, 98% used [0x00000000d6100000,0x00000000d686ae28,0x00000000d6880000)
  to   space 6656K, 0% used [0x00000000d6880000,0x00000000d6880000,0x00000000d6f00000)
 ParOldGen       total 245248K, used 243727K [0x0000000080000000, 0x000000008ef80000, 0x00000000d5580000)
  object space 245248K, 99% used [0x0000000080000000,0x000000008ee03f40,0x000000008ef80000)
 Metaspace       used 71685K, committed 73280K, reserved 1114112K
  class space    used 7373K, committed 8064K, reserved 1048576K
}
Event: 2338.584 GC heap after
{Heap after GC invocations=127 (full 3):
 PSYoungGen      total 10240K, used 288K [0x00000000d5580000, 0x00000000d6900000, 0x0000000100000000)
  eden space 9728K, 0% used [0x00000000d5580000,0x00000000d5580000,0x00000000d5f00000)
  from space 512K, 56% used [0x00000000d6880000,0x00000000d68c8000,0x00000000d6900000)
  to   space 3072K, 0% used [0x00000000d6300000,0x00000000d6300000,0x00000000d6600000)
 ParOldGen       total 247808K, used 247607K [0x0000000080000000, 0x000000008f200000, 0x00000000d5580000)
  object space 247808K, 99% used [0x0000000080000000,0x000000008f1cdf40,0x000000008f200000)
 Metaspace       used 71685K, committed 73280K, reserved 1114112K
  class space    used 7373K, committed 8064K, reserved 1048576K
}
Event: 2338.661 GC heap before
{Heap before GC invocations=128 (full 3):
 PSYoungGen      total 10240K, used 10016K [0x00000000d5580000, 0x00000000d6900000, 0x0000000100000000)
  eden space 9728K, 100% used [0x00000000d5580000,0x00000000d5f00000,0x00000000d5f00000)
  from space 512K, 56% used [0x00000000d6880000,0x00000000d68c8000,0x00000000d6900000)
  to   space 3072K, 0% used [0x00000000d6300000,0x00000000d6300000,0x00000000d6600000)
 ParOldGen       total 247808K, used 247607K [0x0000000080000000, 0x000000008f200000, 0x00000000d5580000)
  object space 247808K, 99% used [0x0000000080000000,0x000000008f1cdf40,0x000000008f200000)
 Metaspace       used 71686K, committed 73280K, reserved 1114112K
  class space    used 7373K, committed 8064K, reserved 1048576K
}
Event: 2338.665 GC heap after
{Heap after GC invocations=128 (full 3):
 PSYoungGen      total 12800K, used 3040K [0x00000000d5580000, 0x00000000d7500000, 0x0000000100000000)
  eden space 9728K, 0% used [0x00000000d5580000,0x00000000d5580000,0x00000000d5f00000)
  from space 3072K, 98% used [0x00000000d6300000,0x00000000d65f8130,0x00000000d6600000)
  to   space 11264K, 0% used [0x00000000d6a00000,0x00000000d6a00000,0x00000000d7500000)
 ParOldGen       total 253952K, used 253903K [0x0000000080000000, 0x000000008f800000, 0x00000000d5580000)
  object space 253952K, 99% used [0x0000000080000000,0x000000008f7f3f40,0x000000008f800000)
 Metaspace       used 71686K, committed 73280K, reserved 1114112K
  class space    used 7373K, committed 8064K, reserved 1048576K
}
Event: 2338.729 GC heap before
{Heap before GC invocations=129 (full 3):
 PSYoungGen      total 12800K, used 12768K [0x00000000d5580000, 0x00000000d7500000, 0x0000000100000000)
  eden space 9728K, 100% used [0x00000000d5580000,0x00000000d5f00000,0x00000000d5f00000)
  from space 3072K, 98% used [0x00000000d6300000,0x00000000d65f8130,0x00000000d6600000)
  to   space 11264K, 0% used [0x00000000d6a00000,0x00000000d6a00000,0x00000000d7500000)
 ParOldGen       total 253952K, used 253903K [0x0000000080000000, 0x000000008f800000, 0x00000000d5580000)
  object space 253952K, 99% used [0x0000000080000000,0x000000008f7f3f40,0x000000008f800000)
 Metaspace       used 71686K, committed 73280K, reserved 1114112K
  class space    used 7373K, committed 8064K, reserved 1048576K
}
Event: 2338.730 GC heap after
{Heap after GC invocations=129 (full 3):
 PSYoungGen      total 12288K, used 2373K [0x00000000d5580000, 0x00000000d6c80000, 0x0000000100000000)
  eden space 9728K, 0% used [0x00000000d5580000,0x00000000d5580000,0x00000000d5f00000)
  from space 2560K, 92% used [0x00000000d6a00000,0x00000000d6c517f0,0x00000000d6c80000)
  to   space 5120K, 0% used [0x00000000d6280000,0x00000000d6280000,0x00000000d6780000)
 ParOldGen       total 254464K, used 254023K [0x0000000080000000, 0x000000008f880000, 0x00000000d5580000)
  object space 254464K, 99% used [0x0000000080000000,0x000000008f811f50,0x000000008f880000)
 Metaspace       used 71686K, committed 73280K, reserved 1114112K
  class space    used 7373K, committed 8064K, reserved 1048576K
}
Event: 2338.818 GC heap before
{Heap before GC invocations=130 (full 3):
 PSYoungGen      total 12288K, used 12073K [0x00000000d5580000, 0x00000000d6c80000, 0x0000000100000000)
  eden space 9728K, 99% used [0x00000000d5580000,0x00000000d5ef8c20,0x00000000d5f00000)
  from space 2560K, 92% used [0x00000000d6a00000,0x00000000d6c517f0,0x00000000d6c80000)
  to   space 5120K, 0% used [0x00000000d6280000,0x00000000d6280000,0x00000000d6780000)
 ParOldGen       total 254464K, used 254023K [0x0000000080000000, 0x000000008f880000, 0x00000000d5580000)
  object space 254464K, 99% used [0x0000000080000000,0x000000008f811f50,0x000000008f880000)
 Metaspace       used 71700K, committed 73344K, reserved 1114112K
  class space    used 7374K, committed 8064K, reserved 1048576K
}
Event: 2338.821 GC heap after
{Heap after GC invocations=130 (full 3):
 PSYoungGen      total 14848K, used 5115K [0x00000000d5580000, 0x00000000d7300000, 0x0000000100000000)
  eden space 9728K, 0% used [0x00000000d5580000,0x00000000d5580000,0x00000000d5f00000)
  from space 5120K, 99% used [0x00000000d6280000,0x00000000d677efe0,0x00000000d6780000)
  to   space 10240K, 0% used [0x00000000d6900000,0x00000000d6900000,0x00000000d7300000)
 ParOldGen       total 258048K, used 257757K [0x0000000080000000, 0x000000008fc00000, 0x00000000d5580000)
  object space 258048K, 99% used [0x0000000080000000,0x000000008fbb7740,0x000000008fc00000)
 Metaspace       used 71700K, committed 73344K, reserved 1114112K
  class space    used 7374K, committed 8064K, reserved 1048576K
}
Event: 2338.886 GC heap before
{Heap before GC invocations=131 (full 3):
 PSYoungGen      total 14848K, used 14625K [0x00000000d5580000, 0x00000000d7300000, 0x0000000100000000)
  eden space 9728K, 97% used [0x00000000d5580000,0x00000000d5ec9500,0x00000000d5f00000)
  from space 5120K, 99% used [0x00000000d6280000,0x00000000d677efe0,0x00000000d6780000)
  to   space 10240K, 0% used [0x00000000d6900000,0x00000000d6900000,0x00000000d7300000)
 ParOldGen       total 258048K, used 257757K [0x0000000080000000, 0x000000008fc00000, 0x00000000d5580000)
  object space 258048K, 99% used [0x0000000080000000,0x000000008fbb7740,0x000000008fc00000)
 Metaspace       used 71719K, committed 73344K, reserved 1114112K
  class space    used 7375K, committed 8064K, reserved 1048576K
}
Event: 2338.889 GC heap after
{Heap after GC invocations=131 (full 3):
 PSYoungGen      total 15360K, used 5220K [0x00000000d5580000, 0x00000000d6e80000, 0x0000000100000000)
  eden space 9728K, 0% used [0x00000000d5580000,0x00000000d5580000,0x00000000d5f00000)
  from space 5632K, 92% used [0x00000000d6900000,0x00000000d6e19370,0x00000000d6e80000)
  to   space 6656K, 0% used [0x00000000d6180000,0x00000000d6180000,0x00000000d6800000)
 ParOldGen       total 263168K, used 262966K [0x0000000080000000, 0x0000000090100000, 0x00000000d5580000)
  object space 263168K, 99% used [0x0000000080000000,0x00000000900cd9d0,0x0000000090100000)
 Metaspace       used 71719K, committed 73344K, reserved 1114112K
  class space    used 7375K, committed 8064K, reserved 1048576K
}
Event: 2338.967 GC heap before
{Heap before GC invocations=132 (full 3):
 PSYoungGen      total 15360K, used 13267K [0x00000000d5580000, 0x00000000d6e80000, 0x0000000100000000)
  eden space 9728K, 82% used [0x00000000d5580000,0x00000000d5d5b948,0x00000000d5f00000)
  from space 5632K, 92% used [0x00000000d6900000,0x00000000d6e19370,0x00000000d6e80000)
  to   space 6656K, 0% used [0x00000000d6180000,0x00000000d6180000,0x00000000d6800000)
 ParOldGen       total 263168K, used 262966K [0x0000000080000000, 0x0000000090100000, 0x00000000d5580000)
  object space 263168K, 99% used [0x0000000080000000,0x00000000900cd9d0,0x0000000090100000)
 Metaspace       used 71922K, committed 73536K, reserved 1179648K
  class space    used 7398K, committed 8064K, reserved 1048576K
}
Event: 2338.968 GC heap after
{Heap after GC invocations=132 (full 3):
 PSYoungGen      total 10752K, used 772K [0x00000000d5580000, 0x00000000d6980000, 0x0000000100000000)
  eden space 9728K, 0% used [0x00000000d5580000,0x00000000d5580000,0x00000000d5f00000)
  from space 1024K, 75% used [0x00000000d6180000,0x00000000d6241230,0x00000000d6280000)
  to   space 3072K, 0% used [0x00000000d6680000,0x00000000d6680000,0x00000000d6980000)
 ParOldGen       total 263168K, used 263070K [0x0000000080000000, 0x0000000090100000, 0x00000000d5580000)
  object space 263168K, 99% used [0x0000000080000000,0x00000000900e79d0,0x0000000090100000)
 Metaspace       used 71922K, committed 73536K, reserved 1179648K
  class space    used 7398K, committed 8064K, reserved 1048576K
}
Event: 2343.132 GC heap before
{Heap before GC invocations=133 (full 3):
 PSYoungGen      total 10752K, used 10500K [0x00000000d5580000, 0x00000000d6980000, 0x0000000100000000)
  eden space 9728K, 99% used [0x00000000d5580000,0x00000000d5effeb8,0x00000000d5f00000)
  from space 1024K, 75% used [0x00000000d6180000,0x00000000d6241230,0x00000000d6280000)
  to   space 3072K, 0% used [0x00000000d6680000,0x00000000d6680000,0x00000000d6980000)
 ParOldGen       total 263168K, used 263070K [0x0000000080000000, 0x0000000090100000, 0x00000000d5580000)
  object space 263168K, 99% used [0x0000000080000000,0x00000000900e79d0,0x0000000090100000)
 Metaspace       used 71952K, committed 73536K, reserved 1179648K
  class space    used 7401K, committed 8064K, reserved 1048576K
}
Event: 2343.134 GC heap after
{Heap after GC invocations=133 (full 3):
 PSYoungGen      total 10240K, used 416K [0x00000000d5580000, 0x00000000d6700000, 0x0000000100000000)
  eden space 9728K, 0% used [0x00000000d5580000,0x00000000d5580000,0x00000000d5f00000)
  from space 512K, 81% used [0x00000000d6680000,0x00000000d66e8000,0x00000000d6700000)
  to   space 1024K, 0% used [0x00000000d6500000,0x00000000d6500000,0x00000000d6600000)
 ParOldGen       total 263680K, used 263417K [0x0000000080000000, 0x0000000090180000, 0x00000000d5580000)
  object space 263680K, 99% used [0x0000000080000000,0x000000009013e5f8,0x0000000090180000)
 Metaspace       used 71952K, committed 73536K, reserved 1179648K
  class space    used 7401K, committed 8064K, reserved 1048576K
}
Event: 2343.174 GC heap before
{Heap before GC invocations=134 (full 3):
 PSYoungGen      total 10240K, used 10144K [0x00000000d5580000, 0x00000000d6700000, 0x0000000100000000)
  eden space 9728K, 100% used [0x00000000d5580000,0x00000000d5f00000,0x00000000d5f00000)
  from space 512K, 81% used [0x00000000d6680000,0x00000000d66e8000,0x00000000d6700000)
  to   space 1024K, 0% used [0x00000000d6500000,0x00000000d6500000,0x00000000d6600000)
 ParOldGen       total 263680K, used 263417K [0x0000000080000000, 0x0000000090180000, 0x00000000d5580000)
  object space 263680K, 99% used [0x0000000080000000,0x000000009013e5f8,0x0000000090180000)
 Metaspace       used 72058K, committed 73728K, reserved 1179648K
  class space    used 7411K, committed 8128K, reserved 1048576K
}

Dll operation events (10 events):
Event: 0.010 Loaded shared library c:\Users\l1816\.cursor\extensions\redhat.java-1.46.0-win32-x64\jre\21.0.8-win32-x86_64\bin\java.dll
Event: 0.028 Loaded shared library c:\Users\l1816\.cursor\extensions\redhat.java-1.46.0-win32-x64\jre\21.0.8-win32-x86_64\bin\zip.dll
Event: 0.067 Loaded shared library C:\Users\l1816\.cursor\extensions\redhat.java-1.46.0-win32-x64\jre\21.0.8-win32-x86_64\bin\instrument.dll
Event: 0.071 Loaded shared library C:\Users\l1816\.cursor\extensions\redhat.java-1.46.0-win32-x64\jre\21.0.8-win32-x86_64\bin\net.dll
Event: 0.073 Loaded shared library C:\Users\l1816\.cursor\extensions\redhat.java-1.46.0-win32-x64\jre\21.0.8-win32-x86_64\bin\nio.dll
Event: 0.076 Loaded shared library C:\Users\l1816\.cursor\extensions\redhat.java-1.46.0-win32-x64\jre\21.0.8-win32-x86_64\bin\zip.dll
Event: 0.090 Loaded shared library C:\Users\l1816\.cursor\extensions\redhat.java-1.46.0-win32-x64\jre\21.0.8-win32-x86_64\bin\jimage.dll
Event: 0.151 Loaded shared library c:\Users\l1816\.cursor\extensions\redhat.java-1.46.0-win32-x64\jre\21.0.8-win32-x86_64\bin\verify.dll
Event: 12.161 Loaded shared library C:\Users\l1816\AppData\Roaming\Cursor\User\globalStorage\redhat.java\1.46.0\config_win\org.eclipse.equinox.launcher\org.eclipse.equinox.launcher.win32.win32.x86_64_1.2.1400.v20250801-0854\eclipse_11916.dll
Event: 32.443 Loaded shared library C:\Users\l1816\AppData\Local\Temp\jna-101255416\jna1880109971855505468.dll

Deoptimization events (20 events):
Event: 2338.774 Thread 0x000002384aca1440 DEOPT PACKING pc=0x00000238761a99e0 sp=0x0000003c353fed00
Event: 2338.775 Thread 0x000002384aca1440 DEOPT UNPACKING pc=0x0000023874e23aa2 sp=0x0000003c353feca0 mode 2
Event: 2338.803 Thread 0x000002384aca1440 Uncommon trap: trap_request=0xffffff45 fr.pc=0x000002387617c210 relative=0x00000000000030f0
Event: 2338.803 Thread 0x000002384aca1440 Uncommon trap: reason=unstable_if action=reinterpret pc=0x000002387617c210 method=org.eclipse.jdt.internal.compiler.util.SimpleLookupTable.containsKey(Ljava/lang/Object;)Z @ 35 c2
Event: 2338.803 Thread 0x000002384aca1440 DEOPT PACKING pc=0x000002387617c210 sp=0x0000003c353feee0
Event: 2338.803 Thread 0x000002384aca1440 DEOPT UNPACKING pc=0x0000023874e23aa2 sp=0x0000003c353fed80 mode 2
Event: 2343.135 Thread 0x000002384e322710 Uncommon trap: trap_request=0xffffff45 fr.pc=0x00000238761dcab0 relative=0x00000000000013f0
Event: 2343.135 Thread 0x000002384e322710 Uncommon trap: reason=unstable_if action=reinterpret pc=0x00000238761dcab0 method=org.eclipse.jdt.internal.core.util.MementoTokenizer.nextToken()Ljava/lang/String; @ 600 c2
Event: 2343.135 Thread 0x000002384e322710 DEOPT PACKING pc=0x00000238761dcab0 sp=0x0000003c37cfe970
Event: 2343.135 Thread 0x000002384e322710 DEOPT UNPACKING pc=0x0000023874e23aa2 sp=0x0000003c37cfe990 mode 2
Event: 2343.164 Thread 0x000002384e322710 Uncommon trap: trap_request=0xffffff45 fr.pc=0x0000023875eda980 relative=0x0000000000000a60
Event: 2343.164 Thread 0x000002384e322710 Uncommon trap: reason=unstable_if action=reinterpret pc=0x0000023875eda980 method=org.eclipse.jdt.internal.compiler.lookup.AnnotationHolder.setAnnotations([Lorg/eclipse/jdt/internal/compiler/lookup/AnnotationBinding;)Lorg/eclipse/jdt/internal/compiler/loo
Event: 2343.164 Thread 0x000002384e322710 DEOPT PACKING pc=0x0000023875eda980 sp=0x0000003c37cfe130
Event: 2343.164 Thread 0x000002384e322710 DEOPT UNPACKING pc=0x0000023874e23aa2 sp=0x0000003c37cfe010 mode 2
Event: 2343.164 Thread 0x000002384e322710 Uncommon trap: trap_request=0xffffffde fr.pc=0x0000023875e79d64 relative=0x0000000000000684
Event: 2343.164 Thread 0x000002384e322710 Uncommon trap: reason=class_check action=maybe_recompile pc=0x0000023875e79d64 method=org.eclipse.jdt.internal.compiler.lookup.ReferenceBinding.storeAnnotationHolder(Lorg/eclipse/jdt/internal/compiler/lookup/Binding;Lorg/eclipse/jdt/internal/compiler/look
Event: 2343.164 Thread 0x000002384e322710 DEOPT PACKING pc=0x0000023875e79d64 sp=0x0000003c37cfe0c0
Event: 2343.164 Thread 0x000002384e322710 DEOPT UNPACKING pc=0x0000023874e23aa2 sp=0x0000003c37cfe088 mode 2
Event: 2343.168 Thread 0x000002384e322710 DEOPT PACKING pc=0x000002386ee6a29f sp=0x0000003c37cfcd30
Event: 2343.168 Thread 0x000002384e322710 DEOPT UNPACKING pc=0x0000023874e24242 sp=0x0000003c37cfc248 mode 0

Classes loaded (20 events):
Event: 1883.732 Loading class sun/nio/fs/WindowsFileCopy
Event: 1883.734 Loading class sun/nio/fs/WindowsFileCopy done
Event: 1883.894 Loading class jdk/internal/module/IllegalAccessLogger
Event: 1883.894 Loading class jdk/internal/module/IllegalAccessLogger done
Event: 1912.364 Loading class java/lang/UnsupportedClassVersionError
Event: 1912.364 Loading class java/lang/UnsupportedClassVersionError done
Event: 2266.804 Loading class java/util/stream/ReduceOps$5
Event: 2266.804 Loading class java/util/stream/ReduceOps$5 done
Event: 2266.804 Loading class java/util/stream/ReduceOps$CountingSink$OfRef
Event: 2266.805 Loading class java/util/stream/ReduceOps$CountingSink
Event: 2266.805 Loading class java/util/stream/ReduceOps$CountingSink done
Event: 2266.805 Loading class java/util/stream/ReduceOps$CountingSink$OfRef done
Event: 2267.145 Loading class jdk/internal/module/IllegalAccessLogger
Event: 2267.146 Loading class jdk/internal/module/IllegalAccessLogger done
Event: 2338.915 Loading class jdk/internal/module/IllegalAccessLogger
Event: 2338.915 Loading class jdk/internal/module/IllegalAccessLogger done
Event: 2338.938 Loading class javax/xml/transform/TransformerConfigurationException
Event: 2338.938 Loading class javax/xml/transform/TransformerConfigurationException done
Event: 2338.954 Loading class java/util/LinkedList$LLSpliterator
Event: 2338.954 Loading class java/util/LinkedList$LLSpliterator done

Classes unloaded (11 events):
Event: 32.779 Thread 0x000002387d804750 Unloading class 0x00000238051a4400 'java/lang/invoke/LambdaForm$MH+0x00000238051a4400'
Event: 32.779 Thread 0x000002387d804750 Unloading class 0x00000238051a4000 'java/lang/invoke/LambdaForm$MH+0x00000238051a4000'
Event: 32.779 Thread 0x000002387d804750 Unloading class 0x00000238051a3c00 'java/lang/invoke/LambdaForm$MH+0x00000238051a3c00'
Event: 32.779 Thread 0x000002387d804750 Unloading class 0x00000238051a3800 'java/lang/invoke/LambdaForm$MH+0x00000238051a3800'
Event: 32.779 Thread 0x000002387d804750 Unloading class 0x00000238051a3400 'java/lang/invoke/LambdaForm$BMH+0x00000238051a3400'
Event: 32.779 Thread 0x000002387d804750 Unloading class 0x00000238051a3000 'java/lang/invoke/LambdaForm$DMH+0x00000238051a3000'
Event: 32.779 Thread 0x000002387d804750 Unloading class 0x00000238051a2000 'java/lang/invoke/LambdaForm$DMH+0x00000238051a2000'
Event: 43.462 Thread 0x000002387d804750 Unloading class 0x0000023805695400 'java/lang/invoke/LambdaForm$DMH+0x0000023805695400'
Event: 43.462 Thread 0x000002387d804750 Unloading class 0x0000023805694c00 'java/lang/invoke/LambdaForm$DMH+0x0000023805694c00'
Event: 43.462 Thread 0x000002387d804750 Unloading class 0x0000023805695000 'java/lang/invoke/LambdaForm$DMH+0x0000023805695000'
Event: 43.462 Thread 0x000002387d804750 Unloading class 0x0000023805694800 'java/lang/invoke/LambdaForm$DMH+0x0000023805694800'

Classes redefined (0 events):
No events

Internal exceptions (20 events):
Event: 1912.288 Thread 0x0000023851943e80 Exception <a 'java/lang/NoSuchMethodError'{0x00000000d5c128d8}: 'java.lang.Object java.lang.invoke.DirectMethodHandle$Holder.invokeSpecial(java.lang.Object, java.lang.Object, java.lang.Object, java.lang.Object, int, java.lang.Object, java.lang.Object)'> (0x00000000d5c128d8) 
thrown [s\src\hotspot\share\interpreter\linkResolver.cpp, line 773]
Event: 1912.332 Thread 0x000002384cc988c0 Exception <a 'java/lang/IncompatibleClassChangeError'{0x00000000d5cf9b78}: Found class java.lang.Object, but interface was expected> (0x00000000d5cf9b78) 
thrown [s\src\hotspot\share\interpreter\linkResolver.cpp, line 840]
Event: 1912.350 Thread 0x000002384cc988c0 Exception <a 'java/lang/IncompatibleClassChangeError'{0x00000000d5e0ab08}: Found class java.lang.Object, but interface was expected> (0x00000000d5e0ab08) 
thrown [s\src\hotspot\share\interpreter\linkResolver.cpp, line 840]
Event: 1912.382 Thread 0x0000023851943e80 Exception <a 'java/lang/NoSuchMethodError'{0x00000000d55fbe60}: 'int java.lang.invoke.Invokers$Holder.invokeExact_MT(java.lang.Object, java.lang.Object)'> (0x00000000d55fbe60) 
thrown [s\src\hotspot\share\interpreter\linkResolver.cpp, line 773]
Event: 1912.517 Thread 0x0000023851946c70 Exception <a 'java/lang/NoSuchMethodError'{0x00000000d5cb2840}: 'java.lang.Object java.lang.invoke.DirectMethodHandle$Holder.invokeStatic(java.lang.Object, int, int, java.lang.Object)'> (0x00000000d5cb2840) 
thrown [s\src\hotspot\share\interpreter\linkResolver.cpp, line 773]
Event: 1912.526 Thread 0x000002384cc988c0 Exception <a 'java/lang/IncompatibleClassChangeError'{0x00000000d57eb098}: Found class java.lang.Object, but interface was expected> (0x00000000d57eb098) 
thrown [s\src\hotspot\share\interpreter\linkResolver.cpp, line 840]
Event: 1912.539 Thread 0x0000023851946c70 Exception <a 'java/lang/ArrayIndexOutOfBoundsException'{0x00000000d58f47c0}: Index 1554 out of bounds for length 1553> (0x00000000d58f47c0) 
thrown [s\src\hotspot\share\interpreter\interpreterRuntime.cpp, line 439]
Event: 1913.188 Thread 0x000002384cc988c0 Exception <a 'java/lang/IncompatibleClassChangeError'{0x00000000d5c7d660}: Found class java.lang.Object, but interface was expected> (0x00000000d5c7d660) 
thrown [s\src\hotspot\share\interpreter\linkResolver.cpp, line 840]
Event: 2096.512 Thread 0x0000023851258d60 Exception <a 'sun/nio/fs/WindowsException'{0x00000000d55ec370}> (0x00000000d55ec370) 
thrown [s\src\hotspot\share\prims\jni.cpp, line 520]
Event: 2096.513 Thread 0x0000023851258d60 Exception <a 'sun/nio/fs/WindowsException'{0x00000000d55ecbe0}> (0x00000000d55ecbe0) 
thrown [s\src\hotspot\share\prims\jni.cpp, line 520]
Event: 2264.686 Thread 0x000002384cc988c0 Exception <a 'java/lang/IncompatibleClassChangeError'{0x00000000d588df68}: Found class java.lang.Object, but interface was expected> (0x00000000d588df68) 
thrown [s\src\hotspot\share\interpreter\linkResolver.cpp, line 840]
Event: 2266.594 Thread 0x000002384cc988c0 Exception <a 'java/lang/IncompatibleClassChangeError'{0x00000000d5d9a2e0}: Found class java.lang.Object, but interface was expected> (0x00000000d5d9a2e0) 
thrown [s\src\hotspot\share\interpreter\linkResolver.cpp, line 840]
Event: 2266.602 Thread 0x0000023851943160 Exception <a 'java/lang/NoSuchMethodError'{0x00000000d5de68c8}: 'void java.lang.invoke.DirectMethodHandle$Holder.invokeSpecial(java.lang.Object, java.lang.Object, int)'> (0x00000000d5de68c8) 
thrown [s\src\hotspot\share\interpreter\linkResolver.cpp, line 773]
Event: 2266.699 Thread 0x000002384cc988c0 Exception <a 'java/lang/IncompatibleClassChangeError'{0x00000000d5841110}: Found class java.lang.Object, but interface was expected> (0x00000000d5841110) 
thrown [s\src\hotspot\share\interpreter\linkResolver.cpp, line 840]
Event: 2266.699 Thread 0x000002384cc988c0 Exception <a 'java/lang/IncompatibleClassChangeError'{0x00000000d58450c8}: Found class java.lang.Object, but interface was expected> (0x00000000d58450c8) 
thrown [s\src\hotspot\share\interpreter\linkResolver.cpp, line 840]
Event: 2266.831 Thread 0x000002384aca1440 Exception <a 'sun/nio/fs/WindowsException'{0x00000000d5b70ae0}> (0x00000000d5b70ae0) 
thrown [s\src\hotspot\share\prims\jni.cpp, line 520]
Event: 2267.049 Thread 0x000002384aca1440 Exception <a 'sun/nio/fs/WindowsException'{0x00000000d59fc008}> (0x00000000d59fc008) 
thrown [s\src\hotspot\share\prims\jni.cpp, line 520]
Event: 2338.619 Thread 0x000002384aca1440 Exception <a 'sun/nio/fs/WindowsException'{0x00000000d55cc9d8}> (0x00000000d55cc9d8) 
thrown [s\src\hotspot\share\prims\jni.cpp, line 520]
Event: 2338.772 Thread 0x000002384aca1440 Exception <a 'sun/nio/fs/WindowsException'{0x00000000d5be2668}> (0x00000000d5be2668) 
thrown [s\src\hotspot\share\prims\jni.cpp, line 520]
Event: 2343.164 Thread 0x000002384e322710 Implicit null exception at 0x0000023875eda033 to 0x0000023875eda974

ZGC Phase Switch (0 events):
No events

VM Operations (20 events):
Event: 2338.161 Executing VM operation: HandshakeAllThreads (Deoptimize) done
Event: 2338.581 Executing VM operation: ParallelGCFailedAllocation (Allocation Failure)
Event: 2338.584 Executing VM operation: ParallelGCFailedAllocation (Allocation Failure) done
Event: 2338.661 Executing VM operation: ParallelGCFailedAllocation (Allocation Failure)
Event: 2338.665 Executing VM operation: ParallelGCFailedAllocation (Allocation Failure) done
Event: 2338.729 Executing VM operation: ParallelGCFailedAllocation (Allocation Failure)
Event: 2338.730 Executing VM operation: ParallelGCFailedAllocation (Allocation Failure) done
Event: 2338.818 Executing VM operation: ParallelGCFailedAllocation (Allocation Failure)
Event: 2338.821 Executing VM operation: ParallelGCFailedAllocation (Allocation Failure) done
Event: 2338.886 Executing VM operation: ParallelGCFailedAllocation (Allocation Failure)
Event: 2338.889 Executing VM operation: ParallelGCFailedAllocation (Allocation Failure) done
Event: 2338.967 Executing VM operation: ParallelGCFailedAllocation (Allocation Failure)
Event: 2338.968 Executing VM operation: ParallelGCFailedAllocation (Allocation Failure) done
Event: 2339.969 Executing VM operation: Cleanup
Event: 2339.969 Executing VM operation: Cleanup done
Event: 2343.132 Executing VM operation: ParallelGCFailedAllocation (Allocation Failure)
Event: 2343.134 Executing VM operation: ParallelGCFailedAllocation (Allocation Failure) done
Event: 2343.158 Executing VM operation: HandshakeAllThreads (Deoptimize)
Event: 2343.158 Executing VM operation: HandshakeAllThreads (Deoptimize) done
Event: 2343.174 Executing VM operation: ParallelGCFailedAllocation (Allocation Failure)

Memory protections (0 events):
No events

Nmethod flushes (20 events):
Event: 43.475 Thread 0x000002387d804750 flushing  nmethod 0x000002386e359890
Event: 43.475 Thread 0x000002387d804750 flushing  nmethod 0x000002386e35bd10
Event: 43.475 Thread 0x000002387d804750 flushing  nmethod 0x000002386e378e90
Event: 43.475 Thread 0x000002387d804750 flushing  nmethod 0x000002386e379490
Event: 43.475 Thread 0x000002387d804750 flushing  nmethod 0x000002386e379d10
Event: 43.475 Thread 0x000002387d804750 flushing  nmethod 0x000002386e37a090
Event: 43.475 Thread 0x000002387d804750 flushing  nmethod 0x000002386e37bb10
Event: 43.475 Thread 0x000002387d804750 flushing  nmethod 0x000002386e3a3f10
Event: 43.475 Thread 0x000002387d804750 flushing  nmethod 0x000002386e3d1710
Event: 43.475 Thread 0x000002387d804750 flushing osr nmethod 0x000002386e407210
Event: 43.475 Thread 0x000002387d804750 flushing  nmethod 0x000002386e408f90
Event: 43.475 Thread 0x000002387d804750 flushing  nmethod 0x000002386e42d010
Event: 43.475 Thread 0x000002387d804750 flushing  nmethod 0x000002386e42da10
Event: 43.475 Thread 0x000002387d804750 flushing  nmethod 0x000002386e42f310
Event: 43.475 Thread 0x000002387d804750 flushing  nmethod 0x000002386e430e10
Event: 43.475 Thread 0x000002387d804750 flushing  nmethod 0x000002386e431290
Event: 43.475 Thread 0x000002387d804750 flushing  nmethod 0x000002386e433a10
Event: 43.475 Thread 0x000002387d804750 flushing  nmethod 0x000002386e43be90
Event: 43.475 Thread 0x000002387d804750 flushing  nmethod 0x000002386e43ec90
Event: 43.475 Thread 0x000002387d804750 flushing  nmethod 0x000002386e472190

Events (20 events):
Event: 2266.624 Thread 0x000002387ed3cb10 Thread added: 0x000002384f6b0b80
Event: 2266.765 Thread 0x000002387ed3afb0 Thread added: 0x000002384f6af040
Event: 2266.765 Thread 0x000002387ed3afb0 Thread added: 0x000002384f6b1920
Event: 2267.036 Thread 0x00000238519465e0 Thread added: 0x000002384e323430
Event: 2267.050 Thread 0x0000023851258d60 Thread added: 0x000002384e321360
Event: 2267.146 Thread 0x00000238519465e0 Thread added: 0x000002384e31ffb0
Event: 2267.514 Thread 0x000002384f6b1920 Thread exited: 0x000002384f6b1920
Event: 2268.771 Thread 0x000002384f6af040 Thread exited: 0x000002384f6af040
Event: 2273.792 Thread 0x000002384f6b0b80 Thread exited: 0x000002384f6b0b80
Event: 2273.792 Thread 0x000002384f6ac090 Thread exited: 0x000002384f6ac090
Event: 2291.802 Thread 0x00000238512593f0 Thread exited: 0x00000238512593f0
Event: 2327.153 Thread 0x000002384e31ffb0 Thread exited: 0x000002384e31ffb0
Event: 2327.517 Thread 0x000002384e31f920 Thread exited: 0x000002384e31f920
Event: 2328.794 Thread 0x000002384e321360 Thread exited: 0x000002384e321360
Event: 2338.773 Thread 0x0000023851258d60 Thread added: 0x000002384e31f920
Event: 2338.813 Thread 0x00000238519465e0 Thread added: 0x000002384e31ffb0
Event: 2338.816 Thread 0x000002387ed3cb10 Thread added: 0x000002384f6af040
Event: 2338.816 Thread 0x000002387ed3cb10 Thread added: 0x000002384f6ac090
Event: 2338.915 Thread 0x00000238519465e0 Thread added: 0x000002384e323ac0
Event: 2343.131 Thread 0x000002384f6af040 Thread exited: 0x000002384f6af040


Dynamic libraries:
0x00007ff71b150000 - 0x00007ff71b15e000 	c:\Users\l1816\.cursor\extensions\redhat.java-1.46.0-win32-x64\jre\21.0.8-win32-x86_64\bin\java.exe
0x00007ffacba00000 - 0x00007ffacbc68000 	C:\WINDOWS\SYSTEM32\ntdll.dll
0x00007ffac9f00000 - 0x00007ffac9fc9000 	C:\WINDOWS\System32\KERNEL32.DLL
0x00007ffac93a0000 - 0x00007ffac9798000 	C:\WINDOWS\System32\KERNELBASE.dll
0x00007ffac4d10000 - 0x00007ffac4daf000 	C:\WINDOWS\SYSTEM32\apphelp.dll
0x00007ffac9190000 - 0x00007ffac92db000 	C:\WINDOWS\System32\ucrtbase.dll
0x00007ffa735a0000 - 0x00007ffa735b8000 	c:\Users\l1816\.cursor\extensions\redhat.java-1.46.0-win32-x64\jre\21.0.8-win32-x86_64\bin\jli.dll
0x00007ffa75450000 - 0x00007ffa7546e000 	c:\Users\l1816\.cursor\extensions\redhat.java-1.46.0-win32-x64\jre\21.0.8-win32-x86_64\bin\VCRUNTIME140.dll
0x00007ffaca080000 - 0x00007ffaca247000 	C:\WINDOWS\System32\USER32.dll
0x00007ffac8b50000 - 0x00007ffac8b77000 	C:\WINDOWS\System32\win32u.dll
0x00007ffaca420000 - 0x00007ffaca44b000 	C:\WINDOWS\System32\GDI32.dll
0x00007ffaa7c70000 - 0x00007ffaa7f04000 	C:\WINDOWS\WinSxS\amd64_microsoft.windows.common-controls_6595b64144ccf1df_6.0.26100.7019_none_3e06ffa0e335b8a8\COMCTL32.dll
0x00007ffac8fb0000 - 0x00007ffac90dc000 	C:\WINDOWS\System32\gdi32full.dll
0x00007ffac8c10000 - 0x00007ffac8cb3000 	C:\WINDOWS\System32\msvcp_win.dll
0x00007ffac9fd0000 - 0x00007ffaca079000 	C:\WINDOWS\System32\msvcrt.dll
0x00007ffacb4f0000 - 0x00007ffacb521000 	C:\WINDOWS\System32\IMM32.DLL
0x00007ffa97660000 - 0x00007ffa9766c000 	c:\Users\l1816\.cursor\extensions\redhat.java-1.46.0-win32-x64\jre\21.0.8-win32-x86_64\bin\vcruntime140_1.dll
0x00007ffa4b860000 - 0x00007ffa4b8ed000 	c:\Users\l1816\.cursor\extensions\redhat.java-1.46.0-win32-x64\jre\21.0.8-win32-x86_64\bin\msvcp140.dll
0x00007ffa1cf20000 - 0x00007ffa1dcb7000 	c:\Users\l1816\.cursor\extensions\redhat.java-1.46.0-win32-x64\jre\21.0.8-win32-x86_64\bin\server\jvm.dll
0x00007ffac9910000 - 0x00007ffac99c4000 	C:\WINDOWS\System32\ADVAPI32.dll
0x00007ffaca370000 - 0x00007ffaca416000 	C:\WINDOWS\System32\sechost.dll
0x00007ffac97a0000 - 0x00007ffac98b8000 	C:\WINDOWS\System32\RPCRT4.dll
0x00007ffaca7e0000 - 0x00007ffaca854000 	C:\WINDOWS\System32\WS2_32.dll
0x00007ffac89b0000 - 0x00007ffac8a0e000 	C:\WINDOWS\SYSTEM32\POWRPROF.dll
0x00007ffab79b0000 - 0x00007ffab79bb000 	C:\WINDOWS\SYSTEM32\VERSION.dll
0x00007ffac30f0000 - 0x00007ffac3125000 	C:\WINDOWS\SYSTEM32\WINMM.dll
0x00007ffac8990000 - 0x00007ffac89a4000 	C:\WINDOWS\SYSTEM32\UMPDC.dll
0x00007ffac7910000 - 0x00007ffac792b000 	C:\WINDOWS\SYSTEM32\kernel.appcore.dll
0x00007ffa8fbf0000 - 0x00007ffa8fbfa000 	c:\Users\l1816\.cursor\extensions\redhat.java-1.46.0-win32-x64\jre\21.0.8-win32-x86_64\bin\jimage.dll
0x00007ffac60d0000 - 0x00007ffac6312000 	C:\WINDOWS\SYSTEM32\DBGHELP.DLL
0x00007ffac9b70000 - 0x00007ffac9efb000 	C:\WINDOWS\System32\combase.dll
0x00007ffaca450000 - 0x00007ffaca527000 	C:\WINDOWS\System32\OLEAUT32.dll
0x00007ffaa6e90000 - 0x00007ffaa6ecc000 	C:\WINDOWS\SYSTEM32\dbgcore.DLL
0x00007ffac90e0000 - 0x00007ffac9185000 	C:\WINDOWS\System32\bcryptPrimitives.dll
0x00007ffa8f3c0000 - 0x00007ffa8f3cf000 	c:\Users\l1816\.cursor\extensions\redhat.java-1.46.0-win32-x64\jre\21.0.8-win32-x86_64\bin\instrument.dll
0x00007ffa6b380000 - 0x00007ffa6b39f000 	c:\Users\l1816\.cursor\extensions\redhat.java-1.46.0-win32-x64\jre\21.0.8-win32-x86_64\bin\java.dll
0x00007ffacad20000 - 0x00007ffacb46f000 	C:\WINDOWS\System32\SHELL32.dll
0x00007ffac8e40000 - 0x00007ffac8fab000 	C:\WINDOWS\System32\wintypes.dll
0x00007ffac6740000 - 0x00007ffac6f9d000 	C:\WINDOWS\SYSTEM32\windows.storage.dll
0x00007ffacab20000 - 0x00007ffacac12000 	C:\WINDOWS\System32\SHCORE.dll
0x00007ffacb480000 - 0x00007ffacb4e7000 	C:\WINDOWS\System32\shlwapi.dll
0x00007ffac8a70000 - 0x00007ffac8a99000 	C:\WINDOWS\SYSTEM32\profapi.dll
0x00007ffa4e380000 - 0x00007ffa4e398000 	c:\Users\l1816\.cursor\extensions\redhat.java-1.46.0-win32-x64\jre\21.0.8-win32-x86_64\bin\zip.dll
0x00007ffa8b940000 - 0x00007ffa8b950000 	C:\Users\l1816\.cursor\extensions\redhat.java-1.46.0-win32-x64\jre\21.0.8-win32-x86_64\bin\net.dll
0x00007ffab9d70000 - 0x00007ffab9e98000 	C:\WINDOWS\SYSTEM32\WINHTTP.dll
0x00007ffac7e80000 - 0x00007ffac7eeb000 	C:\WINDOWS\system32\mswsock.dll
0x00007ffa4c560000 - 0x00007ffa4c576000 	C:\Users\l1816\.cursor\extensions\redhat.java-1.46.0-win32-x64\jre\21.0.8-win32-x86_64\bin\nio.dll
0x00007ffa7c220000 - 0x00007ffa7c230000 	c:\Users\l1816\.cursor\extensions\redhat.java-1.46.0-win32-x64\jre\21.0.8-win32-x86_64\bin\verify.dll
0x00007ffa4c5f0000 - 0x00007ffa4c634000 	C:\Users\l1816\AppData\Roaming\Cursor\User\globalStorage\redhat.java\1.46.0\config_win\org.eclipse.equinox.launcher\org.eclipse.equinox.launcher.win32.win32.x86_64_1.2.1400.v20250801-0854\eclipse_11916.dll
0x00007ffac99d0000 - 0x00007ffac9b67000 	C:\WINDOWS\System32\ole32.dll
0x00007ffac8140000 - 0x00007ffac815b000 	C:\WINDOWS\SYSTEM32\CRYPTSP.dll
0x00007ffac7870000 - 0x00007ffac78aa000 	C:\WINDOWS\system32\rsaenh.dll
0x00007ffac7f30000 - 0x00007ffac7f5b000 	C:\WINDOWS\SYSTEM32\USERENV.dll
0x00007ffac8a40000 - 0x00007ffac8a6a000 	C:\WINDOWS\SYSTEM32\bcrypt.dll
0x00007ffac8160000 - 0x00007ffac816c000 	C:\WINDOWS\SYSTEM32\CRYPTBASE.dll
0x00007ffac7430000 - 0x00007ffac7464000 	C:\WINDOWS\SYSTEM32\IPHLPAPI.DLL
0x00007ffaca9a0000 - 0x00007ffaca9aa000 	C:\WINDOWS\System32\NSI.dll
0x00007ffab4c60000 - 0x00007ffab4ca9000 	C:\Users\l1816\AppData\Local\Temp\jna-101255416\jna1880109971855505468.dll
0x00007ffaca540000 - 0x00007ffaca548000 	C:\WINDOWS\System32\PSAPI.DLL
0x00007ffab9fb0000 - 0x00007ffab9fce000 	C:\WINDOWS\SYSTEM32\dhcpcsvc6.DLL
0x00007ffab9ec0000 - 0x00007ffab9ee3000 	C:\WINDOWS\SYSTEM32\dhcpcsvc.DLL

JVMTI agents:
c:\Users\l1816\.cursor\extensions\redhat.java-1.46.0-win32-x64\lombok\lombok-1.18.39-4050.jar path:c:\Users\l1816\.cursor\extensions\redhat.java-1.46.0-win32-x64\jre\21.0.8-win32-x86_64\bin\instrument.dll, loaded, initialized, instrumentlib options:none

dbghelp: loaded successfully - version: 4.0.5 - missing functions: none
symbol engine: initialized successfully - sym options: 0x614 - pdb path: .;c:\Users\l1816\.cursor\extensions\redhat.java-1.46.0-win32-x64\jre\21.0.8-win32-x86_64\bin;C:\WINDOWS\SYSTEM32;C:\WINDOWS\WinSxS\amd64_microsoft.windows.common-controls_6595b64144ccf1df_6.0.26100.7019_none_3e06ffa0e335b8a8;c:\Users\l1816\.cursor\extensions\redhat.java-1.46.0-win32-x64\jre\21.0.8-win32-x86_64\bin\server;C:\Users\l1816\AppData\Roaming\Cursor\User\globalStorage\redhat.java\1.46.0\config_win\org.eclipse.equinox.launcher\org.eclipse.equinox.launcher.win32.win32.x86_64_1.2.1400.v20250801-0854;C:\Users\l1816\AppData\Local\Temp\jna-101255416

VM Arguments:
jvm_args: --add-modules=ALL-SYSTEM --add-opens=java.base/java.util=ALL-UNNAMED --add-opens=java.base/java.lang=ALL-UNNAMED --add-opens=java.base/sun.nio.fs=ALL-UNNAMED -Declipse.application=org.eclipse.jdt.ls.core.id1 -Dosgi.bundles.defaultStartLevel=4 -Declipse.product=org.eclipse.jdt.ls.core.product -Djava.import.generatesMetadataFilesAtProjectRoot=false -DDetectVMInstallationsJob.disabled=true -Dfile.encoding=utf8 -XX:+UseParallelGC -XX:GCTimeRatio=4 -XX:AdaptiveSizePolicyWeight=90 -Dsun.zip.disableMemoryMapping=true -Xmx2G -Xms100m -Xlog:disable -javaagent:c:\Users\l1816\.cursor\extensions\redhat.java-1.46.0-win32-x64\lombok\lombok-1.18.39-4050.jar -XX:+HeapDumpOnOutOfMemoryError -XX:HeapDumpPath=c:\Users\l1816\AppData\Roaming\Cursor\User\workspaceStorage\9a9c6f2e96041c0e531f48a2dc2e720c\redhat.java -Daether.dependencyCollector.impl=bf 
java_command: c:\Users\l1816\.cursor\extensions\redhat.java-1.46.0-win32-x64\server\plugins\org.eclipse.equinox.launcher_1.7.0.v20250519-0528.jar -configuration c:\Users\l1816\AppData\Roaming\Cursor\User\globalStorage\redhat.java\1.46.0\config_win -data c:\Users\l1816\AppData\Roaming\Cursor\User\workspaceStorage\9a9c6f2e96041c0e531f48a2dc2e720c\redhat.java\jdt_ws --pipe=\\.\pipe\lsp-f2de7b0c2bc46740a875dc860998ec04-sock
java_class_path (initial): c:\Users\l1816\.cursor\extensions\redhat.java-1.46.0-win32-x64\server\plugins\org.eclipse.equinox.launcher_1.7.0.v20250519-0528.jar
Launcher Type: SUN_STANDARD

[Global flags]
    uintx AdaptiveSizePolicyWeight                 = 90                                        {product} {command line}
     intx CICompilerCount                          = 12                                        {product} {ergonomic}
    uintx GCTimeRatio                              = 4                                         {product} {command line}
     bool HeapDumpOnOutOfMemoryError               = true                                   {manageable} {command line}
    ccstr HeapDumpPath                             = c:\Users\l1816\AppData\Roaming\Cursor\User\workspaceStorage\9a9c6f2e96041c0e531f48a2dc2e720c\redhat.java         {manageable} {command line}
   size_t InitialHeapSize                          = 104857600                                 {product} {command line}
   size_t MaxHeapSize                              = 2147483648                                {product} {command line}
   size_t MaxNewSize                               = 715653120                                 {product} {ergonomic}
   size_t MinHeapDeltaBytes                        = 524288                                    {product} {ergonomic}
   size_t MinHeapSize                              = 104857600                                 {product} {command line}
   size_t NewSize                                  = 34603008                                  {product} {ergonomic}
    uintx NonNMethodCodeHeapSize                   = 7602480                                {pd product} {ergonomic}
    uintx NonProfiledCodeHeapSize                  = 122027880                              {pd product} {ergonomic}
   size_t OldSize                                  = 70254592                                  {product} {ergonomic}
    uintx ProfiledCodeHeapSize                     = 122027880                              {pd product} {ergonomic}
    uintx ReservedCodeCacheSize                    = 251658240                              {pd product} {ergonomic}
     bool SegmentedCodeCache                       = true                                      {product} {ergonomic}
   size_t SoftMaxHeapSize                          = 2147483648                             {manageable} {ergonomic}
     bool UseCompressedOops                        = true                           {product lp64_product} {ergonomic}
     bool UseLargePagesIndividualAllocation        = false                                  {pd product} {ergonomic}
     bool UseParallelGC                            = true                                      {product} {command line}

Logging:
Log output configuration:
 #0: stdout all=off uptime,level,tags foldmultilines=false
 #1: stderr all=off uptime,level,tags foldmultilines=false

Environment Variables:
JAVA_HOME=C:\Users\l1816\JDK\jdk1.8
PATH=c:\Users\l1816\AppData\Local\Programs\cursor\resources\app\bin;C:\Program Files (x86)\Common Files\Oracle\Java\java8path;C:\Program Files (x86)\Common Files\Oracle\Java\javapath;c:\Users\l1816\AppData\Local\Programs\cursor\resources\app\bin;c:\Users\l1816\AppData\Local\Programs\cursor\resources\app\bin;C:\Program Files (x86)\VMware\VMware Workstation\bin\;C:\Windows\system32;C:\Windows;C:\Windows\System32\Wbem;C:\Windows\System32\WindowsPowerShell\v1.0\;C:\Windows\System32\OpenSSH\;C:\Program Files\Microsoft SQL Server\150\Tools\Binn\;C:\Program Files\dotnet\;C:\Program Files (x86)\Windows Kits\10\Windows Performance Toolkit\;C:\糧湮呇庈部\mingw64\bin;c:\U;ers\l1816\AppData\Local\Programs\cursor\resources\app\bin;C:\WINDOWS\system32;C:\WINDOWS;C:\WINDOWS\System32\Wbem;C:\WINDOWS\System32\WindowsPowerShell\v1.0\;C:\WINDOWS\System32\OpenSSH\;C:\Program File;C:\MySQL\MySQL Server 8.0\bin;C:\Program Files\Git\cmd;C:\Program Files (x86)\Tencent\峚陓web羲楷氪馱撿\dll;C:\Users\l1816\NVM\nvm;C:\Program Files\nodejs;C:\Program Files\nodejs\;C:\Python27;C:\Python27\Scripts;C:\Program Files\nodejs;C:\Program Files\AskLink;E:\programe\oracle\dbhomexe\bin;E:\Programe\Maven\apache-maven-3.9.10\bin;C:\strawberry\c\bin;C:\strawberry\perl\bin;E:\Programe\loadrunner12\loadrunner12\strawberry-perl\perl\bin;E:\Programe\Cursor\cursor\resources\app\bin;e:\Programe\Trae\Trae CN\bin;C:\MySQL\MySQL Shell 8.0\bin\;C:\Users\l1816\AppData\Local\Microsoft\WindowsApps;C:\Users\l1816\.dotnet\tools;C:\Users\l1816\AppData\Local\Programs\Microsoft VS Code\bin;C:\Program Files\JetBrains\PyCharm Community Edition 2023.3.4\bin;E:\Programe\IDEA\IntelliJ IDEA 2025.2.4\bin;E:\Programe\windsurf\Windsurf\bin
USERNAME=l1816
TERM=dumb
OS=Windows_NT
PROCESSOR_IDENTIFIER=Intel64 Family 6 Model 154 Stepping 3, GenuineIntel
TMP=C:\Users\l1816\AppData\Local\Temp
TEMP=C:\Users\l1816\AppData\Local\Temp




Periodic native trim disabled

---------------  S Y S T E M  ---------------

OS:
 Windows 11 , 64 bit Build 26100 (10.0.26100.7019)
OS uptime: 0 days 0:44 hours
Hyper-V role detected

CPU: total 20 (initial active 20) (10 cores per cpu, 2 threads per core) family 6 model 154 stepping 3 microcode 0x423, cx8, cmov, fxsr, ht, mmx, 3dnowpref, sse, sse2, sse3, ssse3, sse4.1, sse4.2, popcnt, lzcnt, tsc, tscinvbit, avx, avx2, aes, erms, clmul, bmi1, bmi2, adx, sha, fma, vzeroupper, clflush, clflushopt, clwb, hv, serialize, rdtscp, rdpid, fsrm, f16c, cet_ibt, cet_ss
Processor Information for processor 0
  Max Mhz: 2300, Current Mhz: 2300, Mhz Limit: 2300
Processor Information for processor 1
  Max Mhz: 2300, Current Mhz: 2300, Mhz Limit: 2300
Processor Information for processor 2
  Max Mhz: 2300, Current Mhz: 2300, Mhz Limit: 2300
Processor Information for processor 3
  Max Mhz: 2300, Current Mhz: 2300, Mhz Limit: 2300
Processor Information for processor 4
  Max Mhz: 2300, Current Mhz: 2300, Mhz Limit: 2300
Processor Information for processor 5
  Max Mhz: 2300, Current Mhz: 2300, Mhz Limit: 2300
Processor Information for processor 6
  Max Mhz: 2300, Current Mhz: 2300, Mhz Limit: 2300
Processor Information for processor 7
  Max Mhz: 2300, Current Mhz: 2300, Mhz Limit: 2300
Processor Information for processor 8
  Max Mhz: 2300, Current Mhz: 2300, Mhz Limit: 2300
Processor Information for processor 9
  Max Mhz: 2300, Current Mhz: 2300, Mhz Limit: 2300
Processor Information for processor 10
  Max Mhz: 2300, Current Mhz: 2300, Mhz Limit: 2300
Processor Information for processor 11
  Max Mhz: 2300, Current Mhz: 2300, Mhz Limit: 2300
Processor Information for processor 12
  Max Mhz: 2300, Current Mhz: 2300, Mhz Limit: 2300
Processor Information for processor 13
  Max Mhz: 2300, Current Mhz: 1488, Mhz Limit: 2300
Processor Information for processor 14
  Max Mhz: 2300, Current Mhz: 2300, Mhz Limit: 2300
Processor Information for processor 15
  Max Mhz: 2300, Current Mhz: 1488, Mhz Limit: 2300
Processor Information for processor 16
  Max Mhz: 2300, Current Mhz: 1488, Mhz Limit: 2300
Processor Information for processor 17
  Max Mhz: 2300, Current Mhz: 2300, Mhz Limit: 2300
Processor Information for processor 18
  Max Mhz: 2300, Current Mhz: 2300, Mhz Limit: 2300
Processor Information for processor 19
  Max Mhz: 2300, Current Mhz: 1488, Mhz Limit: 2300

Memory: 4k page, system-wide physical 16081M (2803M free)
TotalPageFile size 19921M (AvailPageFile size 1M)
current process WorkingSet (physical memory assigned to process): 510M, peak: 517M
current process commit charge ("private bytes"): 1775M, peak: 1776M

vm_info: OpenJDK 64-Bit Server VM (21.0.8+9-LTS) for windows-amd64 JRE (21.0.8+9-LTS), built on 2025-07-15T00:00:00Z by "admin" with MS VC++ 17.7 (VS2022)

END.
