#
# There is insufficient memory for the Java Runtime Environment to continue.
# Native memory allocation (malloc) failed to allocate 1942736 bytes for Chunk::new
# Possible reasons:
#   The system is out of physical RAM or swap space
#   The process is running with CompressedOops enabled, and the Java Heap may be blocking the growth of the native heap
# Possible solutions:
#   Reduce memory load on the system
#   Increase physical memory or swap space
#   Check if swap backing store is full
#   Decrease Java heap size (-Xmx/-Xms)
#   Decrease number of Java threads
#   Decrease Java thread stack sizes (-Xss)
#   Set larger code cache with -XX:ReservedCodeCacheSize=
#   JVM is running with Zero Based Compressed Oops mode in which the Java heap is
#     placed in the first 32GB address space. The Java Heap base address is the
#     maximum limit for the native heap growth. Please use -XX:HeapBaseMinAddress
#     to set the Java Heap base and to place the Java Heap above 32GB virtual address.
# This output file may be truncated or incomplete.
#
#  Out of Memory Error (allocation.cpp:389), pid=7916, tid=0x000000000000706c
#
# JRE version: Java(TM) SE Runtime Environment (8.0_451) (build 1.8.0_451-b10)
# Java VM: Java HotSpot(TM) 64-Bit Server VM (25.451-b10 mixed mode windows-amd64 compressed oops)
# Failed to write core dump. Minidumps are not enabled by default on client versions of Windows
#

---------------  T H R E A D  ---------------

Current thread (0x00000172e2b67800):  JavaThread "C2 CompilerThread4" daemon [_thread_in_native, id=28780, stack(0x0000006cc1600000,0x0000006cc1700000)]

Stack: [0x0000006cc1600000,0x0000006cc1700000]
Native frames: (J=compiled Java code, j=interpreted, Vv=VM code, C=native code)
V  [jvm.dll+0x34bd89]
V  [jvm.dll+0x2890f2]
V  [jvm.dll+0x289cc0]
V  [jvm.dll+0x27dc95]
V  [jvm.dll+0xd9dfc]
V  [jvm.dll+0xda78c]
V  [jvm.dll+0x49557d]
V  [jvm.dll+0x458b65]
V  [jvm.dll+0x461e1f]
V  [jvm.dll+0x461212]
V  [jvm.dll+0x44aebc]
V  [jvm.dll+0xaf3e5]
V  [jvm.dll+0xadaff]
V  [jvm.dll+0x24e529]
V  [jvm.dll+0x2a5c5c]
C  [ucrtbase.dll+0x37b0]
C  [KERNEL32.DLL+0x2e8d7]
C  [ntdll.dll+0x8c53c]


Current CompileTask:
C2:  11482 5967       4       lombok.core.AST::buildWithCollection (128 bytes)


---------------  P R O C E S S  ---------------

Java Threads: ( => current thread )
  0x00000172e600a000 JavaThread "Thread-2" daemon [_thread_blocked, id=18288, stack(0x0000006cc2000000,0x0000006cc2100000)]
  0x00000172e2c5c800 JavaThread "Service Thread" daemon [_thread_blocked, id=33924, stack(0x0000006cc1e00000,0x0000006cc1f00000)]
  0x00000172e2b87800 JavaThread "C1 CompilerThread11" daemon [_thread_blocked, id=6268, stack(0x0000006cc1d00000,0x0000006cc1e00000)]
  0x00000172e2b86800 JavaThread "C1 CompilerThread10" daemon [_thread_blocked, id=11764, stack(0x0000006cc1c00000,0x0000006cc1d00000)]
  0x00000172e2b84800 JavaThread "C1 CompilerThread9" daemon [_thread_blocked, id=31520, stack(0x0000006cc1b00000,0x0000006cc1c00000)]
  0x00000172e2b80800 JavaThread "C1 CompilerThread8" daemon [_thread_blocked, id=29208, stack(0x0000006cc1a00000,0x0000006cc1b00000)]
  0x00000172e2b77000 JavaThread "C2 CompilerThread7" daemon [_thread_in_native, id=27700, stack(0x0000006cc1900000,0x0000006cc1a00000)]
  0x00000172e2b72000 JavaThread "C2 CompilerThread6" daemon [_thread_in_native, id=16868, stack(0x0000006cc1800000,0x0000006cc1900000)]
  0x00000172e2b71800 JavaThread "C2 CompilerThread5" daemon [_thread_in_native, id=11840, stack(0x0000006cc1700000,0x0000006cc1800000)]
=>0x00000172e2b67800 JavaThread "C2 CompilerThread4" daemon [_thread_in_native, id=28780, stack(0x0000006cc1600000,0x0000006cc1700000)]
  0x00000172e2b67000 JavaThread "C2 CompilerThread3" daemon [_thread_in_native, id=26540, stack(0x0000006cc1500000,0x0000006cc1600000)]
  0x00000172e2b66000 JavaThread "C2 CompilerThread2" daemon [_thread_in_native, id=30348, stack(0x0000006cc1400000,0x0000006cc1500000)]
  0x00000172e2b63800 JavaThread "C2 CompilerThread1" daemon [_thread_in_native, id=31676, stack(0x0000006cc1300000,0x0000006cc1400000)]
  0x00000172e2b60800 JavaThread "C2 CompilerThread0" daemon [_thread_in_native, id=2688, stack(0x0000006cc1200000,0x0000006cc1300000)]
  0x00000172e2b0e800 JavaThread "Attach Listener" daemon [_thread_blocked, id=31512, stack(0x0000006cc1100000,0x0000006cc1200000)]
  0x00000172e2af7000 JavaThread "Signal Dispatcher" daemon [_thread_blocked, id=15572, stack(0x0000006cc1000000,0x0000006cc1100000)]
  0x00000172e0a8c800 JavaThread "Finalizer" daemon [_thread_blocked, id=21700, stack(0x0000006cc0f00000,0x0000006cc1000000)]
  0x00000172e2ae3000 JavaThread "Reference Handler" daemon [_thread_blocked, id=4684, stack(0x0000006cc0e00000,0x0000006cc0f00000)]
  0x00000172c5a72800 JavaThread "main" [_thread_in_Java, id=28524, stack(0x0000006cbfd00000,0x0000006cbfe00000)]

Other Threads:
  0x00000172e2ac2800 VMThread [stack: 0x0000006cc0d00000,0x0000006cc0e00000] [id=1616]
  0x00000172e2c67800 WatcherThread [stack: 0x0000006cc1f00000,0x0000006cc2000000] [id=22592]

VM state:not at safepoint (normal execution)

VM Mutex/Monitor currently owned by a thread: None

heap address: 0x00000006c4a00000, size: 4022 MB, Compressed Oops mode: Zero based, Oop shift amount: 3
Narrow klass base: 0x0000000000000000, Narrow klass shift: 3
Compressed class space size: 1073741824 Address: 0x00000007c0000000

Heap:
 PSYoungGen      total 103936K, used 55842K [0x000000076c380000, 0x0000000774200000, 0x00000007c0000000)
  eden space 84992K, 49% used [0x000000076c380000,0x000000076ec65478,0x0000000771680000)
  from space 18944K, 73% used [0x0000000772900000,0x00000007736a33c8,0x0000000773b80000)
  to   space 18944K, 0% used [0x0000000771680000,0x0000000771680000,0x0000000772900000)
 ParOldGen       total 120832K, used 18839K [0x00000006c4a00000, 0x00000006cc000000, 0x000000076c380000)
  object space 120832K, 15% used [0x00000006c4a00000,0x00000006c5c65e60,0x00000006cc000000)
 Metaspace       used 30271K, capacity 31530K, committed 31744K, reserved 1077248K
  class space    used 3544K, capacity 3824K, committed 3840K, reserved 1048576K

Card table byte_map: [0x00000172d6af0000,0x00000172d72d0000] byte_map_base: 0x00000172d34cb000

Marking Bits: (ParMarkBitMap*) 0x00007ff851630200
 Begin Bits: [0x00000172d7810000, 0x00000172db6e8000)
 End Bits:   [0x00000172db6e8000, 0x00000172df5c0000)

Polling page: 0x00000172c5e60000

CodeCache: size=245760Kb used=22244Kb max_used=22253Kb free=223515Kb
 bounds [0x00000172c7730000, 0x00000172c8d00000, 0x00000172d6730000]
 total_blobs=6311 nmethods=5852 adapters=368
 compilation: enabled

Compilation events (10 events):
Event: 6.390 Thread 0x00000172e2b84800 nmethod 6405 0x00000172c8cb90d0 code [0x00000172c8cb92a0, 0x00000172c8cb9a20]
Event: 6.390 Thread 0x00000172e2b84800 6407       3       lombok.core.handlers.HandlerUtil::toSetterName (15 bytes)
Event: 6.390 Thread 0x00000172e2b84800 nmethod 6407 0x00000172c8cb4c90 code [0x00000172c8cb4e00, 0x00000172c8cb4f70]
Event: 6.390 Thread 0x00000172e2b84800 6408       1       lombok.javac.JavacAST::getSymbolTable (5 bytes)
Event: 6.390 Thread 0x00000172e2b84800 nmethod 6408 0x00000172c8cb49d0 code [0x00000172c8cb4b20, 0x00000172c8cb4c38]
Event: 6.390 Thread 0x00000172e2b84800 6410       3       lombok.core.handlers.InclusionExclusionUtils$2::compare (13 bytes)
Event: 6.391 Thread 0x00000172e2b80800 nmethod 6406 0x00000172c8cb9c90 code [0x00000172c8cb9e60, 0x00000172c8cba520]
Event: 6.391 Thread 0x00000172e2b84800 nmethod 6410 0x00000172c8cba850 code [0x00000172c8cba9c0, 0x00000172c8cbad30]
Event: 6.391 Thread 0x00000172e2b87800 nmethod 6397 0x00000172c8cbae10 code [0x00000172c8cbb060, 0x00000172c8cbc220]
Event: 6.391 Thread 0x00000172e2b80800 6411       3       lombok.core.handlers.InclusionExclusionUtils$2::compare (94 bytes)

GC Heap History (10 events):
Event: 2.657 GC heap before
{Heap before GC invocations=3 (full 0):
 PSYoungGen      total 75264K, used 73974K [0x000000076c380000, 0x0000000771780000, 0x00000007c0000000)
  eden space 64512K, 98% used [0x000000076c380000,0x0000000770141158,0x0000000770280000)
  from space 10752K, 99% used [0x0000000770d00000,0x000000077177c748,0x0000000771780000)
  to   space 10752K, 0% used [0x0000000770280000,0x0000000770280000,0x0000000770d00000)
 ParOldGen       total 172032K, used 2484K [0x00000006c4a00000, 0x00000006cf200000, 0x000000076c380000)
  object space 172032K, 1% used [0x00000006c4a00000,0x00000006c4c6d360,0x00000006cf200000)
 Metaspace       used 20444K, capacity 21204K, committed 21296K, reserved 1069056K
  class space    used 2492K, capacity 2686K, committed 2688K, reserved 1048576K
Event: 2.664 GC heap after
Heap after GC invocations=3 (full 0):
 PSYoungGen      total 75264K, used 10744K [0x000000076c380000, 0x0000000771780000, 0x00000007c0000000)
  eden space 64512K, 0% used [0x000000076c380000,0x000000076c380000,0x0000000770280000)
  from space 10752K, 99% used [0x0000000770280000,0x0000000770cfe110,0x0000000770d00000)
  to   space 10752K, 0% used [0x0000000770d00000,0x0000000770d00000,0x0000000771780000)
 ParOldGen       total 172032K, used 4578K [0x00000006c4a00000, 0x00000006cf200000, 0x000000076c380000)
  object space 172032K, 2% used [0x00000006c4a00000,0x00000006c4e78a20,0x00000006cf200000)
 Metaspace       used 20444K, capacity 21204K, committed 21296K, reserved 1069056K
  class space    used 2492K, capacity 2686K, committed 2688K, reserved 1048576K
}
Event: 2.664 GC heap before
{Heap before GC invocations=4 (full 1):
 PSYoungGen      total 75264K, used 10744K [0x000000076c380000, 0x0000000771780000, 0x00000007c0000000)
  eden space 64512K, 0% used [0x000000076c380000,0x000000076c380000,0x0000000770280000)
  from space 10752K, 99% used [0x0000000770280000,0x0000000770cfe110,0x0000000770d00000)
  to   space 10752K, 0% used [0x0000000770d00000,0x0000000770d00000,0x0000000771780000)
 ParOldGen       total 172032K, used 4578K [0x00000006c4a00000, 0x00000006cf200000, 0x000000076c380000)
  object space 172032K, 2% used [0x00000006c4a00000,0x00000006c4e78a20,0x00000006cf200000)
 Metaspace       used 20444K, capacity 21204K, committed 21296K, reserved 1069056K
  class space    used 2492K, capacity 2686K, committed 2688K, reserved 1048576K
Event: 2.699 GC heap after
Heap after GC invocations=4 (full 1):
 PSYoungGen      total 75264K, used 0K [0x000000076c380000, 0x0000000771780000, 0x00000007c0000000)
  eden space 64512K, 0% used [0x000000076c380000,0x000000076c380000,0x0000000770280000)
  from space 10752K, 0% used [0x0000000770280000,0x0000000770280000,0x0000000770d00000)
  to   space 10752K, 0% used [0x0000000770d00000,0x0000000770d00000,0x0000000771780000)
 ParOldGen       total 120832K, used 12660K [0x00000006c4a00000, 0x00000006cc000000, 0x000000076c380000)
  object space 120832K, 10% used [0x00000006c4a00000,0x00000006c565d100,0x00000006cc000000)
 Metaspace       used 20444K, capacity 21204K, committed 21296K, reserved 1069056K
  class space    used 2492K, capacity 2686K, committed 2688K, reserved 1048576K
}
Event: 3.827 GC heap before
{Heap before GC invocations=5 (full 1):
 PSYoungGen      total 75264K, used 64512K [0x000000076c380000, 0x0000000771780000, 0x00000007c0000000)
  eden space 64512K, 100% used [0x000000076c380000,0x0000000770280000,0x0000000770280000)
  from space 10752K, 0% used [0x0000000770280000,0x0000000770280000,0x0000000770d00000)
  to   space 10752K, 0% used [0x0000000770d00000,0x0000000770d00000,0x0000000771780000)
 ParOldGen       total 120832K, used 12660K [0x00000006c4a00000, 0x00000006cc000000, 0x000000076c380000)
  object space 120832K, 10% used [0x00000006c4a00000,0x00000006c565d100,0x00000006cc000000)
 Metaspace       used 26884K, capacity 28012K, committed 28160K, reserved 1073152K
  class space    used 3248K, capacity 3518K, committed 3584K, reserved 1048576K
Event: 4.844 GC heap after
Heap after GC invocations=5 (full 1):
 PSYoungGen      total 75264K, used 6827K [0x000000076c380000, 0x0000000772e00000, 0x00000007c0000000)
  eden space 64512K, 0% used [0x000000076c380000,0x000000076c380000,0x0000000770280000)
  from space 10752K, 63% used [0x0000000770d00000,0x00000007713aae38,0x0000000771780000)
  to   space 10752K, 0% used [0x0000000770280000,0x0000000770280000,0x0000000770d00000)
 ParOldGen       total 120832K, used 12668K [0x00000006c4a00000, 0x00000006cc000000, 0x000000076c380000)
  object space 120832K, 10% used [0x00000006c4a00000,0x00000006c565f100,0x00000006cc000000)
 Metaspace       used 26884K, capacity 28012K, committed 28160K, reserved 1073152K
  class space    used 3248K, capacity 3518K, committed 3584K, reserved 1048576K
}
Event: 6.021 GC heap before
{Heap before GC invocations=6 (full 1):
 PSYoungGen      total 75264K, used 71339K [0x000000076c380000, 0x0000000772e00000, 0x00000007c0000000)
  eden space 64512K, 100% used [0x000000076c380000,0x0000000770280000,0x0000000770280000)
  from space 10752K, 63% used [0x0000000770d00000,0x00000007713aae38,0x0000000771780000)
  to   space 10752K, 0% used [0x0000000770280000,0x0000000770280000,0x0000000770d00000)
 ParOldGen       total 120832K, used 12668K [0x00000006c4a00000, 0x00000006cc000000, 0x000000076c380000)
  object space 120832K, 10% used [0x00000006c4a00000,0x00000006c565f100,0x00000006cc000000)
 Metaspace       used 28453K, capacity 29682K, committed 29824K, reserved 1075200K
  class space    used 3351K, capacity 3628K, committed 3712K, reserved 1048576K
Event: 6.027 GC heap after
Heap after GC invocations=6 (full 1):
 PSYoungGen      total 75264K, used 10742K [0x000000076c380000, 0x0000000773b80000, 0x00000007c0000000)
  eden space 64512K, 0% used [0x000000076c380000,0x000000076c380000,0x0000000770280000)
  from space 10752K, 99% used [0x0000000770280000,0x0000000770cfd808,0x0000000770d00000)
  to   space 18944K, 0% used [0x0000000772900000,0x0000000772900000,0x0000000773b80000)
 ParOldGen       total 120832K, used 18831K [0x00000006c4a00000, 0x00000006cc000000, 0x000000076c380000)
  object space 120832K, 15% used [0x00000006c4a00000,0x00000006c5c63e60,0x00000006cc000000)
 Metaspace       used 28453K, capacity 29682K, committed 29824K, reserved 1075200K
  class space    used 3351K, capacity 3628K, committed 3712K, reserved 1048576K
}
Event: 6.339 GC heap before
{Heap before GC invocations=7 (full 1):
 PSYoungGen      total 75264K, used 75254K [0x000000076c380000, 0x0000000773b80000, 0x00000007c0000000)
  eden space 64512K, 100% used [0x000000076c380000,0x0000000770280000,0x0000000770280000)
  from space 10752K, 99% used [0x0000000770280000,0x0000000770cfd808,0x0000000770d00000)
  to   space 18944K, 0% used [0x0000000772900000,0x0000000772900000,0x0000000773b80000)
 ParOldGen       total 120832K, used 18831K [0x00000006c4a00000, 0x00000006cc000000, 0x000000076c380000)
  object space 120832K, 15% used [0x00000006c4a00000,0x00000006c5c63e60,0x00000006cc000000)
 Metaspace       used 30112K, capacity 31372K, committed 31488K, reserved 1077248K
  class space    used 3541K, capacity 3819K, committed 3840K, reserved 1048576K
Event: 6.346 GC heap after
Heap after GC invocations=7 (full 1):
 PSYoungGen      total 103936K, used 13964K [0x000000076c380000, 0x0000000774200000, 0x00000007c0000000)
  eden space 84992K, 0% used [0x000000076c380000,0x000000076c380000,0x0000000771680000)
  from space 18944K, 73% used [0x0000000772900000,0x00000007736a33c8,0x0000000773b80000)
  to   space 18944K, 0% used [0x0000000771680000,0x0000000771680000,0x0000000772900000)
 ParOldGen       total 120832K, used 18839K [0x00000006c4a00000, 0x00000006cc000000, 0x000000076c380000)
  object space 120832K, 15% used [0x00000006c4a00000,0x00000006c5c65e60,0x00000006cc000000)
 Metaspace       used 30112K, capacity 31372K, committed 31488K, reserved 1077248K
  class space    used 3541K, capacity 3819K, committed 3840K, reserved 1048576K
}

Deoptimization events (10 events):
Event: 6.238 Thread 0x00000172c5a72800 Uncommon trap: reason=class_check action=maybe_recompile pc=0x00000172c849b694 method=java.lang.reflect.Field.get(Ljava/lang/Object;)Ljava/lang/Object; @ 45
Event: 6.239 Thread 0x00000172c5a72800 Uncommon trap: reason=class_check action=maybe_recompile pc=0x00000172c849b694 method=java.lang.reflect.Field.get(Ljava/lang/Object;)Ljava/lang/Object; @ 45
Event: 6.241 Thread 0x00000172c5a72800 Uncommon trap: reason=class_check action=maybe_recompile pc=0x00000172c866a76c method=java.util.regex.Pattern$Branch.match(Ljava/util/regex/Matcher;ILjava/lang/CharSequence;)Z @ 50
Event: 6.241 Thread 0x00000172c5a72800 Uncommon trap: reason=class_check action=maybe_recompile pc=0x00000172c866a76c method=java.util.regex.Pattern$Branch.match(Ljava/util/regex/Matcher;ILjava/lang/CharSequence;)Z @ 50
Event: 6.241 Thread 0x00000172c5a72800 Uncommon trap: reason=class_check action=maybe_recompile pc=0x00000172c866a76c method=java.util.regex.Pattern$Branch.match(Ljava/util/regex/Matcher;ILjava/lang/CharSequence;)Z @ 50
Event: 6.241 Thread 0x00000172c5a72800 Uncommon trap: reason=class_check action=maybe_recompile pc=0x00000172c866a76c method=java.util.regex.Pattern$Branch.match(Ljava/util/regex/Matcher;ILjava/lang/CharSequence;)Z @ 50
Event: 6.241 Thread 0x00000172c5a72800 Uncommon trap: reason=predicate action=maybe_recompile pc=0x00000172c7fe1cb0 method=java.util.TimSort.binarySort([Ljava/lang/Object;IIILjava/util/Comparator;)V @ 76
Event: 6.263 Thread 0x00000172c5a72800 Uncommon trap: reason=unstable_if action=reinterpret pc=0x00000172c7be9abc method=com.sun.tools.javac.code.Scope.lookup(Lcom/sun/tools/javac/util/Name;Lcom/sun/tools/javac/util/Filter;)Lcom/sun/tools/javac/code/Scope$Entry; @ 19
Event: 6.312 Thread 0x00000172c5a72800 Uncommon trap: reason=unstable_if action=reinterpret pc=0x00000172c81aac80 method=java.util.regex.Pattern$BitClass.isSatisfiedBy(I)Z @ 4
Event: 6.317 Thread 0x00000172c5a72800 Uncommon trap: reason=unstable_if action=reinterpret pc=0x00000172c7e6a4e8 method=com.sun.tools.javac.code.Scope.dble()V @ 113

Classes redefined (0 events):
No events

Internal exceptions (10 events):
Event: 2.056 Thread 0x00000172c5a72800 Implicit null exception at 0x00000172c8272bc3 to 0x00000172c8272e0d
Event: 2.298 Thread 0x00000172c5a72800 Implicit null exception at 0x00000172c83e9ae8 to 0x00000172c83ea03d
Event: 2.603 Thread 0x00000172c5a72800 Implicit null exception at 0x00000172c7da0895 to 0x00000172c7da0a99
Event: 2.604 Thread 0x00000172c5a72800 Implicit null exception at 0x00000172c7ce08af to 0x00000172c7ce0919
Event: 2.741 Thread 0x00000172c5a72800 Implicit null exception at 0x00000172c8556b89 to 0x00000172c8556f89
Event: 2.770 Thread 0x00000172c5a72800 Implicit null exception at 0x00000172c7e05498 to 0x00000172c7e05526
Event: 3.309 Thread 0x00000172c5a72800 Exception <a 'java/lang/ClassNotFoundException': com/sun/tools/javac/api/JavacTool> (0x000000076f010f00) thrown at [C:\jenkins\workspace\8-2-build-windows-x64-cygwin-sans-NAS\jdk8u451\1832\hotspot\src\share\vm\classfile\systemDictionary.cpp, line 213]
Event: 4.951 Thread 0x00000172c5a72800 Exception <a 'java/io/FileNotFoundException'> (0x000000076cc3c190) thrown at [C:\jenkins\workspace\8-2-build-windows-x64-cygwin-sans-NAS\jdk8u451\1832\hotspot\src\share\vm\prims\jni.cpp, line 710]
Event: 5.978 Thread 0x00000172c5a72800 Implicit null exception at 0x00000172c8202af3 to 0x00000172c8202f19
Event: 5.981 Thread 0x00000172c5a72800 Implicit null exception at 0x00000172c81c2195 to 0x00000172c81c2395

Events (10 events):
Event: 6.312 Thread 0x00000172c5a72800 DEOPT UNPACKING pc=0x00000172c77758c3 sp=0x0000006cbfdfc840 mode 2
Event: 6.317 Thread 0x00000172c5a72800 Uncommon trap: trap_request=0xffffff65 fr.pc=0x00000172c7e6a4e8
Event: 6.317 Thread 0x00000172c5a72800 DEOPT PACKING pc=0x00000172c7e6a4e8 sp=0x0000006cbfdfc940
Event: 6.317 Thread 0x00000172c5a72800 DEOPT UNPACKING pc=0x00000172c77758c3 sp=0x0000006cbfdfc868 mode 2
Event: 6.339 Executing VM operation: ParallelGCFailedAllocation
Event: 6.346 Executing VM operation: ParallelGCFailedAllocation done
Event: 6.347 Executing VM operation: RevokeBias
Event: 6.347 Executing VM operation: RevokeBias done
Event: 6.347 Executing VM operation: RevokeBias
Event: 6.347 Executing VM operation: RevokeBias done


Dynamic libraries:
0x00007ff7e8ad0000 - 0x00007ff7e8b1f000 	C:\Users\l1816\JDK\jdk1.8\bin\java.exe
0x00007ff8fcd40000 - 0x00007ff8fcfa8000 	C:\WINDOWS\SYSTEM32\ntdll.dll
0x00007ff8fb9a0000 - 0x00007ff8fba69000 	C:\WINDOWS\System32\KERNEL32.DLL
0x00007ff8fa430000 - 0x00007ff8fa828000 	C:\WINDOWS\System32\KERNELBASE.dll
0x00007ff8fadb0000 - 0x00007ff8fae64000 	C:\WINDOWS\System32\ADVAPI32.dll
0x00007ff8fbe00000 - 0x00007ff8fbea9000 	C:\WINDOWS\System32\msvcrt.dll
0x00007ff8fba70000 - 0x00007ff8fbb16000 	C:\WINDOWS\System32\sechost.dll
0x00007ff8fb170000 - 0x00007ff8fb288000 	C:\WINDOWS\System32\RPCRT4.dll
0x00007ff8fb350000 - 0x00007ff8fb517000 	C:\WINDOWS\System32\USER32.dll
0x00007ff8f9e90000 - 0x00007ff8f9eb7000 	C:\WINDOWS\System32\win32u.dll
0x00007ff8fb290000 - 0x00007ff8fb2bb000 	C:\WINDOWS\System32\GDI32.dll
0x00007ff8fa240000 - 0x00007ff8fa36c000 	C:\WINDOWS\System32\gdi32full.dll
0x00007ff8fa980000 - 0x00007ff8faa23000 	C:\WINDOWS\System32\msvcp_win.dll
0x00007ff8fa830000 - 0x00007ff8fa97b000 	C:\WINDOWS\System32\ucrtbase.dll
0x00007ff8d8ab0000 - 0x00007ff8d8d44000 	C:\WINDOWS\WinSxS\amd64_microsoft.windows.common-controls_6595b64144ccf1df_6.0.26100.7019_none_3e06ffa0e335b8a8\COMCTL32.dll
0x00007ff8fbb20000 - 0x00007ff8fbb51000 	C:\WINDOWS\System32\IMM32.DLL
0x00007ff8f4880000 - 0x00007ff8f489b000 	C:\Users\l1816\JDK\jdk1.8\jre\bin\vcruntime140.dll
0x00007ff8f4820000 - 0x00007ff8f482c000 	C:\Users\l1816\JDK\jdk1.8\jre\bin\vcruntime140_1.dll
0x00007ff8e82a0000 - 0x00007ff8e832e000 	C:\Users\l1816\JDK\jdk1.8\jre\bin\msvcp140.dll
0x00007ff850e00000 - 0x00007ff8516aa000 	C:\Users\l1816\JDK\jdk1.8\jre\bin\server\jvm.dll
0x00007ff8fbb60000 - 0x00007ff8fbb68000 	C:\WINDOWS\System32\PSAPI.DLL
0x00007ff8f3720000 - 0x00007ff8f3755000 	C:\WINDOWS\SYSTEM32\WINMM.dll
0x00007ff8ea360000 - 0x00007ff8ea36b000 	C:\WINDOWS\SYSTEM32\VERSION.dll
0x00007ff8cf3d0000 - 0x00007ff8cf3da000 	C:\WINDOWS\SYSTEM32\WSOCK32.dll
0x00007ff8fbd80000 - 0x00007ff8fbdf4000 	C:\WINDOWS\System32\WS2_32.dll
0x00007ff8f8c50000 - 0x00007ff8f8c6b000 	C:\WINDOWS\SYSTEM32\kernel.appcore.dll
0x00007ff8f47f0000 - 0x00007ff8f4800000 	C:\Users\l1816\JDK\jdk1.8\jre\bin\verify.dll
0x00007ff8ea4b0000 - 0x00007ff8ea4db000 	C:\Users\l1816\JDK\jdk1.8\jre\bin\java.dll
0x00007ff8e84b0000 - 0x00007ff8e84c8000 	C:\Users\l1816\JDK\jdk1.8\jre\bin\zip.dll
0x00007ff8fc090000 - 0x00007ff8fc7df000 	C:\WINDOWS\System32\SHELL32.dll
0x00007ff8f9f50000 - 0x00007ff8fa0bb000 	C:\WINDOWS\System32\wintypes.dll
0x00007ff8fb520000 - 0x00007ff8fb8ab000 	C:\WINDOWS\System32\combase.dll
0x00007ff8f7a80000 - 0x00007ff8f82dd000 	C:\WINDOWS\SYSTEM32\windows.storage.dll
0x00007ff8fae90000 - 0x00007ff8faf82000 	C:\WINDOWS\System32\SHCORE.dll
0x00007ff8faae0000 - 0x00007ff8fab47000 	C:\WINDOWS\System32\shlwapi.dll
0x00007ff8f9db0000 - 0x00007ff8f9dd9000 	C:\WINDOWS\SYSTEM32\profapi.dll
0x00007ff8e8450000 - 0x00007ff8e846c000 	C:\Users\l1816\JDK\jdk1.8\jre\bin\net.dll
0x00007ff8f91c0000 - 0x00007ff8f922b000 	C:\WINDOWS\system32\mswsock.dll
0x00007ff8e83c0000 - 0x00007ff8e83d3000 	C:\Users\l1816\JDK\jdk1.8\jre\bin\nio.dll
0x00007ff8e8390000 - 0x00007ff8e83b4000 	E:\Programe\Maven\apache-maven-3.9.10\lib\jansi-native\Windows\x86_64\jansi.dll
0x00007ff8f7200000 - 0x00007ff8f7442000 	C:\WINDOWS\SYSTEM32\dbghelp.dll
0x00007ff8fb8b0000 - 0x00007ff8fb987000 	C:\WINDOWS\System32\OLEAUT32.dll
0x00007ff8faa30000 - 0x00007ff8faad5000 	C:\WINDOWS\System32\bcryptPrimitives.dll

VM Arguments:
jvm_args: -Dclassworlds.conf=E:\Programe\Maven\apache-maven-3.9.10\bin\m2.conf -Dmaven.home=E:\Programe\Maven\apache-maven-3.9.10 -Dlibrary.jansi.path=E:\Programe\Maven\apache-maven-3.9.10\lib\jansi-native -Dmaven.multiModuleProjectDirectory=E:\×ÜÎÄĽţĽĐ\Ç°¶Ë×÷Ć·ĽŻ\ÖÇÄÜĘµŃéĘŇÔ¤ÔĽÓëÉč±¸ąÜŔíĎµÍł\backend 
java_command: org.codehaus.plexus.classworlds.launcher.Launcher clean compile
java_class_path (initial): E:\Programe\Maven\apache-maven-3.9.10\boot\plexus-classworlds-2.9.0.jar
Launcher Type: SUN_STANDARD

Environment Variables:
JAVA_HOME=C:\Users\l1816\JDK\jdk1.8
PATH=c:\Users\l1816\AppData\Local\Programs\cursor\resources\app\bin;C:\Program Files (x86)\Common Files\Oracle\Java\java8path;C:\Program Files (x86)\Common Files\Oracle\Java\javapath;c:\Users\l1816\AppData\Local\Programs\cursor\resources\app\bin;c:\Users\l1816\AppData\Local\Programs\cursor\resources\app\bin;C:\Program Files (x86)\VMware\VMware Workstation\bin\;C:\Windows\system32;C:\Windows;C:\Windows\System32\Wbem;C:\Windows\System32\WindowsPowerShell\v1.0\;C:\Windows\System32\OpenSSH\;C:\Program Files\Microsoft SQL Server\150\Tools\Binn\;C:\Program Files\dotnet\;C:\Program Files (x86)\Windows Kits\10\Windows Performance Toolkit\;C:\Âł´óĘ¦ĘĐłˇ\mingw64\bin;c:\U;ers\l1816\AppData\Local\Programs\cursor\resources\app\bin;C:\WINDOWS\system32;C:\WINDOWS;C:\WINDOWS\System32\Wbem;C:\WINDOWS\System32\WindowsPowerShell\v1.0\;C:\WINDOWS\System32\OpenSSH\;C:\Program File;C:\MySQL\MySQL Server 8.0\bin;C:\Program Files\Git\cmd;C:\Program Files (x86)\Tencent\Î˘ĐĹwebżŞ·˘Őßą¤ľß\dll;C:\Users\l1816\NVM\nvm;C:\Program Files\nodejs;C:\Program Files\nodejs\;C:\Python27;C:\Python27\Scripts;C:\Program Files\nodejs;C:\Program Files\AskLink;E:\programe\oracle\dbhomexe\bin;E:\Programe\Maven\apache-maven-3.9.10\bin;C:\strawberry\c\bin;C:\strawberry\perl\bin;E:\Programe\loadrunner12\loadrunner12\strawberry-perl\perl\bin;E:\Programe\Cursor\cursor\resources\app\bin;e:\Programe\Trae\Trae CN\bin;C:\MySQL\MySQL Shell 8.0\bin\;C:\Users\l1816\AppData\Local\Microsoft\WindowsApps;C:\Users\l1816\.dotnet\tools;C:\Users\l1816\AppData\Local\Programs\Microsoft VS Code\bin;C:\Program Files\JetBrains\PyCharm Community Edition 2023.3.4\bin;;C:\Users\l1816\NVM\nvm;C:\Program Files\nodejs;E:\Programe\IDEA\IntelliJ IDEA 2025.2.4\bin;E:\Programe\windsurf\Windsurf\bin
USERNAME=l1816
OS=Windows_NT
PROCESSOR_IDENTIFIER=Intel64 Family 6 Model 154 Stepping 3, GenuineIntel



---------------  S Y S T E M  ---------------

OS: Windows 11 , 64 bit Build 26100 (10.0.26100.7019)

CPU:total 20 (initial active 20) (10 cores per cpu, 2 threads per core) family 6 model 154 stepping 3, cmov, cx8, fxsr, mmx, sse, sse2, sse3, ssse3, sse4.1, sse4.2, popcnt, avx, avx2, aes, clmul, erms, 3dnowpref, lzcnt, ht, tsc, tscinvbit, bmi1, bmi2, adx

Memory: 4k page, physical 16467832k(2972192k free), swap 20399860k(5660k free)

vm_info: Java HotSpot(TM) 64-Bit Server VM (25.451-b10) for windows-amd64 JRE (1.8.0_451-b10), built on Apr  5 2025 03:18:54 by "java_re" with MS VC++ 17.6 (VS2022)

time: Thu Dec 25 16:32:05 2025
timezone: Intel64 Family 6 Model 154 Stepping 3, GenuineIntel
elapsed time: 11.491467 seconds (0d 0h 0m 11s)

