#
# There is insufficient memory for the Java Runtime Environment to continue.
# Native memory allocation (malloc) failed to allocate 299696 bytes for Chunk::new
# Possible reasons:
#   The system is out of physical RAM or swap space
#   The process is running with CompressedOops enabled, and the Java Heap may be blocking the growth of the native heap
# Possible solutions:
#   Reduce memory load on the system
#   Increase physical memory or swap space
#   Check if swap backing store is full
#   Decrease Java heap size (-Xmx/-Xms)
#   Decrease number of Java threads
#   Decrease Java thread stack sizes (-Xss)
#   Set larger code cache with -XX:ReservedCodeCacheSize=
#   JVM is running with Zero Based Compressed Oops mode in which the Java heap is
#     placed in the first 32GB address space. The Java Heap base address is the
#     maximum limit for the native heap growth. Please use -XX:HeapBaseMinAddress
#     to set the Java Heap base and to place the Java Heap above 32GB virtual address.
# This output file may be truncated or incomplete.
#
#  Out of Memory Error (allocation.cpp:389), pid=18168, tid=0x00000000000034e8
#
# JRE version: Java(TM) SE Runtime Environment (8.0_451) (build 1.8.0_451-b10)
# Java VM: Java HotSpot(TM) 64-Bit Server VM (25.451-b10 mixed mode windows-amd64 compressed oops)
# Failed to write core dump. Minidumps are not enabled by default on client versions of Windows
#

---------------  T H R E A D  ---------------

Current thread (0x00000243d79ab000):  JavaThread "C2 CompilerThread6" daemon [_thread_in_native, id=13544, stack(0x000000d239900000,0x000000d239a00000)]

Stack: [0x000000d239900000,0x000000d239a00000]
Native frames: (J=compiled Java code, j=interpreted, Vv=VM code, C=native code)
V  [jvm.dll+0x34bd89]
V  [jvm.dll+0x2890f2]
V  [jvm.dll+0x289cc0]
V  [jvm.dll+0x27dc95]
V  [jvm.dll+0xd9dfc]
V  [jvm.dll+0xda78c]
V  [jvm.dll+0x49557d]
V  [jvm.dll+0x458a3b]
V  [jvm.dll+0x461e1f]
V  [jvm.dll+0x461212]
V  [jvm.dll+0x44aebc]
V  [jvm.dll+0xaf3e5]
V  [jvm.dll+0xadaff]
V  [jvm.dll+0x24e529]
V  [jvm.dll+0x2a5c5c]
C  [ucrtbase.dll+0x37b0]
C  [KERNEL32.DLL+0x2e8d7]
C  [ntdll.dll+0x8c53c]


Current CompileTask:
C2:   9499  878   !   4       sun.nio.cs.StreamDecoder::read0 (116 bytes)


---------------  P R O C E S S  ---------------

Java Threads: ( => current thread )
  0x00000243d7a33000 JavaThread "Service Thread" daemon [_thread_blocked, id=9828, stack(0x000000d239f00000,0x000000d23a000000)]
  0x00000243d79c2800 JavaThread "C1 CompilerThread11" daemon [_thread_blocked, id=30992, stack(0x000000d239e00000,0x000000d239f00000)]
  0x00000243d79b8800 JavaThread "C1 CompilerThread10" daemon [_thread_blocked, id=30364, stack(0x000000d239d00000,0x000000d239e00000)]
  0x00000243d79b6800 JavaThread "C1 CompilerThread9" daemon [_thread_in_native, id=28352, stack(0x000000d239c00000,0x000000d239d00000)]
  0x00000243d79b1800 JavaThread "C1 CompilerThread8" daemon [_thread_blocked, id=25224, stack(0x000000d239b00000,0x000000d239c00000)]
  0x00000243d79b0000 JavaThread "C2 CompilerThread7" daemon [_thread_blocked, id=7352, stack(0x000000d239a00000,0x000000d239b00000)]
=>0x00000243d79ab000 JavaThread "C2 CompilerThread6" daemon [_thread_in_native, id=13544, stack(0x000000d239900000,0x000000d239a00000)]
  0x00000243d79a2000 JavaThread "C2 CompilerThread5" daemon [_thread_blocked, id=26852, stack(0x000000d239800000,0x000000d239900000)]
  0x00000243d799f800 JavaThread "C2 CompilerThread4" daemon [_thread_blocked, id=30040, stack(0x000000d239700000,0x000000d239800000)]
  0x00000243d7994800 JavaThread "C2 CompilerThread3" daemon [_thread_blocked, id=4152, stack(0x000000d239600000,0x000000d239700000)]
  0x00000243d7994000 JavaThread "C2 CompilerThread2" daemon [_thread_blocked, id=30052, stack(0x000000d239500000,0x000000d239600000)]
  0x00000243d7975000 JavaThread "C2 CompilerThread1" daemon [_thread_blocked, id=29140, stack(0x000000d239400000,0x000000d239500000)]
  0x00000243d7973800 JavaThread "C2 CompilerThread0" daemon [_thread_blocked, id=14056, stack(0x000000d239300000,0x000000d239400000)]
  0x00000243d7904800 JavaThread "Attach Listener" daemon [_thread_blocked, id=4060, stack(0x000000d239200000,0x000000d239300000)]
  0x00000243d791d800 JavaThread "Signal Dispatcher" daemon [_thread_blocked, id=1300, stack(0x000000d239100000,0x000000d239200000)]
  0x00000243d5794800 JavaThread "Finalizer" daemon [_thread_blocked, id=24088, stack(0x000000d239000000,0x000000d239100000)]
  0x00000243d78f3000 JavaThread "Reference Handler" daemon [_thread_blocked, id=9812, stack(0x000000d238f00000,0x000000d239000000)]
  0x00000243baad0000 JavaThread "main" [_thread_blocked, id=1608, stack(0x000000d237e00000,0x000000d237f00000)]

Other Threads:
  0x00000243d5781800 VMThread [stack: 0x000000d238e00000,0x000000d238f00000] [id=30908]
  0x00000243d7a55000 WatcherThread [stack: 0x000000d23a000000,0x000000d23a100000] [id=14896]

VM state:not at safepoint (normal execution)

VM Mutex/Monitor currently owned by a thread: None

heap address: 0x00000006c4a00000, size: 4022 MB, Compressed Oops mode: Zero based, Oop shift amount: 3
Narrow klass base: 0x0000000000000000, Narrow klass shift: 3
Compressed class space size: 1073741824 Address: 0x00000007c0000000

Heap:
 PSYoungGen      total 75264K, used 38710K [0x000000076c380000, 0x0000000771780000, 0x00000007c0000000)
  eden space 64512K, 60% used [0x000000076c380000,0x000000076e94d870,0x0000000770280000)
  from space 10752K, 0% used [0x0000000770d00000,0x0000000770d00000,0x0000000771780000)
  to   space 10752K, 0% used [0x0000000770280000,0x0000000770280000,0x0000000770d00000)
 ParOldGen       total 172032K, used 0K [0x00000006c4a00000, 0x00000006cf200000, 0x000000076c380000)
  object space 172032K, 0% used [0x00000006c4a00000,0x00000006c4a00000,0x00000006cf200000)
 Metaspace       used 10328K, capacity 10618K, committed 11008K, reserved 1058816K
  class space    used 1283K, capacity 1409K, committed 1536K, reserved 1048576K

Card table byte_map: [0x00000243cb9f0000,0x00000243cc1d0000] byte_map_base: 0x00000243c83cb000

Marking Bits: (ParMarkBitMap*) 0x00007ff9e71c0200
 Begin Bits: [0x00000243cc710000, 0x00000243d05e8000)
 End Bits:   [0x00000243d05e8000, 0x00000243d44c0000)

Polling page: 0x00000243baa70000

CodeCache: size=245760Kb used=5503Kb max_used=5503Kb free=240256Kb
 bounds [0x00000243bc630000, 0x00000243bcba0000, 0x00000243cb630000]
 total_blobs=1295 nmethods=939 adapters=266
 compilation: enabled

Compilation events (10 events):
Event: 4.351 Thread 0x00000243d79b1800  885       3       org.eclipse.sisu.plexus.PlexusXmlScanner::TEXT (10 bytes)
Event: 4.351 Thread 0x00000243d79c2800  886       3       org.codehaus.plexus.util.xml.pull.MXParser::nextText (107 bytes)
Event: 4.351 Thread 0x00000243d79b1800 nmethod 885 0x00000243bcb21d90 code [0x00000243bcb21f00, 0x00000243bcb22180]
Event: 4.353 Thread 0x00000243d79c2800 nmethod 886 0x00000243bcb39790 code [0x00000243bcb39a00, 0x00000243bcb3a7b0]
Event: 5.363 Thread 0x00000243d7994800 nmethod 860 0x00000243bcb47bd0 code [0x00000243bcb47e80, 0x00000243bcb4a2e8]
Event: 5.363 Thread 0x00000243d79b0000 nmethod 859 0x00000243bcb4ef50 code [0x00000243bcb4f200, 0x00000243bcb51808]
Event: 5.366 Thread 0x00000243d7975000  887       4       org.codehaus.plexus.util.xml.pull.MXParser::nextImpl (1208 bytes)
Event: 5.367 Thread 0x00000243d79a2000  888       4       sun.misc.URLClassPath::getResource (83 bytes)
Event: 5.371 Thread 0x00000243d79b8800  889       1       org.codehaus.plexus.util.xml.pull.MXParser::getDepth (5 bytes)
Event: 5.371 Thread 0x00000243d79b8800 nmethod 889 0x00000243bcb35150 code [0x00000243bcb352a0, 0x00000243bcb353b8]

GC Heap History (0 events):
No events

Deoptimization events (4 events):
Event: 1.849 Thread 0x00000243baad0000 Uncommon trap: reason=loop_limit_check action=maybe_recompile pc=0x00000243bc96fca0 method=java.lang.String.equals(Ljava/lang/Object;)Z @ 56
Event: 1.985 Thread 0x00000243baad0000 Uncommon trap: reason=loop_limit_check action=maybe_recompile pc=0x00000243bc9b9738 method=java.lang.String.indexOf([CII[CIII)I @ 79
Event: 2.130 Thread 0x00000243baad0000 Uncommon trap: reason=unstable_if action=reinterpret pc=0x00000243bc9f81f8 method=java.lang.String.indexOf([CII[CIII)I @ 3
Event: 2.288 Thread 0x00000243baad0000 Uncommon trap: reason=unstable_if action=reinterpret pc=0x00000243bca1eba8 method=org.codehaus.plexus.util.xml.pull.MXParser.more()C @ 8

Classes redefined (0 events):
No events

Internal exceptions (10 events):
Event: 1.972 Thread 0x00000243baad0000 Exception <a 'sun/nio/fs/WindowsException'> (0x000000076cf5e4d8) thrown at [C:\jenkins\workspace\8-2-build-windows-x64-cygwin-sans-NAS\jdk8u451\1832\hotspot\src\share\vm\prims\jni.cpp, line 710]
Event: 1.972 Thread 0x00000243baad0000 Exception <a 'sun/nio/fs/WindowsException'> (0x000000076cf5eb90) thrown at [C:\jenkins\workspace\8-2-build-windows-x64-cygwin-sans-NAS\jdk8u451\1832\hotspot\src\share\vm\prims\jni.cpp, line 710]
Event: 1.972 Thread 0x00000243baad0000 Exception <a 'sun/nio/fs/WindowsException'> (0x000000076cf5f1c0) thrown at [C:\jenkins\workspace\8-2-build-windows-x64-cygwin-sans-NAS\jdk8u451\1832\hotspot\src\share\vm\prims\jni.cpp, line 710]
Event: 1.972 Thread 0x00000243baad0000 Exception <a 'sun/nio/fs/WindowsException'> (0x000000076cf5f7a8) thrown at [C:\jenkins\workspace\8-2-build-windows-x64-cygwin-sans-NAS\jdk8u451\1832\hotspot\src\share\vm\prims\jni.cpp, line 710]
Event: 2.040 Thread 0x00000243baad0000 Exception <a 'java/lang/NoSuchMethodError': java.lang.Object.lambda$identity$2(Ljava/lang/Object;)Ljava/lang/Object;> (0x000000076d28d3b0) thrown at [C:\jenkins\workspace\8-2-build-windows-x64-cygwin-sans-NAS\jdk8u451\1832\hotspot\src\share\vm\interpreter
Event: 2.045 Thread 0x00000243baad0000 Exception <a 'java/lang/NoSuchMethodError': java.lang.Object.lambda$andThen$1(Ljava/util/function/Function;Ljava/lang/Object;)Ljava/lang/Object;> (0x000000076d2b0f00) thrown at [C:\jenkins\workspace\8-2-build-windows-x64-cygwin-sans-NAS\jdk8u451\1832\hots
Event: 2.223 Thread 0x00000243baad0000 Exception <a 'java/lang/NoSuchMethodError': java.lang.Object.lambda$comparing$77a9974f$1(Ljava/util/function/Function;Ljava/lang/Object;Ljava/lang/Object;)I> (0x000000076dc96848) thrown at [C:\jenkins\workspace\8-2-build-windows-x64-cygwin-sans-NAS\jdk8u4
Event: 2.224 Thread 0x00000243baad0000 Exception <a 'java/lang/NoSuchMethodError': java.lang.Object.lambda$comparing$ea9a8b3a$1(Ljava/util/Comparator;Ljava/util/function/Function;Ljava/lang/Object;Ljava/lang/Object;)I> (0x000000076dca8480) thrown at [C:\jenkins\workspace\8-2-build-windows-x64-
Event: 2.225 Thread 0x00000243baad0000 Exception <a 'java/lang/NoSuchMethodError': java.lang.Object.lambda$thenComparing$36697e65$1(Ljava/util/Comparator;Ljava/lang/Object;Ljava/lang/Object;)I> (0x000000076dcb02e0) thrown at [C:\jenkins\workspace\8-2-build-windows-x64-cygwin-sans-NAS\jdk8u451\
Event: 2.284 Thread 0x00000243baad0000 Exception <a 'java/lang/NoClassDefFoundError': javax/enterprise/inject/Typed> (0x000000076e0aa3a8) thrown at [C:\jenkins\workspace\8-2-build-windows-x64-cygwin-sans-NAS\jdk8u451\1832\hotspot\src\share\vm\classfile\systemDictionary.cpp, line 202]

Events (10 events):
Event: 5.763 Executing VM operation: EnableBiasedLocking
Event: 5.763 Executing VM operation: EnableBiasedLocking done
Event: 6.388 loading class org/apache/maven/artifact/handler/ArtifactHandler
Event: 6.388 loading class org/apache/maven/artifact/handler/ArtifactHandler done
Event: 6.391 loading class org/apache/maven/Maven
Event: 6.391 loading class org/apache/maven/Maven done
Event: 6.392 loading class org/apache/maven/ProjectDependenciesResolver
Event: 6.392 loading class org/apache/maven/ProjectDependenciesResolver done
Event: 6.392 loading class org/apache/maven/artifact/factory/ArtifactFactory
Event: 6.392 loading class org/apache/maven/artifact/factory/ArtifactFactory done


Dynamic libraries:
0x00007ff712180000 - 0x00007ff7121cf000 	C:\Users\l1816\JDK\jdk1.8\bin\java.exe
0x00007ffa65a40000 - 0x00007ffa65ca8000 	C:\WINDOWS\SYSTEM32\ntdll.dll
0x00007ffa64b80000 - 0x00007ffa64c49000 	C:\WINDOWS\System32\KERNEL32.DLL
0x00007ffa62b90000 - 0x00007ffa62f88000 	C:\WINDOWS\System32\KERNELBASE.dll
0x00007ffa637e0000 - 0x00007ffa63894000 	C:\WINDOWS\System32\ADVAPI32.dll
0x00007ffa638a0000 - 0x00007ffa63949000 	C:\WINDOWS\System32\msvcrt.dll
0x00007ffa65010000 - 0x00007ffa650b6000 	C:\WINDOWS\System32\sechost.dll
0x00007ffa64cd0000 - 0x00007ffa64de8000 	C:\WINDOWS\System32\RPCRT4.dll
0x00007ffa648e0000 - 0x00007ffa64aa7000 	C:\WINDOWS\System32\USER32.dll
0x00007ffa633b0000 - 0x00007ffa633d7000 	C:\WINDOWS\System32\win32u.dll
0x00007ffa639b0000 - 0x00007ffa639db000 	C:\WINDOWS\System32\GDI32.dll
0x00007ffa636b0000 - 0x00007ffa637dc000 	C:\WINDOWS\System32\gdi32full.dll
0x00007ffa63550000 - 0x00007ffa635f3000 	C:\WINDOWS\System32\msvcp_win.dll
0x00007ffa63020000 - 0x00007ffa6316b000 	C:\WINDOWS\System32\ucrtbase.dll
0x00007ffa3e150000 - 0x00007ffa3e3e4000 	C:\WINDOWS\WinSxS\amd64_microsoft.windows.common-controls_6595b64144ccf1df_6.0.26100.7019_none_3e06ffa0e335b8a8\COMCTL32.dll
0x00007ffa65820000 - 0x00007ffa65851000 	C:\WINDOWS\System32\IMM32.DLL
0x00007ffa36df0000 - 0x00007ffa36e0b000 	C:\Users\l1816\JDK\jdk1.8\jre\bin\vcruntime140.dll
0x00007ffa525d0000 - 0x00007ffa525dc000 	C:\Users\l1816\JDK\jdk1.8\jre\bin\vcruntime140_1.dll
0x00007ffa26250000 - 0x00007ffa262de000 	C:\Users\l1816\JDK\jdk1.8\jre\bin\msvcp140.dll
0x00007ff9e6990000 - 0x00007ff9e723a000 	C:\Users\l1816\JDK\jdk1.8\jre\bin\server\jvm.dll
0x00007ffa64b40000 - 0x00007ffa64b48000 	C:\WINDOWS\System32\PSAPI.DLL
0x00007ffa5b740000 - 0x00007ffa5b775000 	C:\WINDOWS\SYSTEM32\WINMM.dll
0x00007ffa47170000 - 0x00007ffa4717a000 	C:\WINDOWS\SYSTEM32\WSOCK32.dll
0x00007ffa5a360000 - 0x00007ffa5a36b000 	C:\WINDOWS\SYSTEM32\VERSION.dll
0x00007ffa64ac0000 - 0x00007ffa64b34000 	C:\WINDOWS\System32\WS2_32.dll
0x00007ffa61950000 - 0x00007ffa6196b000 	C:\WINDOWS\SYSTEM32\kernel.appcore.dll
0x00007ffa3fdd0000 - 0x00007ffa3fde0000 	C:\Users\l1816\JDK\jdk1.8\jre\bin\verify.dll
0x00007ffa274e0000 - 0x00007ffa2750b000 	C:\Users\l1816\JDK\jdk1.8\jre\bin\java.dll
0x00007ffa35e90000 - 0x00007ffa35ea8000 	C:\Users\l1816\JDK\jdk1.8\jre\bin\zip.dll
0x00007ffa650c0000 - 0x00007ffa6580f000 	C:\WINDOWS\System32\SHELL32.dll
0x00007ffa633e0000 - 0x00007ffa6354b000 	C:\WINDOWS\System32\wintypes.dll
0x00007ffa63d30000 - 0x00007ffa640bb000 	C:\WINDOWS\System32\combase.dll
0x00007ffa60780000 - 0x00007ffa60fdd000 	C:\WINDOWS\SYSTEM32\windows.storage.dll
0x00007ffa658f0000 - 0x00007ffa659e2000 	C:\WINDOWS\System32\SHCORE.dll
0x00007ffa63cc0000 - 0x00007ffa63d27000 	C:\WINDOWS\System32\shlwapi.dll
0x00007ffa62ab0000 - 0x00007ffa62ad9000 	C:\WINDOWS\SYSTEM32\profapi.dll
0x00007ffa35c20000 - 0x00007ffa35c3c000 	C:\Users\l1816\JDK\jdk1.8\jre\bin\net.dll
0x00007ffa61ec0000 - 0x00007ffa61f2b000 	C:\WINDOWS\system32\mswsock.dll
0x00007ffa35bd0000 - 0x00007ffa35be3000 	C:\Users\l1816\JDK\jdk1.8\jre\bin\nio.dll
0x00007ffa27620000 - 0x00007ffa27644000 	E:\Programe\Maven\apache-maven-3.9.10\lib\jansi-native\Windows\x86_64\jansi.dll
0x00007ffa5f8e0000 - 0x00007ffa5fb22000 	C:\WINDOWS\SYSTEM32\dbghelp.dll
0x00007ffa64730000 - 0x00007ffa64807000 	C:\WINDOWS\System32\OLEAUT32.dll
0x00007ffa63600000 - 0x00007ffa636a5000 	C:\WINDOWS\System32\bcryptPrimitives.dll

VM Arguments:
jvm_args: -Dclassworlds.conf=E:\Programe\Maven\apache-maven-3.9.10\bin\m2.conf -Dmaven.home=E:\Programe\Maven\apache-maven-3.9.10 -Dlibrary.jansi.path=E:\Programe\Maven\apache-maven-3.9.10\lib\jansi-native -Dmaven.multiModuleProjectDirectory=E:\×ÜÎÄĽţĽĐ\Ç°¶Ë×÷Ć·ĽŻ\ÖÇÄÜĘµŃéĘŇÔ¤ÔĽÓëÉč±¸ąÜŔíĎµÍł\backend 
java_command: org.codehaus.plexus.classworlds.launcher.Launcher spring-boot:run
java_class_path (initial): E:\Programe\Maven\apache-maven-3.9.10\boot\plexus-classworlds-2.9.0.jar
Launcher Type: SUN_STANDARD

Environment Variables:
JAVA_HOME=C:\Users\l1816\JDK\jdk1.8
PATH=c:\Users\l1816\AppData\Local\Programs\cursor\resources\app\bin;C:\Program Files (x86)\Common Files\Oracle\Java\java8path;C:\Program Files (x86)\Common Files\Oracle\Java\javapath;c:\Users\l1816\AppData\Local\Programs\cursor\resources\app\bin;c:\Users\l1816\AppData\Local\Programs\cursor\resources\app\bin;C:\Program Files (x86)\VMware\VMware Workstation\bin\;C:\Windows\system32;C:\Windows;C:\Windows\System32\Wbem;C:\Windows\System32\WindowsPowerShell\v1.0\;C:\Windows\System32\OpenSSH\;C:\Program Files\Microsoft SQL Server\150\Tools\Binn\;C:\Program Files\dotnet\;C:\Program Files (x86)\Windows Kits\10\Windows Performance Toolkit\;C:\Âł´óĘ¦ĘĐłˇ\mingw64\bin;c:\U;ers\l1816\AppData\Local\Programs\cursor\resources\app\bin;C:\WINDOWS\system32;C:\WINDOWS;C:\WINDOWS\System32\Wbem;C:\WINDOWS\System32\WindowsPowerShell\v1.0\;C:\WINDOWS\System32\OpenSSH\;C:\Program File;C:\MySQL\MySQL Server 8.0\bin;C:\Program Files\Git\cmd;C:\Program Files (x86)\Tencent\Î˘ĐĹwebżŞ·˘Őßą¤ľß\dll;C:\Users\l1816\NVM\nvm;C:\Program Files\nodejs;C:\Program Files\nodejs\;C:\Python27;C:\Python27\Scripts;C:\Program Files\nodejs;C:\Program Files\AskLink;E:\programe\oracle\dbhomexe\bin;E:\Programe\Maven\apache-maven-3.9.10\bin;C:\strawberry\c\bin;C:\strawberry\perl\bin;E:\Programe\loadrunner12\loadrunner12\strawberry-perl\perl\bin;E:\Programe\Cursor\cursor\resources\app\bin;e:\Programe\Trae\Trae CN\bin;C:\MySQL\MySQL Shell 8.0\bin\;C:\Users\l1816\AppData\Local\Microsoft\WindowsApps;C:\Users\l1816\.dotnet\tools;C:\Users\l1816\AppData\Local\Programs\Microsoft VS Code\bin;C:\Program Files\JetBrains\PyCharm Community Edition 2023.3.4\bin;;C:\Users\l1816\NVM\nvm;C:\Program Files\nodejs;E:\Programe\IDEA\IntelliJ IDEA 2025.2.4\bin;E:\Programe\windsurf\Windsurf\bin
USERNAME=l1816
OS=Windows_NT
PROCESSOR_IDENTIFIER=Intel64 Family 6 Model 154 Stepping 3, GenuineIntel



---------------  S Y S T E M  ---------------

OS: Windows 11 , 64 bit Build 26100 (10.0.26100.7019)

CPU:total 20 (initial active 20) (10 cores per cpu, 2 threads per core) family 6 model 154 stepping 3, cmov, cx8, fxsr, mmx, sse, sse2, sse3, ssse3, sse4.1, sse4.2, popcnt, avx, avx2, aes, clmul, erms, 3dnowpref, lzcnt, ht, tsc, tscinvbit, bmi1, bmi2, adx

Memory: 4k page, physical 16467832k(4297064k free), swap 20399860k(956k free)

vm_info: Java HotSpot(TM) 64-Bit Server VM (25.451-b10) for windows-amd64 JRE (1.8.0_451-b10), built on Apr  5 2025 03:18:54 by "java_re" with MS VC++ 17.6 (VS2022)

time: Wed Dec 24 19:12:41 2025
timezone: Intel64 Family 6 Model 154 Stepping 3, GenuineIntel
elapsed time: 9.507637 seconds (0d 0h 0m 9s)

